"../../../../../Documents/Unreal Projects/Woodlands/Content/CamShaker.uasset" 0
"../../../../../Documents/Unreal Projects/Woodlands/Content/EndCamShake.uasset" 1
"../../../../../Documents/Unreal Projects/Woodlands/Content/AnimationAssets/Sprites/Textures/Bear/AssSide/Armature_animtion0_00.uasset" 2
"../../../../../Documents/Unreal Projects/Woodlands/Content/AnimationAssets/Sprites/Textures/Bear/AssSide/Armature_animtion0_01.uasset" 3
"../../../../../Documents/Unreal Projects/Woodlands/Content/AnimationAssets/Sprites/Textures/Bear/AssSide/Armature_animtion0_02.uasset" 4
"../../../../../Documents/Unreal Projects/Woodlands/Content/AnimationAssets/Sprites/Textures/Bear/AssSide/Armature_animtion0_03.uasset" 5
"../../../../../Documents/Unreal Projects/Woodlands/Content/AnimationAssets/Sprites/Textures/Bear/AssSide/Armature_animtion0_04.uasset" 6
"../../../../../Documents/Unreal Projects/Woodlands/Content/AnimationAssets/Sprites/Textures/Bear/AssSide/Armature_animtion0_05.uasset" 7
"../../../../../Documents/Unreal Projects/Woodlands/Content/AnimationAssets/Sprites/Textures/Bear/AssSide/Armature_animtion0_06.uasset" 8
"../../../../../Documents/Unreal Projects/Woodlands/Content/AnimationAssets/Sprites/Textures/Bear/AssSide/Armature_animtion0_07.uasset" 9
"../../../../../Documents/Unreal Projects/Woodlands/Content/AnimationAssets/Sprites/Textures/Bear/AssSide/Armature_animtion0_08.uasset" 10
"../../../../../Documents/Unreal Projects/Woodlands/Content/AnimationAssets/Sprites/Textures/Bear/AssSide/Armature_animtion0_09.uasset" 11
"../../../../../Documents/Unreal Projects/Woodlands/Content/AnimationAssets/Sprites/Textures/Bear/AssSide/Armature_animtion0_10.uasset" 12
"../../../../../Documents/Unreal Projects/Woodlands/Content/AnimationAssets/Sprites/Textures/Bear/AssSide/Armature_animtion0_11.uasset" 13
"../../../../../Documents/Unreal Projects/Woodlands/Content/AnimationAssets/Sprites/Textures/Bear/AssSide/Armature_animtion0_12.uasset" 14
"../../../../../Documents/Unreal Projects/Woodlands/Content/AnimationAssets/Sprites/Textures/Bear/AssSide/Armature_animtion0_13.uasset" 15
"../../../../../Documents/Unreal Projects/Woodlands/Content/AnimationAssets/Sprites/Textures/Bear/AssSide/Armature_animtion0_14.uasset" 16
"../../../../../Documents/Unreal Projects/Woodlands/Content/AnimationAssets/Sprites/Textures/Bear/AssSide/Armature_animtion0_15.uasset" 17
"../../../../../Documents/Unreal Projects/Woodlands/Content/AnimationAssets/Sprites/Textures/Bear/AssSide/Armature_animtion0_16.uasset" 18
"../../../../../Documents/Unreal Projects/Woodlands/Content/AnimationAssets/Sprites/Textures/Bear/AssSide/Armature_animtion0_17.uasset" 19
"../../../../../Documents/Unreal Projects/Woodlands/Content/AnimationAssets/Sprites/Textures/Bear/AssSide/Armature_animtion0_18.uasset" 20
"../../../../../Documents/Unreal Projects/Woodlands/Content/AnimationAssets/Sprites/Textures/Bear/AssSide/Armature_animtion0_19.uasset" 21
"../../../../../Documents/Unreal Projects/Woodlands/Content/AnimationAssets/Sprites/Textures/Bear/AssSide/Armature_animtion0_20.uasset" 22
"../../../../../Documents/Unreal Projects/Woodlands/Content/AnimationAssets/Sprites/Textures/Bear/AssSide/Armature_animtion0_21.uasset" 23
"../../../../../Documents/Unreal Projects/Woodlands/Content/AnimationAssets/Sprites/Textures/Bear/AssSide/Armature_animtion0_22.uasset" 24
"../../../../../Documents/Unreal Projects/Woodlands/Content/AnimationAssets/Sprites/Textures/Bear/AssSide/Armature_animtion0_23.uasset" 25
"../../../../../Documents/Unreal Projects/Woodlands/Content/AnimationAssets/Sprites/Textures/Bear/AssSide/Armature_animtion0_24.uasset" 26
"../../../../../Documents/Unreal Projects/Woodlands/Content/AnimationAssets/Sprites/Textures/Bear/LeftSide/left_00.uasset" 27
"../../../../../Documents/Unreal Projects/Woodlands/Content/AnimationAssets/Sprites/Textures/Bear/LeftSide/left_01.uasset" 28
"../../../../../Documents/Unreal Projects/Woodlands/Content/AnimationAssets/Sprites/Textures/Bear/LeftSide/left_02.uasset" 29
"../../../../../Documents/Unreal Projects/Woodlands/Content/AnimationAssets/Sprites/Textures/Bear/LeftSide/left_03.uasset" 30
"../../../../../Documents/Unreal Projects/Woodlands/Content/AnimationAssets/Sprites/Textures/Bear/LeftSide/left_04.uasset" 31
"../../../../../Documents/Unreal Projects/Woodlands/Content/AnimationAssets/Sprites/Textures/Bear/LeftSide/left_05.uasset" 32
"../../../../../Documents/Unreal Projects/Woodlands/Content/AnimationAssets/Sprites/Textures/Bear/LeftSide/left_06.uasset" 33
"../../../../../Documents/Unreal Projects/Woodlands/Content/AnimationAssets/Sprites/Textures/Bear/LeftSide/left_07.uasset" 34
"../../../../../Documents/Unreal Projects/Woodlands/Content/AnimationAssets/Sprites/Textures/Bear/LeftSide/left_08.uasset" 35
"../../../../../Documents/Unreal Projects/Woodlands/Content/AnimationAssets/Sprites/Textures/Bear/LeftSide/left_09.uasset" 36
"../../../../../Documents/Unreal Projects/Woodlands/Content/AnimationAssets/Sprites/Textures/Bear/LeftSide/left_10.uasset" 37
"../../../../../Documents/Unreal Projects/Woodlands/Content/AnimationAssets/Sprites/Textures/Bear/LeftSide/left_11.uasset" 38
"../../../../../Documents/Unreal Projects/Woodlands/Content/AnimationAssets/Sprites/Textures/Bear/LeftSide/left_12.uasset" 39
"../../../../../Documents/Unreal Projects/Woodlands/Content/AnimationAssets/Sprites/Textures/Bear/LeftSide/left_13.uasset" 40
"../../../../../Documents/Unreal Projects/Woodlands/Content/AnimationAssets/Sprites/Textures/Bear/LeftSide/left_14.uasset" 41
"../../../../../Documents/Unreal Projects/Woodlands/Content/AnimationAssets/Sprites/Textures/Bear/LeftSide/left_15.uasset" 42
"../../../../../Documents/Unreal Projects/Woodlands/Content/AnimationAssets/Sprites/Textures/Bear/LeftSide/left_16.uasset" 43
"../../../../../Documents/Unreal Projects/Woodlands/Content/AnimationAssets/Sprites/Textures/Bear/LeftSide/left_17.uasset" 44
"../../../../../Documents/Unreal Projects/Woodlands/Content/AnimationAssets/Sprites/Textures/Bear/LeftSide/left_18.uasset" 45
"../../../../../Documents/Unreal Projects/Woodlands/Content/AnimationAssets/Sprites/Textures/Bear/LeftSide/left_19.uasset" 46
"../../../../../Documents/Unreal Projects/Woodlands/Content/AnimationAssets/Sprites/Textures/Bear/LeftSide/left_20.uasset" 47
"../../../../../Documents/Unreal Projects/Woodlands/Content/AnimationAssets/Sprites/Textures/Bear/LeftSide/left_21.uasset" 48
"../../../../../Documents/Unreal Projects/Woodlands/Content/AnimationAssets/Sprites/Textures/Bear/LeftSide/left_22.uasset" 49
"../../../../../Documents/Unreal Projects/Woodlands/Content/AnimationAssets/Sprites/Textures/Bear/LeftSide/left_23.uasset" 50
"../../../../../Documents/Unreal Projects/Woodlands/Content/AnimationAssets/Sprites/Textures/Bear/LeftSide/left_24.uasset" 51
"../../../../../Documents/Unreal Projects/Woodlands/Content/AnimationAssets/Sprites/Textures/Bear/RightSide/Armature_bearside_00.uasset" 52
"../../../../../Documents/Unreal Projects/Woodlands/Content/AnimationAssets/Sprites/Textures/Bear/RightSide/Armature_bearside_01.uasset" 53
"../../../../../Documents/Unreal Projects/Woodlands/Content/AnimationAssets/Sprites/Textures/Bear/RightSide/Armature_bearside_02.uasset" 54
"../../../../../Documents/Unreal Projects/Woodlands/Content/AnimationAssets/Sprites/Textures/Bear/RightSide/Armature_bearside_03.uasset" 55
"../../../../../Documents/Unreal Projects/Woodlands/Content/AnimationAssets/Sprites/Textures/Bear/RightSide/Armature_bearside_04.uasset" 56
"../../../../../Documents/Unreal Projects/Woodlands/Content/AnimationAssets/Sprites/Textures/Bear/RightSide/Armature_bearside_05.uasset" 57
"../../../../../Documents/Unreal Projects/Woodlands/Content/AnimationAssets/Sprites/Textures/Bear/RightSide/Armature_bearside_06.uasset" 58
"../../../../../Documents/Unreal Projects/Woodlands/Content/AnimationAssets/Sprites/Textures/Bear/RightSide/Armature_bearside_07.uasset" 59
"../../../../../Documents/Unreal Projects/Woodlands/Content/AnimationAssets/Sprites/Textures/Bear/RightSide/Armature_bearside_08.uasset" 60
"../../../../../Documents/Unreal Projects/Woodlands/Content/AnimationAssets/Sprites/Textures/Bear/RightSide/Armature_bearside_09.uasset" 61
"../../../../../Documents/Unreal Projects/Woodlands/Content/AnimationAssets/Sprites/Textures/Bear/RightSide/Armature_bearside_10.uasset" 62
"../../../../../Documents/Unreal Projects/Woodlands/Content/AnimationAssets/Sprites/Textures/Bear/RightSide/Armature_bearside_11.uasset" 63
"../../../../../Documents/Unreal Projects/Woodlands/Content/AnimationAssets/Sprites/Textures/Bear/RightSide/Armature_bearside_12.uasset" 64
"../../../../../Documents/Unreal Projects/Woodlands/Content/AnimationAssets/Sprites/Textures/Bear/RightSide/Armature_bearside_13.uasset" 65
"../../../../../Documents/Unreal Projects/Woodlands/Content/AnimationAssets/Sprites/Textures/Bear/RightSide/Armature_bearside_14.uasset" 66
"../../../../../Documents/Unreal Projects/Woodlands/Content/AnimationAssets/Sprites/Textures/Bear/RightSide/Armature_bearside_15.uasset" 67
"../../../../../Documents/Unreal Projects/Woodlands/Content/AnimationAssets/Sprites/Textures/Bear/RightSide/Armature_bearside_16.uasset" 68
"../../../../../Documents/Unreal Projects/Woodlands/Content/AnimationAssets/Sprites/Textures/Bear/RightSide/Armature_bearside_17.uasset" 69
"../../../../../Documents/Unreal Projects/Woodlands/Content/AnimationAssets/Sprites/Textures/Bear/RightSide/Armature_bearside_18.uasset" 70
"../../../../../Documents/Unreal Projects/Woodlands/Content/AnimationAssets/Sprites/Textures/Bear/RightSide/Armature_bearside_19.uasset" 71
"../../../../../Documents/Unreal Projects/Woodlands/Content/AnimationAssets/Sprites/Textures/Bear/RightSide/Armature_bearside_20.uasset" 72
"../../../../../Documents/Unreal Projects/Woodlands/Content/AnimationAssets/Sprites/Textures/Bear/RightSide/Armature_bearside_21.uasset" 73
"../../../../../Documents/Unreal Projects/Woodlands/Content/AnimationAssets/Sprites/Textures/Bear/RightSide/Armature_bearside_22.uasset" 74
"../../../../../Documents/Unreal Projects/Woodlands/Content/AnimationAssets/Sprites/Textures/Bear/RightSide/Armature_bearside_23.uasset" 75
"../../../../../Documents/Unreal Projects/Woodlands/Content/AnimationAssets/Sprites/Textures/Bear/RightSide/Armature_bearside_24.uasset" 76
"../../../../../Documents/Unreal Projects/Woodlands/Content/Blueprints/Prefab.uasset" 77
"../../../../../Documents/Unreal Projects/Woodlands/Content/Cinematics/MainMenu/FirstSequence.uasset" 78
"../../../../../Documents/Unreal Projects/Woodlands/Content/Materials/Nature/flower-red.uasset" 79
"../../../../../Documents/Unreal Projects/Woodlands/Content/Materials/Nature/grass-cuttig2.uasset" 80
"../../../../../Documents/Unreal Projects/Woodlands/Content/Geometry/Foilage/Bushes/Meshes/flower01.uasset" 81
"../../../../../Documents/Unreal Projects/Woodlands/Content/Materials/Nature/ANIMAL-WHITE.uasset" 82
"../../../../../Documents/Unreal Projects/Woodlands/Content/Materials/Nature/GRASS_02.uasset" 83
"../../../../../Documents/Unreal Projects/Woodlands/Content/Geometry/Foilage/Bushes/Meshes/flower03.uasset" 84
"../../../Engine/Content/Functions/Engine_MaterialFunctions02/Math/TimeWithSpeedVariable.uasset" 85
"../../../Engine/Content/Functions/Engine_MaterialFunctions02/Lerp_Multiple_Float2.uasset" 86
"../../../Engine/Content/Functions/Engine_MaterialFunctions02/ms_PivotPainter2_UnpackIntegerAsFloat.uasset" 87
"../../../Engine/Content/Functions/Engine_MaterialFunctions02/Utility/BreakOutFloat2Components.uasset" 88
"../../../Engine/Content/Functions/Engine_MaterialFunctions02/PivotPainter2/ms_PivotPainter2_CalculateMeshElementIndex.uasset" 89
"../../../Engine/Content/Functions/Engine_MaterialFunctions02/Utility/MakeFloat2.uasset" 90
"../../../Engine/Content/Functions/Engine_MaterialFunctions02/PivotPainter2/2dArrayLookupByIndex.uasset" 91
"../../../Engine/Content/Functions/Engine_MaterialFunctions02/PivotPainter2/ms_PivotPainter2_ReturnParentTextureInfo.uasset" 92
"../../../Engine/Content/Functions/Engine_MaterialFunctions02/WorldPositionOffset/ObjectPivotPoint.uasset" 93
"../../../Engine/Content/Functions/Engine_MaterialFunctions02/Utility/VectorLength.uasset" 94
"../../../Engine/Content/Functions/Engine_MaterialFunctions02/WorldPositionOffset/ObjectScale.uasset" 95
"../../../Engine/Content/Functions/Engine_MaterialFunctions02/PivotPainter2/ms_PivotPainter2_DecodeAxisVector.uasset" 96
"../../../Engine/Content/Functions/Engine_MaterialFunctions02/PivotPainter2/ms_PivotPainter2_DecodePostion.uasset" 97
"../../../Engine/Content/Functions/Engine_MaterialFunctions02/ExampleContent/PivotPainter2/PP2_rgb_XVect_a_XExtent.uasset" 98
"../../../Engine/Content/Functions/Engine_MaterialFunctions02/ExampleContent/PivotPainter2/SimpExPivPos.uasset" 99
"../../../../../Documents/Unreal Projects/Woodlands/Content/Geometry/Foilage/Grass/Materials/MaterialFunctions/PN_Bending.uasset" 100
"../../../../../Documents/Unreal Projects/Woodlands/Content/Geometry/Foilage/Grass/Materials/MaterialFunctions/PN_MultiBend.uasset" 101
"../../../Engine/Content/Functions/Engine_MaterialFunctions02/PivotPainter2/ms_PivotPainter2_Decode8BitAlphaAxisExtent.uasset" 102
"../../../../../Documents/Unreal Projects/Woodlands/Content/Geometry/Foilage/Grass/Materials/PN_WindParameters.uasset" 103
"../../../Engine/Content/Functions/Engine_MaterialFunctions02/ExampleContent/PivotPainter2/test2_rgb_PivotPos_a_ParentIndexInt_UV_2.uasset" 104
"../../../Engine/Content/Functions/Engine_MaterialFunctions02/ExampleContent/Textures/WindTurblenceVectorAndGustMagnitude.uasset" 105
"../../../../../Documents/Unreal Projects/Woodlands/Content/Geometry/Foilage/Grass/Materials/MaterialFunctions/PN_WindAnimation.uasset" 106
"../../../../../Documents/Unreal Projects/Woodlands/Content/Geometry/Foilage/Grass/Materials/MaterialFunctions/PN_BendingParameters.uasset" 107
"../../../../../Documents/Unreal Projects/Woodlands/Content/Geometry/Foilage/Grass/Materials/MaterialFunctions/PN_AnimationShader.uasset" 108
"../../../../../Documents/Unreal Projects/Woodlands/Content/Geometry/Foilage/Grass/Materials/MA_lowpolyGrass.uasset" 109
"../../../../../Documents/Unreal Projects/Woodlands/Content/Geometry/Foilage/Grass/Textures/Grass_05/grass_05_brush_05_PIV.uasset" 110
"../../../../../Documents/Unreal Projects/Woodlands/Content/Geometry/Foilage/Grass/Textures/Grass_05/grass_05_brush_05_Vec.uasset" 111
"../../../../../Documents/Unreal Projects/Woodlands/Content/Geometry/Foilage/Trees/Materials/treesWavy.uasset" 112
"../../../../../Documents/Unreal Projects/Woodlands/Content/Geometry/Foilage/Bushes/Meshes/shrub01.uasset" 113
"../../../../../Documents/Unreal Projects/Woodlands/Content/Geometry/Foilage/Bushes/Meshes/shrub02.uasset" 114
"../../../../../Documents/Unreal Projects/Woodlands/Content/Geometry/Foilage/Bushes/Meshes/shrub_01.uasset" 115
"../../../../../Documents/Unreal Projects/Woodlands/Content/Geometry/Foilage/Grass/ContentExamples/colorExamples/brightBrown_Mat.uasset" 116
"../../../../../Documents/Unreal Projects/Woodlands/Content/Geometry/Foilage/Grass/ContentExamples/colorExamples/brightBrown_Mesh.uasset" 117
"../../../../../Documents/Unreal Projects/Woodlands/Content/Geometry/Foilage/Grass/ContentExamples/colorExamples/brightGreen_Mat.uasset" 118
"../../../../../Documents/Unreal Projects/Woodlands/Content/Geometry/Foilage/Grass/ContentExamples/colorExamples/brightGreen_Mesh.uasset" 119
"../../../../../Documents/Unreal Projects/Woodlands/Content/Geometry/Foilage/Grass/ContentExamples/colorExamples/darkBrown_Mat.uasset" 120
"../../../../../Documents/Unreal Projects/Woodlands/Content/Geometry/Foilage/Grass/ContentExamples/colorExamples/darkBrown_Mesh.uasset" 121
"../../../../../Documents/Unreal Projects/Woodlands/Content/Geometry/Foilage/Grass/ContentExamples/colorExamples/darkGreen_Mat.uasset" 122
"../../../../../Documents/Unreal Projects/Woodlands/Content/Geometry/Foilage/Grass/ContentExamples/colorExamples/darkGreen_Mesh.uasset" 123
"../../../../../Documents/Unreal Projects/Woodlands/Content/Geometry/Foilage/Grass/Textures/Grass_01/Grass_01_Brush_01_PIV.uasset" 124
"../../../../../Documents/Unreal Projects/Woodlands/Content/Geometry/Foilage/Grass/Textures/Grass_01/Grass_01_Brush_01_Vec.uasset" 125
"../../../../../Documents/Unreal Projects/Woodlands/Content/Geometry/Foilage/Grass/Materials/Grass_01/Grass_01_Brush_01_Mat.uasset" 126
"../../../../../Documents/Unreal Projects/Woodlands/Content/Geometry/Foilage/Grass/Meshes/Grass_01/grass_01_Brush_01.uasset" 127
"../../../../../Documents/Unreal Projects/Woodlands/Content/Geometry/Foilage/Grass/Textures/Grass_01/Grass_01_Brush_02_PIV.uasset" 128
"../../../../../Documents/Unreal Projects/Woodlands/Content/Geometry/Foilage/Grass/Textures/Grass_01/Grass_01_Brush_02_Vec.uasset" 129
"../../../../../Documents/Unreal Projects/Woodlands/Content/Geometry/Foilage/Grass/Materials/Grass_01/Grass_01_Brush_02_Mat.uasset" 130
"../../../../../Documents/Unreal Projects/Woodlands/Content/Geometry/Foilage/Grass/Meshes/Grass_01/grass_01_Brush_02.uasset" 131
"../../../../../Documents/Unreal Projects/Woodlands/Content/Geometry/Foilage/Grass/Textures/Grass_01/Grass_01_Brush_06_PIV.uasset" 132
"../../../../../Documents/Unreal Projects/Woodlands/Content/Geometry/Foilage/Grass/Textures/Grass_01/Grass_01_Brush_06_Vec.uasset" 133
"../../../../../Documents/Unreal Projects/Woodlands/Content/Geometry/Foilage/Grass/Materials/Grass_01/Grass_01_Brush_06_Mat.uasset" 134
"../../../../../Documents/Unreal Projects/Woodlands/Content/Geometry/Foilage/Grass/Meshes/Grass_01/grass_01_Brush_06.uasset" 135
"../../../../../Documents/Unreal Projects/Woodlands/Content/Geometry/Foilage/Rocks/Prefab2.uasset" 136
"../../../../../Documents/Unreal Projects/Woodlands/Content/Materials/Nature/WOOD-TREE.uasset" 137
"../../../../../Documents/Unreal Projects/Woodlands/Content/Geometry/Foilage/Trees/Meshes/tree01_tree_01.uasset" 138
"../../../../../Documents/Unreal Projects/Woodlands/Content/Geometry/Foilage/Trees/Meshes/tree02_tree02.uasset" 139
"../../../../../Documents/Unreal Projects/Woodlands/Content/Geometry/Foilage/Trees/Meshes/tree03_tree_03.uasset" 140
"../../../../../Documents/Unreal Projects/Woodlands/Content/Geometry/Foilage/Trees/Meshes/tree04_tree_04.uasset" 141
"../../../../../Documents/Unreal Projects/Woodlands/Content/Geometry/Meshes/Nature/Prefab.uasset" 142
"../../../../../Documents/Unreal Projects/Woodlands/Content/Geometry/Meshes/Nature/Prefab1.uasset" 143
"../../../../../Documents/Unreal Projects/Woodlands/Content/Materials/Nature/Prefab1.uasset" 144
"../../../../../Documents/Unreal Projects/Woodlands/Content/UI/OptionsMenu.uasset" 145
"../../../../../Documents/Unreal Projects/Woodlands/Content/UI/UI_Assets/LogoTransparentFixed.uasset" 146
"../../../../../Documents/Unreal Projects/Woodlands/Content/UI/UI_Assets/LSoP_Logo_Stacked_PNG_02.uasset" 147
"../../Plugins/2D/Paper2D/Content/PlaceholderTextures/DummySpriteTexture.uasset" 148
"../../Plugins/2D/Paper2D/Content/DefaultSpriteMaterial.uasset" 149
"../../Plugins/2D/Paper2D/Content/TranslucentUnlitSpriteMaterial.uasset" 150
"../../../../../Documents/Unreal Projects/Woodlands/Content/UI/UI_Assets/LSoP_Logo_Stacked_PNG_02_Sprite.uasset" 151
"../../../Engine/Content/Animation/DefaultAnimCurveCompressionSettings.uasset" 152
"../../../Engine/Content/Functions/Engine_MaterialFunctions01/Opacity/CameraDepthFade.uasset" 153
"../../../Engine/Content/EngineMaterials/T_Default_Material_Grid_M.uasset" 154
"../../../Engine/Content/EngineMaterials/T_Default_Material_Grid_N.uasset" 155
"../../../Engine/Content/EngineMaterials/WorldGridMaterial.uasset" 156
"../../../Engine/Content/ArtTools/RenderToTexture/Meshes/S_1_Unit_Plane.uasset" 157
"../../../Engine/Content/EditorLandscapeResources/DataLayer.uasset" 158
"../../../Engine/Content/EditorMaterials/MAT_Groups_Toggle.uasset" 159
"../../../Engine/Content/EditorMaterials/MAT_Groups_Visibility.uasset" 160
"../../../Engine/Content/EditorMaterials/PreviewShadowIndicator.uasset" 161
"../../../Engine/Content/EditorMaterials/PreviewShadowIndicatorMaterial.uasset" 162
"../../../Engine/Content/EditorMaterials/MatineeGroups/MAT_ColorTrack.uasset" 163
"../../../Engine/Content/EditorMaterials/MatineeGroups/MAT_Groups_Anim.uasset" 164
"../../../Engine/Content/EditorMaterials/MatineeGroups/MAT_Groups_AudioMaster.uasset" 165
"../../../Engine/Content/EditorMaterials/MatineeGroups/MAT_Groups_Director.uasset" 166
"../../../Engine/Content/EditorMaterials/MatineeGroups/MAT_Groups_Event.uasset" 167
"../../../Engine/Content/EditorMaterials/MatineeGroups/MAT_Groups_Fade.uasset" 168
"../../../Engine/Content/EditorMaterials/MatineeGroups/MAT_Groups_Float.uasset" 169
"../../../Engine/Content/EditorMaterials/MatineeGroups/MAT_Groups_Move.uasset" 170
"../../../Engine/Content/EditorMaterials/MatineeGroups/MAT_Groups_Slomo.uasset" 171
"../../../Engine/Content/EditorMaterials/MatineeGroups/MAT_Groups_Sound.uasset" 172
"../../../Engine/Content/EditorMaterials/MatineeGroups/MAT_Groups_Vector.uasset" 173
"../../../Engine/Content/EditorMaterials/ParticleSystems/PSysThumbnail_NoImage.uasset" 174
"../../../Engine/Content/EditorMaterials/ParticleSystems/PSysThumbnail_OOD.uasset" 175
"../../../Engine/Content/EditorMaterials/Camera/CineMat.uasset" 176
"../../../Engine/Content/EditorMaterials/Camera/MI_CineMat_Rig.uasset" 177
"../../../Engine/Content/EditorMeshes/Camera/SM_CraneRig_Arm.uasset" 178
"../../../Engine/Content/EditorMeshes/Camera/SM_CraneRig_Base.uasset" 179
"../../../Engine/Content/EditorMeshes/Camera/SM_CraneRig_Body.uasset" 180
"../../../Engine/Content/EditorMeshes/Camera/SM_CraneRig_Mount.uasset" 181
"../../../Engine/Content/EditorMeshes/Camera/SM_RailRig_Mount.uasset" 182
"../../../Engine/Content/EditorMeshes/Camera/SM_RailRig_Track.uasset" 183
"../../../Engine/Content/EditorResources/BSPVertex.uasset" 184
"../../../Engine/Content/EditorResources/EmptyActor.uasset" 185
"../../../Engine/Content/EditorResources/S_Actor.uasset" 186
"../../../Engine/Content/EditorResources/S_Note.uasset" 187
"../../../Engine/Content/EditorResources/S_Solver.uasset" 188
"../../../Engine/Content/EditorResources/S_Terrain.uasset" 189
"../../../Engine/Content/EditorResources/S_Trigger.uasset" 190
"../../../Engine/Content/EditorResources/LightIcons/S_LightError.uasset" 191
"../../../Engine/Content/EditorResources/SequenceRecorder/Countdown.uasset" 192
"../../../Engine/Content/EditorResources/SequenceRecorder/RecordingIndicator.uasset" 193
"../../../Engine/Content/EditorSounds/Notifications/CompileFailed.uasset" 194
"../../../Engine/Content/EditorSounds/Notifications/CompileFailed_Cue.uasset" 195
"../../../Engine/Content/EditorSounds/Notifications/CompileSuccess.uasset" 196
"../../../Engine/Content/EditorSounds/Notifications/CompileStart_Cue.uasset" 197
"../../../Engine/Content/EditorSounds/Notifications/CompileSuccess_Cue.uasset" 198
"../../../Engine/Content/EngineDamageTypes/DmgTypeBP_Environmental.uasset" 199
"../../../Engine/Content/EngineDebugMaterials/DebugEditorMaterial.uasset" 200
"../../../Engine/Content/EngineDebugMaterials/DebugMeshMaterial.uasset" 201
"../../../Engine/Content/EngineDebugMaterials/M_SimpleUnlitTranslucent.uasset" 202
"../../../Engine/Content/Functions/Engine_MaterialFunctions02/Utility/CameraDirectionVector.uasset" 203
"../../../Engine/Content/EngineDebugMaterials/VolumeToRender.uasset" 204
"../../../Engine/Content/EngineDebugMaterials/M_VolumeRenderSphereTracePP.uasset" 205
"../../../Engine/Content/EngineDebugMaterials/WireframeMaterial.uasset" 206
"../../../Engine/Content/EngineFonts/Faces/DroidSansFallback.uasset" 207
"../../../Engine/Content/EngineFonts/Faces/RobotoBold.uasset" 208
"../../../Engine/Content/EngineFonts/Faces/RobotoBoldItalic.uasset" 209
"../../../Engine/Content/EngineFonts/Faces/RobotoItalic.uasset" 210
"../../../Engine/Content/EngineFonts/Faces/RobotoLight.uasset" 211
"../../../Engine/Content/EngineFonts/Faces/RobotoRegular.uasset" 212
"../../../Engine/Content/EngineFonts/Roboto.uasset" 213
"../../../Engine/Content/EngineMaterials/BaseFlattenDiffuseMap.uasset" 214
"../../../Engine/Content/EngineMaterials/BaseFlattenEmissiveMap.uasset" 215
"../../../Engine/Content/EngineMaterials/BaseFlattenGrayscaleMap.uasset" 216
"../../../Engine/Content/EngineMaterials/BaseFlattenNormalMap.uasset" 217
"../../../Engine/Content/EngineMaterials/BaseFlattenMaterial.uasset" 218
"../../../Engine/Content/EngineMaterials/BlueNoise.uasset" 219
"../../../Engine/Content/EngineMaterials/DefaultBloomKernel.uasset" 220
"../../../Engine/Content/EngineMaterials/DefaultBokeh.uasset" 221
"../../../Engine/Content/EngineMaterials/DefaultDiffuse.uasset" 222
"../../../Engine/Content/EngineMaterials/DefaultDeferredDecalMaterial.uasset" 223
"../../../Engine/Content/EngineMaterials/DefaultLightFunctionMaterial.uasset" 224
"../../../Engine/Content/EngineMaterials/DefaultPhysicalMaterial.uasset" 225
"../../../Engine/Content/EngineMaterials/DefaultPostProcessMaterial.uasset" 226
"../../../Engine/Content/EngineFonts/RobotoDistanceField.uasset" 227
"../../../Engine/Content/EngineMaterials/DefaultTextMaterialOpaque.uasset" 228
"../../../Engine/Content/EngineMaterials/DefaultWhiteGrid_Low.uasset" 229
"../../../Engine/Content/EngineMaterials/EmissiveMeshMaterial.uasset" 230
"../../../Engine/Content/EngineMaterials/GizmoMaterial.uasset" 231
"../../../Engine/Content/EngineMaterials/MiniFont.uasset" 232
"../../../Engine/Content/EngineMaterials/InvalidLightmapSettings.uasset" 233
"../../../Engine/Content/EngineMaterials/M_InvalidLightmapSettings.uasset" 234
"../../../Engine/Content/Functions/Engine_MaterialFunctions02/WorldPositionOffset/CameraOffset.uasset" 235
"../../../Engine/Content/EngineMaterials/PhAT_JointLimitMaterial.uasset" 236
"../../../Engine/Content/EngineMaterials/PreintegratedSkinBRDF.uasset" 237
"../../../Engine/Content/EngineMaterials/RemoveSurfaceMaterial.uasset" 238
"../../../Engine/Content/EngineResources/WhiteSquareTexture.uasset" 239
"../../../Engine/Content/EngineMaterials/Widget3DPassThrough.uasset" 240
"../../../Engine/Content/EngineMaterials/Widget3DPassThrough_Masked.uasset" 241
"../../../Engine/Content/EngineMaterials/Widget3DPassThrough_Opaque.uasset" 242
"../../../Engine/Content/EngineMaterials/Widget3DPassThrough_Masked_OneSided.uasset" 243
"../../../Engine/Content/EngineMaterials/Widget3DPassThrough_Opaque_OneSided.uasset" 244
"../../../Engine/Content/EngineMaterials/Widget3DPassThrough_Translucent.uasset" 245
"../../../Engine/Content/EngineMaterials/Widget3DPassThrough_Translucent_OneSided.uasset" 246
"../../../Engine/Content/EngineMaterials/DefaultMaterial.uasset" 247
"../../../Engine/Content/EngineMeshes/Cylinder.uasset" 248
"../../../Engine/Content/EngineMeshes/Sphere.uasset" 249
"../../../Engine/Content/EngineResources/Black.uasset" 250
"../../../Engine/Content/EngineResources/DefaultTexture.uasset" 251
"../../../Engine/Content/EngineResources/DefaultTextureCube.uasset" 252
"../../../Engine/Content/EngineResources/DefaultVolumeTexture2D.uasset" 253
"../../../Engine/Content/EngineResources/DefaultVolumeTexture.uasset" 254
"../../../Engine/Content/EngineResources/GradientTexture0.uasset" 255
"../../../Engine/Content/EngineSounds/Master.uasset" 256
"../../../Engine/Content/Functions/Engine_MaterialFunctions01/Shading/ConvertFromDiffSpec.uasset" 257
"../../../Engine/Content/Functions/Engine_MaterialFunctions01/Shading/PowerToRoughness.uasset" 258
"../../../Engine/Content/Maps/Templates/Thumbnails/Default.uasset" 259
"../../../Engine/Content/Maps/Templates/Thumbnails/TimeOfDay.uasset" 260
"../../../Engine/Content/Maps/Templates/Thumbnails/VR-Basic.uasset" 261
"../../../Engine/Content/MobileResources/T_MobileControls_texture.uasset" 262
"../../../Engine/Content/MobileResources/T_MobileMenu2.uasset" 263
"../../../Engine/Content/MobileResources/HUD/AnalogHat.uasset" 264
"../../../Engine/Content/MobileResources/HUD/VirtualJoystick_Background.uasset" 265
"../../../Engine/Content/MobileResources/HUD/VirtualJoystick_Thumb.uasset" 266
"../../../Engine/Content/MobileResources/HUD/DefaultVirtualJoysticks.uasset" 267
"../../../Engine/Content/MobileResources/HUD/LeftVirtualJoystickOnly.uasset" 268
"../../../Engine/Content/MobileResources/HUD/MobileHUDButton1_off.uasset" 269
"../../../Engine/Content/MobileResources/HUD/MobileHUDButton1_on.uasset" 270
"../../../Engine/Content/MobileResources/HUD/MobileHUDButton2_off.uasset" 271
"../../../Engine/Content/MobileResources/HUD/MobileHUDButton2_on.uasset" 272
"../../../Engine/Content/MobileResources/HUD/MobileHUDButton3.uasset" 273
"../../../Engine/Content/MobileResources/HUD/MobileHUDButtonFire.uasset" 274
"../../../Engine/Content/MobileResources/HUD/MobileHUDDirectionPad.uasset" 275
"../../../Engine/Content/MobileResources/HUD/MobileHUDDirectionPad2.uasset" 276
"../../../Engine/Content/MobileResources/HUD/MobileHUDDirectionPad3.uasset" 277
"../../../Engine/Content/MobileResources/HUD/MobileHUDDirectionStick.uasset" 278
"../../../Engine/Content/MobileResources/HUD/T_Castle_ThumbstickInner.uasset" 279
"../../../Engine/Content/MobileResources/HUD/T_Castle_ThumbstickOutter.uasset" 280
"../../../Engine/Content/Tutorial/ContentIntroCurve.uasset" 281
"../../../Engine/Content/Tutorial/Basics/LevelEditorAttract.uasset" 282
"../../../Engine/Content/VREditor/LaserPointer/VR_LaserPower_01.uasset" 283
"../../../Engine/Content/VREditor/TransformGizmo/TransformGizmoMaterial.uasset" 284
"../../../Engine/Content/VREditor/TransformGizmo/TranslucentTransformGizmoMaterial.uasset" 285
"../../../Engine/Content/VREditor/TransformGizmo/BoundingBoxCorner.uasset" 286
"../../../Engine/Content/VREditor/TransformGizmo/BoundingBoxEdge.uasset" 287
"../../../Engine/Content/VREditor/TransformGizmo/PlaneTranslationHandle.uasset" 288
"../../../Engine/Content/VREditor/TransformGizmo/Main.uasset" 289
"../../../Engine/Content/VREditor/TransformGizmo/Xray.uasset" 290
"../../../Engine/Content/VREditor/TransformGizmo/SM_Sequencer_Key.uasset" 291
"../../../Engine/Content/VREditor/TransformGizmo/SM_Sequencer_Node.uasset" 292
"../../Plugins/2D/Paper2D/Content/DummySprite.uasset" 293
"../../Plugins/2D/Paper2D/Content/DefaultPaperTerrainMaterial.uasset" 294
"../../Plugins/2D/Paper2D/Content/MaskedUnlitSpriteMaterial.uasset" 295
"../../Plugins/2D/Paper2D/Content/OpaqueUnlitSpriteMaterial.uasset" 296
"../../Plugins/FX/Niagara/Content/Enums/ENiagaraBooleanLogicOps.uasset" 297
"../../Plugins/FX/Niagara/Content/Enums/ENiagaraOrientationAxis.uasset" 298
"../../../Engine/Content/Functions/Engine_MaterialFunctions02/Utility/BreakOutFloat4Components.uasset" 299
"../../../Engine/Content/Functions/Engine_MaterialFunctions02/Utility/MakeFloat3.uasset" 300
"../../Plugins/Runtime/Oculus/OculusVR/Content/Materials/OculusMR_ChromaKey.uasset" 301
"../../Plugins/Runtime/Oculus/OculusVR/Content/Materials/OculusMR_ChromaKey_Lit.uasset" 302
"../../Plugins/Runtime/Oculus/OculusVR/Content/Materials/OculusMR_OpaqueColoredMaterial.uasset" 303
"../../Plugins/Runtime/Oculus/OculusVR/Content/Materials/OculusMR_WhiteMaterial.uasset" 304
"../../../../../Documents/Unreal Projects/Woodlands/Plugins/VoxelFree/Content/Examples/VoxelDefaultBrushMask.uasset" 305
"../../../../../Documents/Unreal Projects/Woodlands/Plugins/VoxelFree/Content/Examples/Importers/Chair/VoxelExample_T_Chair_M.uasset" 306
"../../../../../Documents/Unreal Projects/Woodlands/Plugins/VoxelFree/Content/Examples/Importers/Chair/VoxelExample_T_Chair_N.uasset" 307
"../../../../../Documents/Unreal Projects/Woodlands/Plugins/VoxelFree/Content/Examples/Importers/Chair/VoxelExample_M_Chair_Emissive_Color.uasset" 308
"../../../Engine/Content/Functions/Engine_MaterialFunctions02/Utility/MakeFloat4.uasset" 309
"../../../../../Documents/Unreal Projects/Woodlands/Plugins/VoxelFree/Content/Examples/Importers/Chair/VoxelExample_M_Chair_Emissive_UVs.uasset" 310
"../../../../../Documents/Unreal Projects/Woodlands/Plugins/VoxelFree/Content/Examples/Importers/Chair/VoxelExample_M_Chair.uasset" 311
"../../../../../Documents/Unreal Projects/Woodlands/Plugins/VoxelFree/Content/Examples/Importers/Chair/VoxelExample_SM_Chair.uasset" 312
"../../../Engine/Content/Functions/Engine_MaterialFunctions02/Texturing/ScreenAlignedPixelToPixelUVs.uasset" 313
"../../../Engine/Content/EngineMaterials/Good64x64TilingNoiseHighFreq.uasset" 314
"../../../Engine/Content/Functions/Engine_MaterialFunctions02/Utility/DitherTemporalAA.uasset" 315
"../../../../../Documents/Unreal Projects/Woodlands/Plugins/VoxelFree/Content/MaterialHelpers/VoxelOpacity.uasset" 316
"../../../../../Documents/Unreal Projects/Woodlands/Plugins/VoxelFree/Content/Examples/Materials/RGB/M_VoxelMaterial_Colors_Parameter.uasset" 317
"../../../../../Documents/Unreal Projects/Woodlands/Plugins/VoxelFree/Content/Preview/M_2DPreviewMaterial.uasset" 318
"../../../../../Documents/Unreal Projects/Woodlands/Plugins/VoxelFree/Content/Preview/C_GradientNoWater.uasset" 319
"../../../../../Documents/Unreal Projects/Woodlands/Plugins/VoxelFree/Content/Preview/C_GradientWater.uasset" 320
"../../../../../Documents/Unreal Projects/Woodlands/Plugins/VoxelFree/Content/Preview/CA_Gradient.uasset" 321
"../../../Engine/Content/Functions/Engine_MaterialFunctions01/Coordinates/1Dto2DIndex.uasset" 322
"../../../Engine/Content/Functions/Engine_MaterialFunctions02/Utility/BreakOutFloat3Components.uasset" 323
"../../../Engine/Content/Functions/Engine_MaterialFunctions01/Math/BoxIntersection.uasset" 324
"../../../Engine/Content/Functions/Engine_MaterialFunctions01/Volumetrics/BeersLaw.uasset" 325
"../../../Engine/Content/Functions/Engine_MaterialFunctions02/ExampleContent/Textures/SphereRenderHeightMap.uasset" 326
"../../../../../Documents/Unreal Projects/Woodlands/Plugins/VoxelFree/Content/Preview/VoxelRayMarchHeightMap.uasset" 327
"../../../../../Documents/Unreal Projects/Woodlands/Plugins/VoxelFree/Content/Preview/DefaultVoxelPreview.uasset" 328
"../../../../../Documents/Unreal Projects/Woodlands/Plugins/VoxelFree/Content/Preview/M_PreviewMaterial.uasset" 329
"../../../../../Documents/Unreal Projects/Woodlands/Plugins/VoxelFree/Content/Preview/SM_Plane.uasset" 330
"../../../../../Documents/Unreal Projects/Woodlands/Plugins/VoxelFree/Content/ToolMaterials/ToolMeshMaterial.uasset" 331
"../../../../../Documents/Unreal Projects/Woodlands/Plugins/VoxelFree/Content/ToolMaterials/ToolMeshMaterial_Level.uasset" 332
"../../../../../Documents/Unreal Projects/Woodlands/Plugins/VoxelFree/Content/ToolMaterials/ToolMeshMaterial_Mesh.uasset" 333
"../../../../../Documents/Unreal Projects/Woodlands/Plugins/VoxelFree/Content/ToolMaterials/ToolMeshMaterial_Sphere.uasset" 334
"../../../Engine/Content/Functions/Engine_MaterialFunctions01/Gradient/LinearGradient.uasset" 335
"../../../Engine/Content/Functions/Engine_MaterialFunctions01/ImageAdjustment/CheapContrast.uasset" 336
"../../../Engine/Content/Functions/Engine_MaterialFunctions02/SmoothStep.uasset" 337
"../../../../../Documents/Unreal Projects/Woodlands/Plugins/VoxelFree/Content/ToolMaterials/ToolRenderingMaterial.uasset" 338
"../../../../../Documents/Unreal Projects/Woodlands/Plugins/VoxelFree/Content/ToolMaterials/ToolRenderingMaterial_Flatten.uasset" 339
"../../../../../Documents/Unreal Projects/Woodlands/Plugins/VoxelFree/Content/ToolMaterials/ToolRenderingMaterial_Smooth.uasset" 340
"../../../../../Documents/Unreal Projects/Woodlands/Plugins/VoxelFree/Content/ToolMaterials/ToolRenderingMaterial_Sphere.uasset" 341
"../../../../../Documents/Unreal Projects/Woodlands/Plugins/VoxelFree/Content/ToolMaterials/ToolRenderingMaterial_Surface.uasset" 342
"../../../../../Documents/Unreal Projects/Woodlands/Plugins/VoxelFree/Content/ToolMaterials/ToolRenderingMaterial_Trim.uasset" 343
"../../../../../Documents/Unreal Projects/Woodlands/Plugins/VoxelFree/Content/MaterialHelpers/Voxel_LocalPosition.uasset" 344
"../../../../../Documents/Unreal Projects/Woodlands/Plugins/VoxelFree/Content/ToolMaterials/ViewportPlaneMaterial.uasset" 345
"../../../../../Documents/Unreal Projects/Woodlands/Content/Mechanicals/DummyBlueprint.uasset" 346
"../../../../../Documents/Unreal Projects/Woodlands/Content/Maps/MainMenu_BuiltData.uasset" 347
"../../../../../Documents/Unreal Projects/Woodlands/Content/Materials/Nature/GRASS_001.uasset" 348
"../../../../../Documents/Unreal Projects/Woodlands/Content/Materials/Nature/LEAVES-TREE_002.uasset" 349
"../../../../../Documents/Unreal Projects/Woodlands/Content/Materials/Technical/Invisible.uasset" 350
"../../../../../Documents/Unreal Projects/Woodlands/Content/Materials/World.uasset" 351
"../../../Engine/Content/BasicShapes/Cube.uasset" 352
"../../../Engine/Content/BasicShapes/Sphere.uasset" 353
"../../../../../Documents/Unreal Projects/Woodlands/Content/Materials/Nature/SNOW.uasset" 354
"../../../../../Documents/Unreal Projects/Woodlands/Content/Materials/Nature/STONE.uasset" 355
"../../../../../Documents/Unreal Projects/Woodlands/Content/Geometry/Foilage/Rocks/stone-snow01.uasset" 356
"../../../../../Documents/Unreal Projects/Woodlands/Content/Materials/Nature/STONE_002.uasset" 357
"../../../../../Documents/Unreal Projects/Woodlands/Content/Geometry/Foilage/Rocks/stone02.uasset" 358
"../../../../../Documents/Unreal Projects/Woodlands/Content/Geometry/Foilage/Rocks/stone04.uasset" 359
"../../../../../Documents/Unreal Projects/Woodlands/Content/Materials/Nature/WOOD-TREE2.uasset" 360
"../../../../../Documents/Unreal Projects/Woodlands/Content/Geometry/Meshes/Nature/fireplace02.uasset" 361
"../../../../../Documents/Unreal Projects/Woodlands/Content/Geometry/Meshes/Nature/log04.uasset" 362
"../../../../../Documents/Unreal Projects/Woodlands/Content/Geometry/Meshes/Nature/logs.uasset" 363
"../../../../../Documents/Unreal Projects/Woodlands/Content/Materials/Nature/ANIMAL-BROWN.uasset" 364
"../../../../../Documents/Unreal Projects/Woodlands/Content/Materials/Nature/CLOTH_GREY.uasset" 365
"../../../../../Documents/Unreal Projects/Woodlands/Content/Materials/Nature/GRASS.uasset" 366
"../../../../../Documents/Unreal Projects/Woodlands/Content/Geometry/Meshes/Nature/mountain01.uasset" 367
"../../../../../Documents/Unreal Projects/Woodlands/Content/Materials/Nature/MUSHROOM-RED.uasset" 368
"../../../../../Documents/Unreal Projects/Woodlands/Content/Materials/Nature/MUSHROOM-WHITE.uasset" 369
"../../../../../Documents/Unreal Projects/Woodlands/Content/Materials/Nature/MUSHROOM-YELLOW.uasset" 370
"../../../../../Documents/Unreal Projects/Woodlands/Content/Geometry/Meshes/Nature/mushroom03.uasset" 371
"../../../../../Documents/Unreal Projects/Woodlands/Content/Geometry/Meshes/Nature/rock01.uasset" 372
"../../../../../Documents/Unreal Projects/Woodlands/Content/Geometry/Meshes/Nature/rock03.uasset" 373
"../../../../../Documents/Unreal Projects/Woodlands/Content/Materials/Nature/BROWN-DARK.uasset" 374
"../../../../../Documents/Unreal Projects/Woodlands/Content/Geometry/Meshes/Nature/rocks-small.uasset" 375
"../../../../../Documents/Unreal Projects/Woodlands/Content/Materials/Nature/METAL-BLACK.uasset" 376
"../../../../../Documents/Unreal Projects/Woodlands/Content/Geometry/Meshes/Nature/skull-human.uasset" 377
"../../../../../Documents/Unreal Projects/Woodlands/Content/Materials/Nature/TENT-RED.uasset" 378
"../../../../../Documents/Unreal Projects/Woodlands/Content/Materials/Nature/TENT-RED2.uasset" 379
"../../../../../Documents/Unreal Projects/Woodlands/Content/Geometry/Meshes/Nature/tent01.uasset" 380
"../../../../../Documents/Unreal Projects/Woodlands/Content/Geometry/Meshes/Nature/tent02.uasset" 381
"../../../../../Documents/Unreal Projects/Woodlands/Content/Materials/Cubemaps/mossy_forest_1k.uasset" 382
"../../../Engine/Content/Functions/Engine_MaterialFunctions03/Procedurals/PerturbNormalHQ.uasset" 383
"../../../Engine/Content/Functions/Engine_MaterialFunctions03/Procedurals/PreparePerturbNormalHQ.uasset" 384
"../../../Engine/Content/EngineMaterials/WeightMapPlaceholderTexture.uasset" 385
"../../../../../Documents/Unreal Projects/Woodlands/Content/Materials/Nature/GroundCoverProcedural.uasset" 386
"../../../../../Documents/Unreal Projects/Woodlands/Content/Materials/Voxel/LandscapeProcedural.uasset" 387
"../../../../../Documents/Unreal Projects/Woodlands/Content/Tiles/VoxelWorld/Tile6VoxelWorld.uasset" 388
"../../../../../Documents/Unreal Projects/Woodlands/Content/Tiles/Tile0/Tile6VoxelWorld.uasset" 389
"../../../../../Documents/Unreal Projects/Woodlands/Content/Tiles/Tile6/Tile6Foliage_6_005.uasset" 390
"../../../../../Documents/Unreal Projects/Woodlands/Content/UI/UI_Assets/LogoTransparentFixed_Sprite.uasset" 391
"../../../../../Documents/Unreal Projects/Woodlands/Content/UI/MainMenu.uasset" 392
"../../../../../Documents/Unreal Projects/Woodlands/Content/Maps/MainMenu.umap" 393
"../../../../../Documents/Unreal Projects/Woodlands/Content/Blueprints/AI/EnemyBlackboard.uasset" 394
"../../../../../Documents/Unreal Projects/Woodlands/Content/Blueprints/AI/Enemy/Tasks/FindPlayer.uasset" 395
"../../../../../Documents/Unreal Projects/Woodlands/Content/Blueprints/AI/Enemy/Tasks/FindRandomLocation.uasset" 396
"../../../../../Documents/Unreal Projects/Woodlands/Content/Blueprints/AI/EnemyBehavior.uasset" 397
"../../../../../Documents/Unreal Projects/Woodlands/Content/Blueprints/AI/EnemyAgent.uasset" 398
"../../../Engine/Content/BasicShapes/BasicShapeMaterial.uasset" 399
"../../../../../Documents/Unreal Projects/Woodlands/Content/Blueprints/AI/EnemyCharacter.uasset" 400
"../../../Engine/Content/Animation/DefaultAnimBoneCompressionSettings.uasset" 401
"../../../../../Documents/Unreal Projects/Woodlands/Content/Mechanicals/Mannequin/Character/Mesh/UE4_Mannequin_Skeleton.uasset" 402
"../../../../../Documents/Unreal Projects/Woodlands/Content/Mechanicals/Mannequin/Animations/ThirdPerson_Jump.uasset" 403
"../../../../../Documents/Unreal Projects/Woodlands/Content/Mechanicals/Mannequin/Animations/ThirdPersonJump_Loop.uasset" 404
"../../../../../Documents/Unreal Projects/Woodlands/Content/Mechanicals/Mannequin/Animations/ThirdPersonJump_Start.uasset" 405
"../../../../../Documents/Unreal Projects/Woodlands/Content/Mechanicals/Mannequin/Animations/ThirdPersonIdle.uasset" 406
"../../../../../Documents/Unreal Projects/Woodlands/Content/Mechanicals/Mannequin/Animations/ThirdPersonRun.uasset" 407
"../../../../../Documents/Unreal Projects/Woodlands/Content/Mechanicals/Mannequin/Animations/ThirdPersonWalk.uasset" 408
"../../../../../Documents/Unreal Projects/Woodlands/Content/Mechanicals/Mannequin/Animations/ThirdPerson_IdleRun_2D.uasset" 409
"../../../Engine/Content/EditorBlueprintResources/StandardMacros.uasset" 410
"../../../../../Documents/Unreal Projects/Woodlands/Content/Mechanicals/Mannequin/Animations/ThirdPerson_AnimBP.uasset" 411
"../../../../../Documents/Unreal Projects/Woodlands/Content/Weapons/Class/WeaponClass.uasset" 412
"../../../../../Documents/Unreal Projects/Woodlands/Content/Blueprints/LevelGen/PN_Bending_Component.uasset" 413
"../../../../../Documents/Unreal Projects/Woodlands/Content/Materials/Technical/FakeFog.uasset" 414
"../../../Engine/Content/BasicShapes/Plane.uasset" 415
"../../../../../Documents/Unreal Projects/Woodlands/Content/AnimationAssets/Sprites/Textures/curved-white-arrowR.uasset" 416
"../../../../../Documents/Unreal Projects/Woodlands/Content/Mechanicals/Character/Player/Sprites/curved-white-arrowR_Sprite.uasset" 417
"../../../../../Documents/Unreal Projects/Woodlands/Content/AnimationAssets/Flipbooks/Debug/0_R.uasset" 418
"../../../../../Documents/Unreal Projects/Woodlands/Content/AnimationAssets/Sprites/Textures/curved-white-arrowL.uasset" 419
"../../../../../Documents/Unreal Projects/Woodlands/Content/Mechanicals/Character/Player/Sprites/curved-white-arrowL_Sprite.uasset" 420
"../../../../../Documents/Unreal Projects/Woodlands/Content/AnimationAssets/Flipbooks/Debug/1_L.uasset" 421
"../../../../../Documents/Unreal Projects/Woodlands/Content/AnimationAssets/Sprites/Textures/curved-white-arrowF.uasset" 422
"../../../../../Documents/Unreal Projects/Woodlands/Content/Mechanicals/Character/Player/Sprites/curved-white-arrowF_Sprite.uasset" 423
"../../../../../Documents/Unreal Projects/Woodlands/Content/AnimationAssets/Flipbooks/Debug/2_U.uasset" 424
"../../../../../Documents/Unreal Projects/Woodlands/Content/AnimationAssets/Sprites/Textures/curved-white-arrowD.uasset" 425
"../../../../../Documents/Unreal Projects/Woodlands/Content/Mechanicals/Character/Player/Sprites/curved-white-arrowD_Sprite.uasset" 426
"../../../../../Documents/Unreal Projects/Woodlands/Content/AnimationAssets/Flipbooks/Debug/3_D.uasset" 427
"../../../../../Documents/Unreal Projects/Woodlands/Content/AnimationAssets/Sprites/Textures/Armature_animtion0_00.uasset" 428
"../../../../../Documents/Unreal Projects/Woodlands/Content/AnimationAssets/Sprites/Good/Bear/Armature_animtion0_00_Sprite.uasset" 429
"../../../../../Documents/Unreal Projects/Woodlands/Content/AnimationAssets/Sprites/Textures/Armature_animtion0_01.uasset" 430
"../../../../../Documents/Unreal Projects/Woodlands/Content/AnimationAssets/Sprites/Good/Bear/Armature_animtion0_01_Sprite.uasset" 431
"../../../../../Documents/Unreal Projects/Woodlands/Content/AnimationAssets/Sprites/Textures/Armature_animtion0_02.uasset" 432
"../../../../../Documents/Unreal Projects/Woodlands/Content/AnimationAssets/Sprites/Good/Bear/Armature_animtion0_02_Sprite.uasset" 433
"../../../../../Documents/Unreal Projects/Woodlands/Content/AnimationAssets/Sprites/Textures/Armature_animtion0_03.uasset" 434
"../../../../../Documents/Unreal Projects/Woodlands/Content/AnimationAssets/Sprites/Good/Bear/Armature_animtion0_03_Sprite.uasset" 435
"../../../../../Documents/Unreal Projects/Woodlands/Content/AnimationAssets/Sprites/Textures/Armature_animtion0_04.uasset" 436
"../../../../../Documents/Unreal Projects/Woodlands/Content/AnimationAssets/Sprites/Good/Bear/Armature_animtion0_04_Sprite.uasset" 437
"../../../../../Documents/Unreal Projects/Woodlands/Content/AnimationAssets/Sprites/Textures/Armature_animtion0_05.uasset" 438
"../../../../../Documents/Unreal Projects/Woodlands/Content/AnimationAssets/Sprites/Good/Bear/Armature_animtion0_05_Sprite.uasset" 439
"../../../../../Documents/Unreal Projects/Woodlands/Content/AnimationAssets/Sprites/Textures/Armature_animtion0_06.uasset" 440
"../../../../../Documents/Unreal Projects/Woodlands/Content/AnimationAssets/Sprites/Good/Bear/Armature_animtion0_06_Sprite.uasset" 441
"../../../../../Documents/Unreal Projects/Woodlands/Content/AnimationAssets/Sprites/Textures/Armature_animtion0_07.uasset" 442
"../../../../../Documents/Unreal Projects/Woodlands/Content/AnimationAssets/Sprites/Good/Bear/Armature_animtion0_07_Sprite.uasset" 443
"../../../../../Documents/Unreal Projects/Woodlands/Content/AnimationAssets/Sprites/Textures/Armature_animtion0_08.uasset" 444
"../../../../../Documents/Unreal Projects/Woodlands/Content/AnimationAssets/Sprites/Good/Bear/Armature_animtion0_08_Sprite.uasset" 445
"../../../../../Documents/Unreal Projects/Woodlands/Content/AnimationAssets/Sprites/Textures/Armature_animtion0_09.uasset" 446
"../../../../../Documents/Unreal Projects/Woodlands/Content/AnimationAssets/Sprites/Good/Bear/Armature_animtion0_09_Sprite.uasset" 447
"../../../../../Documents/Unreal Projects/Woodlands/Content/AnimationAssets/Sprites/Textures/Armature_animtion0_10.uasset" 448
"../../../../../Documents/Unreal Projects/Woodlands/Content/AnimationAssets/Sprites/Good/Bear/Armature_animtion0_10_Sprite.uasset" 449
"../../../../../Documents/Unreal Projects/Woodlands/Content/AnimationAssets/Sprites/Textures/Armature_animtion0_11.uasset" 450
"../../../../../Documents/Unreal Projects/Woodlands/Content/AnimationAssets/Sprites/Good/Bear/Armature_animtion0_11_Sprite.uasset" 451
"../../../../../Documents/Unreal Projects/Woodlands/Content/AnimationAssets/Sprites/Textures/Armature_animtion0_12.uasset" 452
"../../../../../Documents/Unreal Projects/Woodlands/Content/AnimationAssets/Sprites/Good/Bear/Armature_animtion0_12_Sprite.uasset" 453
"../../../../../Documents/Unreal Projects/Woodlands/Content/AnimationAssets/Sprites/Textures/Armature_animtion0_13.uasset" 454
"../../../../../Documents/Unreal Projects/Woodlands/Content/AnimationAssets/Sprites/Good/Bear/Armature_animtion0_13_Sprite.uasset" 455
"../../../../../Documents/Unreal Projects/Woodlands/Content/AnimationAssets/Sprites/Textures/Armature_animtion0_14.uasset" 456
"../../../../../Documents/Unreal Projects/Woodlands/Content/AnimationAssets/Sprites/Good/Bear/Armature_animtion0_14_Sprite.uasset" 457
"../../../../../Documents/Unreal Projects/Woodlands/Content/AnimationAssets/Sprites/Textures/Armature_animtion0_15.uasset" 458
"../../../../../Documents/Unreal Projects/Woodlands/Content/AnimationAssets/Sprites/Good/Bear/Armature_animtion0_15_Sprite.uasset" 459
"../../../../../Documents/Unreal Projects/Woodlands/Content/AnimationAssets/Sprites/Textures/Armature_animtion0_16.uasset" 460
"../../../../../Documents/Unreal Projects/Woodlands/Content/AnimationAssets/Sprites/Good/Bear/Armature_animtion0_16_Sprite.uasset" 461
"../../../../../Documents/Unreal Projects/Woodlands/Content/AnimationAssets/Sprites/Textures/Armature_animtion0_17.uasset" 462
"../../../../../Documents/Unreal Projects/Woodlands/Content/AnimationAssets/Sprites/Good/Bear/Armature_animtion0_17_Sprite.uasset" 463
"../../../../../Documents/Unreal Projects/Woodlands/Content/AnimationAssets/Sprites/Textures/Armature_animtion0_18.uasset" 464
"../../../../../Documents/Unreal Projects/Woodlands/Content/AnimationAssets/Sprites/Good/Bear/Armature_animtion0_18_Sprite.uasset" 465
"../../../../../Documents/Unreal Projects/Woodlands/Content/AnimationAssets/Sprites/Textures/Armature_animtion0_19.uasset" 466
"../../../../../Documents/Unreal Projects/Woodlands/Content/AnimationAssets/Sprites/Good/Bear/Armature_animtion0_19_Sprite.uasset" 467
"../../../../../Documents/Unreal Projects/Woodlands/Content/AnimationAssets/Sprites/Textures/Armature_animtion0_20.uasset" 468
"../../../../../Documents/Unreal Projects/Woodlands/Content/AnimationAssets/Sprites/Good/Bear/Armature_animtion0_20_Sprite.uasset" 469
"../../../../../Documents/Unreal Projects/Woodlands/Content/AnimationAssets/Sprites/Textures/Armature_animtion0_21.uasset" 470
"../../../../../Documents/Unreal Projects/Woodlands/Content/AnimationAssets/Sprites/Good/Bear/Armature_animtion0_21_Sprite.uasset" 471
"../../../../../Documents/Unreal Projects/Woodlands/Content/AnimationAssets/Sprites/Textures/Armature_animtion0_22.uasset" 472
"../../../../../Documents/Unreal Projects/Woodlands/Content/AnimationAssets/Sprites/Good/Bear/Armature_animtion0_22_Sprite.uasset" 473
"../../../../../Documents/Unreal Projects/Woodlands/Content/AnimationAssets/Sprites/Textures/Armature_animtion0_23.uasset" 474
"../../../../../Documents/Unreal Projects/Woodlands/Content/AnimationAssets/Sprites/Good/Bear/Armature_animtion0_23_Sprite.uasset" 475
"../../../../../Documents/Unreal Projects/Woodlands/Content/AnimationAssets/Sprites/Textures/Armature_animtion0_24.uasset" 476
"../../../../../Documents/Unreal Projects/Woodlands/Content/AnimationAssets/Sprites/Good/Bear/Armature_animtion0_24_Sprite.uasset" 477
"../../../../../Documents/Unreal Projects/Woodlands/Content/AnimationAssets/Flipbooks/Good/Bear/3_Down.uasset" 478
"../../../../../Documents/Unreal Projects/Woodlands/Content/AnimationAssets/Sprites/Good/Bear/Idle/Armature_animtion0_02_Sprite.uasset" 479
"../../../../../Documents/Unreal Projects/Woodlands/Content/AnimationAssets/Sprites/Good/Bear/Idle/Armature_animtion0_14_Sprite.uasset" 480
"../../../../../Documents/Unreal Projects/Woodlands/Content/AnimationAssets/Flipbooks/Good/Bear/4_Idle.uasset" 481
"../../../../../Documents/Unreal Projects/Woodlands/Content/Blueprints/Character/TopDownCharacter.uasset" 482
"../../../../../Documents/Unreal Projects/Woodlands/Content/Blueprints/Character/TopDownController.uasset" 483
"../../../../../Documents/Unreal Projects/Woodlands/Content/Blueprints/Character/TopDownGameMode.uasset" 484
"../../../../../Documents/Unreal Projects/Woodlands/Content/Blueprints/LevelGen/TileManager_Blueprint.uasset" 485
"../../../../../Documents/Unreal Projects/Woodlands/Content/Weapons/Blueprints/NeedleSword.uasset" 486
"../../../../../Documents/Unreal Projects/Woodlands/Content/Maps/RougeLike/RougeLike_BuiltData.uasset" 487
"../../../../../Documents/Unreal Projects/Woodlands/Content/Materials/Nature/BLUE-LIGHT.uasset" 488
"../../../../../Documents/Unreal Projects/Woodlands/Content/Materials/Nature/FLOWER-BROWN.uasset" 489
"../../../../../Documents/Unreal Projects/Woodlands/Content/Materials/Nature/ICE.uasset" 490
"../../../../../Documents/Unreal Projects/Woodlands/Content/Materials/Nature/STONE-VULCANO_001.uasset" 491
"../../../../../Documents/Unreal Projects/Woodlands/Content/Materials/Nature/Water.uasset" 492
"../../../../../Documents/Unreal Projects/Woodlands/Content/Materials/Nature/WOOD-TREE_002.uasset" 493
"../../../../../Documents/Unreal Projects/Woodlands/Plugins/VoxelFree/Content/MaterialHelpers/GetVoxelSpawnerActorPerInstanceRandom.uasset" 494
"../../../../../Documents/Unreal Projects/Woodlands/Plugins/VoxelFree/Content/MaterialHelpers/GetColorFromInstanceRandom.uasset" 495
"../../../../../Documents/Unreal Projects/Woodlands/Content/Mechanicals/ParticleSystems/Textures/FireParticle.uasset" 496
"../../../../../Documents/Unreal Projects/Woodlands/Content/Mechanicals/ParticleSystems/Materials/FireParticleMat.uasset" 497
"../../Plugins/FX/Niagara/Content/DynamicInputs/Angles/NormalizedAngleToDegrees.uasset" 498
"../../Plugins/FX/Niagara/Content/Enums/ENiagaraRandomnessMode.uasset" 499
"../../Plugins/FX/Niagara/Content/Functions/GetRandomInfo.uasset" 500
"../../Plugins/FX/Niagara/Content/Functions/RandomRangeFloat.uasset" 501
"../../Plugins/FX/Niagara/Content/DynamicInputs/UniformRange/UniformRangedFloat.uasset" 502
"../../Plugins/FX/Niagara/Content/DynamicInputs/ValueFromCurve/FloatFromCurve.uasset" 503
"../../Plugins/FX/Niagara/Content/Functions/Localspace/SimulationPosition.uasset" 504
"../../Plugins/FX/Niagara/Content/Functions/Emitter/EmitterChangeState.uasset" 505
"../../Plugins/FX/Niagara/Content/Enums/ENiagara_EmitterStateOptions.uasset" 506
"../../Plugins/FX/Niagara/Content/Enums/ENiagara_InfiniteLoopDuration.uasset" 507
"../../Plugins/FX/Niagara/Content/Enums/ENiagaraEmitterLifeCycleMode.uasset" 508
"../../Plugins/FX/Niagara/Content/Enums/ENiagaraEmitterScalabilityMode_Limited.uasset" 509
"../../Plugins/FX/Niagara/Content/Enums/ENiagaraExecutionStateManagement.uasset" 510
"../../Plugins/FX/Niagara/Content/Enums/ENiagaraInactiveMode.uasset" 511
"../../Plugins/FX/Niagara/Content/Modules/Emitter/EmitterState.uasset" 512
"../../Plugins/FX/Niagara/Content/Modules/Emitter/SpawnRate.uasset" 513
"../../Plugins/FX/Niagara/Content/Functions/DirectionAndLengthSafe.uasset" 514
"../../Plugins/FX/Niagara/Content/Modules/Solvers/SolveForcesAndVelocity.uasset" 515
"../../Plugins/FX/Niagara/Content/Modules/Spawn/Initialization/InitializeParticle.uasset" 516
"../../Plugins/FX/Niagara/Content/Enums/ENiagaraCoordinateSpace.uasset" 517
"../../Plugins/FX/Niagara/Content/Functions/Localspace/TransformBase.uasset" 518
"../../Plugins/FX/Niagara/Content/Functions/Localspace/TransformVector.uasset" 519
"../../Plugins/FX/Niagara/Content/Functions/RandomPointInSphere.uasset" 520
"../../Plugins/FX/Niagara/Content/Enums/ENiagaraExpansionMode.uasset" 521
"../../Plugins/FX/Niagara/Content/Enums/ENiagaraTorusDistributionMode.uasset" 522
"../../Plugins/FX/Niagara/Content/Modules/Spawn/Location/SphereLocation.uasset" 523
"../../Plugins/FX/Niagara/Content/Functions/Math/RemapValueRange.uasset" 524
"../../Plugins/FX/Niagara/Content/Functions/PolarToCartesianCoordinates.uasset" 525
"../../Plugins/FX/Niagara/Content/Functions/RandomVectorInCone.uasset" 526
"../../Plugins/FX/Niagara/Content/Functions/Rotation/FindQuatBetween.uasset" 527
"../../Plugins/FX/Niagara/Content/Functions/Rotation/MultiplyVectorWithQuaternion.uasset" 528
"../../Plugins/FX/Niagara/Content/Modules/Spawn/Velocity/AddVelocityInCone.uasset" 529
"../../Plugins/FX/Niagara/Content/Functions/System/SystemChangeState.uasset" 530
"../../Plugins/FX/Niagara/Content/Enums/ENiagaraSystemInactiveMode.uasset" 531
"../../Plugins/FX/Niagara/Content/Modules/System/SystemState.uasset" 532
"../../Plugins/FX/Niagara/Content/Enums/ENiagaraScaleColorMode.uasset" 533
"../../Plugins/FX/Niagara/Content/Modules/Update/Color/ScaleColor.uasset" 534
"../../Plugins/FX/Niagara/Content/Modules/Update/Forces/Drag.uasset" 535
"../../Plugins/FX/Niagara/Content/Modules/Update/Forces/GravityForce.uasset" 536
"../../Plugins/FX/Niagara/Content/Modules/Update/Lifetime/ParticleState.uasset" 537
"../../../../../Documents/Unreal Projects/Woodlands/Content/Mechanicals/ParticleSystems/Fire/Fire.uasset" 538
"../../../../../Documents/Unreal Projects/Woodlands/Content/AnimationAssets/Sprites/Good/Bear/RightSide/Armature_bearside_00_Sprite.uasset" 539
"../../../../../Documents/Unreal Projects/Woodlands/Content/AnimationAssets/Sprites/Good/Bear/RightSide/Armature_bearside_01_Sprite.uasset" 540
"../../../../../Documents/Unreal Projects/Woodlands/Content/AnimationAssets/Sprites/Good/Bear/RightSide/Armature_bearside_02_Sprite.uasset" 541
"../../../../../Documents/Unreal Projects/Woodlands/Content/AnimationAssets/Sprites/Good/Bear/RightSide/Armature_bearside_03_Sprite.uasset" 542
"../../../../../Documents/Unreal Projects/Woodlands/Content/AnimationAssets/Sprites/Good/Bear/RightSide/Armature_bearside_04_Sprite.uasset" 543
"../../../../../Documents/Unreal Projects/Woodlands/Content/AnimationAssets/Sprites/Good/Bear/RightSide/Armature_bearside_05_Sprite.uasset" 544
"../../../../../Documents/Unreal Projects/Woodlands/Content/AnimationAssets/Sprites/Good/Bear/RightSide/Armature_bearside_06_Sprite.uasset" 545
"../../../../../Documents/Unreal Projects/Woodlands/Content/AnimationAssets/Sprites/Good/Bear/RightSide/Armature_bearside_07_Sprite.uasset" 546
"../../../../../Documents/Unreal Projects/Woodlands/Content/AnimationAssets/Sprites/Good/Bear/RightSide/Armature_bearside_08_Sprite.uasset" 547
"../../../../../Documents/Unreal Projects/Woodlands/Content/AnimationAssets/Sprites/Good/Bear/RightSide/Armature_bearside_09_Sprite.uasset" 548
"../../../../../Documents/Unreal Projects/Woodlands/Content/AnimationAssets/Sprites/Good/Bear/RightSide/Armature_bearside_10_Sprite.uasset" 549
"../../../../../Documents/Unreal Projects/Woodlands/Content/AnimationAssets/Sprites/Good/Bear/RightSide/Armature_bearside_11_Sprite.uasset" 550
"../../../../../Documents/Unreal Projects/Woodlands/Content/AnimationAssets/Sprites/Good/Bear/RightSide/Armature_bearside_12_Sprite.uasset" 551
"../../../../../Documents/Unreal Projects/Woodlands/Content/AnimationAssets/Sprites/Good/Bear/RightSide/Armature_bearside_13_Sprite.uasset" 552
"../../../../../Documents/Unreal Projects/Woodlands/Content/AnimationAssets/Sprites/Good/Bear/RightSide/Armature_bearside_14_Sprite.uasset" 553
"../../../../../Documents/Unreal Projects/Woodlands/Content/AnimationAssets/Sprites/Good/Bear/RightSide/Armature_bearside_15_Sprite.uasset" 554
"../../../../../Documents/Unreal Projects/Woodlands/Content/AnimationAssets/Sprites/Good/Bear/RightSide/Armature_bearside_16_Sprite.uasset" 555
"../../../../../Documents/Unreal Projects/Woodlands/Content/AnimationAssets/Sprites/Good/Bear/RightSide/Armature_bearside_17_Sprite.uasset" 556
"../../../../../Documents/Unreal Projects/Woodlands/Content/AnimationAssets/Sprites/Good/Bear/RightSide/Armature_bearside_18_Sprite.uasset" 557
"../../../../../Documents/Unreal Projects/Woodlands/Content/AnimationAssets/Sprites/Good/Bear/RightSide/Armature_bearside_19_Sprite.uasset" 558
"../../../../../Documents/Unreal Projects/Woodlands/Content/AnimationAssets/Sprites/Good/Bear/RightSide/Armature_bearside_20_Sprite.uasset" 559
"../../../../../Documents/Unreal Projects/Woodlands/Content/AnimationAssets/Sprites/Good/Bear/RightSide/Armature_bearside_21_Sprite.uasset" 560
"../../../../../Documents/Unreal Projects/Woodlands/Content/AnimationAssets/Sprites/Good/Bear/RightSide/Armature_bearside_22_Sprite.uasset" 561
"../../../../../Documents/Unreal Projects/Woodlands/Content/AnimationAssets/Sprites/Good/Bear/RightSide/Armature_bearside_23_Sprite.uasset" 562
"../../../../../Documents/Unreal Projects/Woodlands/Content/AnimationAssets/Sprites/Good/Bear/RightSide/Armature_bearside_24_Sprite.uasset" 563
"../../../../../Documents/Unreal Projects/Woodlands/Content/AnimationAssets/Flipbooks/Good/Bear/0_Right.uasset" 564
"../../../../../Documents/Unreal Projects/Woodlands/Content/AnimationAssets/Sprites/Good/Bear/LeftSide/left_00_Sprite.uasset" 565
"../../../../../Documents/Unreal Projects/Woodlands/Content/AnimationAssets/Sprites/Good/Bear/LeftSide/left_01_Sprite.uasset" 566
"../../../../../Documents/Unreal Projects/Woodlands/Content/AnimationAssets/Sprites/Good/Bear/LeftSide/left_02_Sprite.uasset" 567
"../../../../../Documents/Unreal Projects/Woodlands/Content/AnimationAssets/Sprites/Good/Bear/LeftSide/left_03_Sprite.uasset" 568
"../../../../../Documents/Unreal Projects/Woodlands/Content/AnimationAssets/Sprites/Good/Bear/LeftSide/left_04_Sprite.uasset" 569
"../../../../../Documents/Unreal Projects/Woodlands/Content/AnimationAssets/Sprites/Good/Bear/LeftSide/left_05_Sprite.uasset" 570
"../../../../../Documents/Unreal Projects/Woodlands/Content/AnimationAssets/Sprites/Good/Bear/LeftSide/left_06_Sprite.uasset" 571
"../../../../../Documents/Unreal Projects/Woodlands/Content/AnimationAssets/Sprites/Good/Bear/LeftSide/left_07_Sprite.uasset" 572
"../../../../../Documents/Unreal Projects/Woodlands/Content/AnimationAssets/Sprites/Good/Bear/LeftSide/left_08_Sprite.uasset" 573
"../../../../../Documents/Unreal Projects/Woodlands/Content/AnimationAssets/Sprites/Good/Bear/LeftSide/left_09_Sprite.uasset" 574
"../../../../../Documents/Unreal Projects/Woodlands/Content/AnimationAssets/Sprites/Good/Bear/LeftSide/left_10_Sprite.uasset" 575
"../../../../../Documents/Unreal Projects/Woodlands/Content/AnimationAssets/Sprites/Good/Bear/LeftSide/left_11_Sprite.uasset" 576
"../../../../../Documents/Unreal Projects/Woodlands/Content/AnimationAssets/Sprites/Good/Bear/LeftSide/left_12_Sprite.uasset" 577
"../../../../../Documents/Unreal Projects/Woodlands/Content/AnimationAssets/Sprites/Good/Bear/LeftSide/left_13_Sprite.uasset" 578
"../../../../../Documents/Unreal Projects/Woodlands/Content/AnimationAssets/Sprites/Good/Bear/LeftSide/left_14_Sprite.uasset" 579
"../../../../../Documents/Unreal Projects/Woodlands/Content/AnimationAssets/Sprites/Good/Bear/LeftSide/left_15_Sprite.uasset" 580
"../../../../../Documents/Unreal Projects/Woodlands/Content/AnimationAssets/Sprites/Good/Bear/LeftSide/left_16_Sprite.uasset" 581
"../../../../../Documents/Unreal Projects/Woodlands/Content/AnimationAssets/Sprites/Good/Bear/LeftSide/left_17_Sprite.uasset" 582
"../../../../../Documents/Unreal Projects/Woodlands/Content/AnimationAssets/Sprites/Good/Bear/LeftSide/left_18_Sprite.uasset" 583
"../../../../../Documents/Unreal Projects/Woodlands/Content/AnimationAssets/Sprites/Good/Bear/LeftSide/left_19_Sprite.uasset" 584
"../../../../../Documents/Unreal Projects/Woodlands/Content/AnimationAssets/Sprites/Good/Bear/LeftSide/left_20_Sprite.uasset" 585
"../../../../../Documents/Unreal Projects/Woodlands/Content/AnimationAssets/Sprites/Good/Bear/LeftSide/left_21_Sprite.uasset" 586
"../../../../../Documents/Unreal Projects/Woodlands/Content/AnimationAssets/Sprites/Good/Bear/LeftSide/left_22_Sprite.uasset" 587
"../../../../../Documents/Unreal Projects/Woodlands/Content/AnimationAssets/Sprites/Good/Bear/LeftSide/left_23_Sprite.uasset" 588
"../../../../../Documents/Unreal Projects/Woodlands/Content/AnimationAssets/Sprites/Good/Bear/LeftSide/left_24_Sprite.uasset" 589
"../../../../../Documents/Unreal Projects/Woodlands/Content/AnimationAssets/Flipbooks/Good/Bear/1_left.uasset" 590
"../../../../../Documents/Unreal Projects/Woodlands/Content/AnimationAssets/Sprites/Good/Bear/AssSide/Armature_animtion0_00_Sprite.uasset" 591
"../../../../../Documents/Unreal Projects/Woodlands/Content/AnimationAssets/Sprites/Good/Bear/AssSide/Armature_animtion0_01_Sprite.uasset" 592
"../../../../../Documents/Unreal Projects/Woodlands/Content/AnimationAssets/Sprites/Good/Bear/AssSide/Armature_animtion0_02_Sprite.uasset" 593
"../../../../../Documents/Unreal Projects/Woodlands/Content/AnimationAssets/Sprites/Good/Bear/AssSide/Armature_animtion0_03_Sprite.uasset" 594
"../../../../../Documents/Unreal Projects/Woodlands/Content/AnimationAssets/Sprites/Good/Bear/AssSide/Armature_animtion0_04_Sprite.uasset" 595
"../../../../../Documents/Unreal Projects/Woodlands/Content/AnimationAssets/Sprites/Good/Bear/AssSide/Armature_animtion0_05_Sprite.uasset" 596
"../../../../../Documents/Unreal Projects/Woodlands/Content/AnimationAssets/Sprites/Good/Bear/AssSide/Armature_animtion0_06_Sprite.uasset" 597
"../../../../../Documents/Unreal Projects/Woodlands/Content/AnimationAssets/Sprites/Good/Bear/AssSide/Armature_animtion0_07_Sprite.uasset" 598
"../../../../../Documents/Unreal Projects/Woodlands/Content/AnimationAssets/Sprites/Good/Bear/AssSide/Armature_animtion0_08_Sprite.uasset" 599
"../../../../../Documents/Unreal Projects/Woodlands/Content/AnimationAssets/Sprites/Good/Bear/AssSide/Armature_animtion0_09_Sprite.uasset" 600
"../../../../../Documents/Unreal Projects/Woodlands/Content/AnimationAssets/Sprites/Good/Bear/AssSide/Armature_animtion0_10_Sprite.uasset" 601
"../../../../../Documents/Unreal Projects/Woodlands/Content/AnimationAssets/Sprites/Good/Bear/AssSide/Armature_animtion0_11_Sprite.uasset" 602
"../../../../../Documents/Unreal Projects/Woodlands/Content/AnimationAssets/Sprites/Good/Bear/AssSide/Armature_animtion0_12_Sprite.uasset" 603
"../../../../../Documents/Unreal Projects/Woodlands/Content/AnimationAssets/Sprites/Good/Bear/AssSide/Armature_animtion0_13_Sprite.uasset" 604
"../../../../../Documents/Unreal Projects/Woodlands/Content/AnimationAssets/Sprites/Good/Bear/AssSide/Armature_animtion0_14_Sprite.uasset" 605
"../../../../../Documents/Unreal Projects/Woodlands/Content/AnimationAssets/Sprites/Good/Bear/AssSide/Armature_animtion0_15_Sprite.uasset" 606
"../../../../../Documents/Unreal Projects/Woodlands/Content/AnimationAssets/Sprites/Good/Bear/AssSide/Armature_animtion0_16_Sprite.uasset" 607
"../../../../../Documents/Unreal Projects/Woodlands/Content/AnimationAssets/Sprites/Good/Bear/AssSide/Armature_animtion0_17_Sprite.uasset" 608
"../../../../../Documents/Unreal Projects/Woodlands/Content/AnimationAssets/Sprites/Good/Bear/AssSide/Armature_animtion0_18_Sprite.uasset" 609
"../../../../../Documents/Unreal Projects/Woodlands/Content/AnimationAssets/Sprites/Good/Bear/AssSide/Armature_animtion0_19_Sprite.uasset" 610
"../../../../../Documents/Unreal Projects/Woodlands/Content/AnimationAssets/Sprites/Good/Bear/AssSide/Armature_animtion0_20_Sprite.uasset" 611
"../../../../../Documents/Unreal Projects/Woodlands/Content/AnimationAssets/Sprites/Good/Bear/AssSide/Armature_animtion0_21_Sprite.uasset" 612
"../../../../../Documents/Unreal Projects/Woodlands/Content/AnimationAssets/Sprites/Good/Bear/AssSide/Armature_animtion0_22_Sprite.uasset" 613
"../../../../../Documents/Unreal Projects/Woodlands/Content/AnimationAssets/Sprites/Good/Bear/AssSide/Armature_animtion0_23_Sprite.uasset" 614
"../../../../../Documents/Unreal Projects/Woodlands/Content/AnimationAssets/Sprites/Good/Bear/AssSide/Armature_animtion0_24_Sprite.uasset" 615
"../../../../../Documents/Unreal Projects/Woodlands/Content/AnimationAssets/Flipbooks/Good/Bear/2_BearAss.uasset" 616
"../../../../../Documents/Unreal Projects/Woodlands/Content/Geometry/Foilage/Rocks/stone01.uasset" 617
"../../../../../Documents/Unreal Projects/Woodlands/Content/Geometry/Foilage/Rocks/stone03.uasset" 618
"../../../../../Documents/Unreal Projects/Woodlands/Content/Materials/Nature/GROUND-BROWN.uasset" 619
"../../../../../Documents/Unreal Projects/Woodlands/Content/Geometry/Foilage/Rocks/stone05.uasset" 620
"../../../../../Documents/Unreal Projects/Woodlands/Content/Geometry/Foilage/Rocks/stone06.uasset" 621
"../../../../../Documents/Unreal Projects/Woodlands/Content/Geometry/Foilage/Trees/Meshes/log01.uasset" 622
"../../../../../Documents/Unreal Projects/Woodlands/Content/Geometry/Foilage/Trees/Meshes/log04.uasset" 623
"../../../../../Documents/Unreal Projects/Woodlands/Content/Materials/Nature/WOOD-TREE_001.uasset" 624
"../../../../../Documents/Unreal Projects/Woodlands/Content/Geometry/Foilage/Trees/Meshes/tree-trunk.uasset" 625
"../../../../../Documents/Unreal Projects/Woodlands/Content/Materials/Nature/METAL-GREEN.uasset" 626
"../../../../../Documents/Unreal Projects/Woodlands/Content/Materials/Nature/METAL-WHITE.uasset" 627
"../../../../../Documents/Unreal Projects/Woodlands/Content/Geometry/Meshes/Nature/cargo01.uasset" 628
"../../../../../Documents/Unreal Projects/Woodlands/Content/Materials/Nature/LAVA.uasset" 629
"../../../../../Documents/Unreal Projects/Woodlands/Content/Materials/Nature/STONE_001.uasset" 630
"../../../../../Documents/Unreal Projects/Woodlands/Content/Geometry/Meshes/Nature/cave01.uasset" 631
"../../../../../Documents/Unreal Projects/Woodlands/Content/Materials/Nature/FIRE.uasset" 632
"../../../../../Documents/Unreal Projects/Woodlands/Content/Geometry/Meshes/Nature/fireplace01.uasset" 633
"../../../../../Documents/Unreal Projects/Woodlands/Content/Materials/Nature/FLOWER-YELLOW.uasset" 634
"../../../../../Documents/Unreal Projects/Woodlands/Content/Geometry/Meshes/Nature/flower02.uasset" 635
"../../../../../Documents/Unreal Projects/Woodlands/Content/Materials/Nature/ICE_2.uasset" 636
"../../../../../Documents/Unreal Projects/Woodlands/Content/Materials/Nature/ICE_3.uasset" 637
"../../../../../Documents/Unreal Projects/Woodlands/Content/Geometry/Meshes/Nature/igloo01.uasset" 638
"../../../../../Documents/Unreal Projects/Woodlands/Content/Geometry/Meshes/Nature/mushroom01.uasset" 639
"../../../../../Documents/Unreal Projects/Woodlands/Content/Materials/Nature/MUSHROOM-GREEN.uasset" 640
"../../../../../Documents/Unreal Projects/Woodlands/Content/Geometry/Meshes/Nature/mushroom02.uasset" 641
"../../../../../Documents/Unreal Projects/Woodlands/Content/Materials/Nature/CAR_ORANGE1.uasset" 642
"../../../../../Documents/Unreal Projects/Woodlands/Content/Materials/Nature/GREEN.uasset" 643
"../../../../../Documents/Unreal Projects/Woodlands/Content/Geometry/Meshes/Nature/pumkin.uasset" 644
"../../../../../Documents/Unreal Projects/Woodlands/Content/Geometry/Meshes/Nature/SignPost.uasset" 645
"../../../../../Documents/Unreal Projects/Woodlands/Content/Materials/Nature/FLOWER-ORANGE.uasset" 646
"../../../../../Documents/Unreal Projects/Woodlands/Content/Materials/Nature/PLASTIC-BLACK.uasset" 647
"../../../../../Documents/Unreal Projects/Woodlands/Content/Geometry/Meshes/Nature/snowman.uasset" 648
"../../../../../Documents/Unreal Projects/Woodlands/Content/Geometry/Meshes/Nature/stone04.uasset" 649
"../../../../../Documents/Unreal Projects/Woodlands/Content/Geometry/Meshes/Nature/stone06.uasset" 650
"../../../../../Documents/Unreal Projects/Woodlands/Content/Geometry/Meshes/Nature/tree-trunk.uasset" 651
"../../../../../Documents/Unreal Projects/Woodlands/Content/Geometry/Meshes/Nature/tree05.uasset" 652
"../../../../../Documents/Unreal Projects/Woodlands/Content/Geometry/Meshes/Nature/tree11.uasset" 653
"../../../../../Documents/Unreal Projects/Woodlands/Content/Materials/Nature/LEAVES-TREE.uasset" 654
"../../../../../Documents/Unreal Projects/Woodlands/Content/Geometry/Meshes/Nature/tree_12.uasset" 655
"../../../../../Documents/Unreal Projects/Woodlands/Content/Models/Trees/Material__22.uasset" 656
"../../../../../Documents/Unreal Projects/Woodlands/Content/Models/Trees/tree.uasset" 657
"../../../../../Documents/Unreal Projects/Woodlands/Content/StarterContent/Textures/T_Dust_Particle_D.uasset" 658
"../../../../../Documents/Unreal Projects/Woodlands/Content/StarterContent/Particles/Materials/M_Dust_Particle.uasset" 659
"../../../../../Documents/Unreal Projects/Woodlands/Content/StarterContent/Particles/P_Ambient_Dust.uasset" 660
"../../../../../Documents/Unreal Projects/Woodlands/Content/Tiles/Tile0/Foliage/TreesVox0.uasset" 661
"../../../../../Documents/Unreal Projects/Woodlands/Content/Tiles/Tile1/VoxTree1.uasset" 662
"../../../../../Documents/Unreal Projects/Woodlands/Content/Tiles/Tile4/Tile4Foliage.uasset" 663
"../../../../../Documents/Unreal Projects/Woodlands/Content/Tiles/Tile5/Tile5Foliage.uasset" 664
"../../../../../Documents/Unreal Projects/Woodlands/Content/Tiles/VoxelWorld/Tile0VoxelWorld_.uasset" 665
"../../../../../Documents/Unreal Projects/Woodlands/Content/Tiles/VoxelWorld/Tile1VoxelWorld.uasset" 666
"../../../../../Documents/Unreal Projects/Woodlands/Content/Tiles/VoxelWorld/Tile2VoxelWorld.uasset" 667
"../../../../../Documents/Unreal Projects/Woodlands/Content/Tiles/VoxelWorld/Tile3VoxelWorld.uasset" 668
"../../../../../Documents/Unreal Projects/Woodlands/Content/Tiles/VoxelWorld/Tile4VoxelWorld.uasset" 669
"../../../../../Documents/Unreal Projects/Woodlands/Content/Tiles/VoxelWorld/Tile5VoxelWorld.uasset" 670
"../../../../../Documents/Unreal Projects/Woodlands/Content/UI/UIElements/RougeLikeSection/Debug/GenerateLevelDebug.uasset" 671
"../../../../../Documents/Unreal Projects/Woodlands/Content/Maps/RougeLike/RougeLike.umap" 672
"../../../../../Documents/Unreal Projects/Woodlands/Content/Materials/TDTiles/BlankGround.uasset" 673
"../../../../../Documents/Unreal Projects/Woodlands/Content/Materials/TDTiles/EndZone.uasset" 674
"../../../../../Documents/Unreal Projects/Woodlands/Content/Materials/TDTiles/HighGround.uasset" 675
"../../../../../Documents/Unreal Projects/Woodlands/Content/Materials/TDTiles/LowGround.uasset" 676
"../../../../../Documents/Unreal Projects/Woodlands/Content/Materials/TDTiles/Path.uasset" 677
"../../../../../Documents/Unreal Projects/Woodlands/Content/Materials/TDTiles/PortalSpawner.uasset" 678
"../../../../../Documents/Unreal Projects/Woodlands/Content/Materials/TDTiles/UnsuitableTerrain.uasset" 679
"../../../Engine/Content/Functions/Engine_MaterialFunctions02/SafeNormalize.uasset" 680
"../../../Engine/Content/Functions/Engine_MaterialFunctions02/Math/CreateThirdOrthogonalVector.uasset" 681
"../../../Engine/Content/Functions/Engine_MaterialFunctions02/Math/Transform3x3Matrix.uasset" 682
"../../../Engine/Content/Functions/Engine_MaterialFunctions02/Texturing/HeightLerp.uasset" 683
"../../../Engine/Content/Functions/Engine_MaterialFunctions02/Texturing/HeightLerpWithTwoHeightMaps.uasset" 684
"../../../../../Documents/Unreal Projects/Woodlands/Plugins/VoxelFree/Content/MaterialHelpers/Voxel_WorldAlignedAlphas.uasset" 685
"../../../../../Documents/Unreal Projects/Woodlands/Plugins/VoxelFree/Content/MaterialHelpers/Voxel_WorldAlignedUvs.uasset" 686
"../../../Engine/Content/Functions/Engine_MaterialFunctions02/ExampleContent/Textures/newhplaneNormalsMap.uasset" 687
"../../../Engine/Content/Functions/Engine_MaterialFunctions02/ExampleContent/Textures/SphereRenderNormalsMap.uasset" 688
"../../../Engine/Content/Functions/Engine_MaterialFunctions02/ExampleContent/Textures/water_n.uasset" 689
"../../../../../Documents/Unreal Projects/Woodlands/Plugins/VoxelFree/Content/MaterialHelpers/Voxel_WorldAlignedNormals.uasset" 690
"../../../Engine/Content/EngineMaterials/DefaultWhiteGrid.uasset" 691
"../../../Engine/Content/EngineMaterials/DefCube_Face.uasset" 692
"../../../../../Documents/Unreal Projects/Woodlands/Plugins/VoxelFree/Content/MaterialHelpers/Voxel_WorldAlignedTextures.uasset" 693
"../../../../../Documents/Unreal Projects/Woodlands/Plugins/VoxelFree/Content/Examples/Shared/Textures/Default/T_DefaultAlbedo.uasset" 694
"../../../../../Documents/Unreal Projects/Woodlands/Plugins/VoxelFree/Content/Examples/Shared/Textures/Default/T_DefaultARM.uasset" 695
"../../../../../Documents/Unreal Projects/Woodlands/Plugins/VoxelFree/Content/Examples/Shared/Textures/Default/T_DefaultHeightmap.uasset" 696
"../../../../../Documents/Unreal Projects/Woodlands/Plugins/VoxelFree/Content/Examples/Shared/Textures/Default/T_DefaultNormalmap.uasset" 697
"../../../../../Documents/Unreal Projects/Woodlands/Plugins/VoxelFree/Content/Examples/Materials/Quixel/MF_VoxelQuixel.uasset" 698
"../../../../../Documents/Unreal Projects/Woodlands/Plugins/VoxelFree/Content/Examples/Materials/Quixel/MF_VoxelQuixelHeightBlend.uasset" 699
"../../../../../Documents/Unreal Projects/Woodlands/Plugins/VoxelFree/Content/Examples/Materials/Quixel/MF_VoxelQuixelStaticSwitch.uasset" 700
"../../../../../Documents/Unreal Projects/Woodlands/Plugins/VoxelFree/Content/MaterialHelpers/Voxel_GetMultiIndexBlends.uasset" 701
"../../../../../Documents/Unreal Projects/Woodlands/Plugins/VoxelFree/Content/MaterialHelpers/Voxel_GetMultiIndexWetness.uasset" 702
"../../../../../Documents/Unreal Projects/Woodlands/Plugins/VoxelFree/Content/MaterialHelpers/Voxel_LocalNormal.uasset" 703
"../../../../../Documents/Unreal Projects/Woodlands/Plugins/VoxelFree/Content/MaterialHelpers/Voxel_TessellationMultiplier.uasset" 704
"../../../../../Documents/Unreal Projects/Woodlands/Plugins/VoxelFree/Content/Examples/Shared/Textures/Default/T_DefaultHRA.uasset" 705
"../../../../../Documents/Unreal Projects/Woodlands/Plugins/VoxelFree/Content/Examples/Materials/Quixel/MF_VoxelQuixelCollection.uasset" 706
"../../../../../Documents/Unreal Projects/Woodlands/Plugins/VoxelFree/Content/Examples/Materials/Quixel/MS_VoxelQuixelCollection.uasset" 707
"../../../../../Documents/Unreal Projects/Woodlands/Plugins/VoxelFree/Content/Examples/Materials/Quixel/MI_VoxelQuixel_FiveWayBlend.uasset" 708
"../../../../../Documents/Unreal Projects/Woodlands/Plugins/VoxelFree/Content/Examples/Shared/Textures/TextureHaven/AerialGrassRock/T_AerialGrassRock_Albedo.uasset" 709
"../../../../../Documents/Unreal Projects/Woodlands/Plugins/VoxelFree/Content/Examples/Shared/Textures/TextureHaven/AerialGrassRock/T_AerialGrassRock_ARM.uasset" 710
"../../../../../Documents/Unreal Projects/Woodlands/Plugins/VoxelFree/Content/Examples/Shared/Textures/TextureHaven/AerialGrassRock/T_AerialGrassRock_Height.uasset" 711
"../../../../../Documents/Unreal Projects/Woodlands/Plugins/VoxelFree/Content/Examples/Shared/Textures/TextureHaven/AerialGrassRock/T_AerialGrassRock_Normal.uasset" 712
"../../../../../Documents/Unreal Projects/Woodlands/Plugins/VoxelFree/Content/Examples/Shared/Textures/TextureHaven/BrownMudRocks/T_BrownMudRocks_Albedo.uasset" 713
"../../../../../Documents/Unreal Projects/Woodlands/Plugins/VoxelFree/Content/Examples/Shared/Textures/TextureHaven/BrownMudRocks/T_BrownMudRocks_Arm.uasset" 714
"../../../../../Documents/Unreal Projects/Woodlands/Plugins/VoxelFree/Content/Examples/Shared/Textures/TextureHaven/BrownMudRocks/T_BrownMudRocks_Height.uasset" 715
"../../../../../Documents/Unreal Projects/Woodlands/Plugins/VoxelFree/Content/Examples/Shared/Textures/TextureHaven/BrownMudRocks/T_BrownMudRocks_Normal.uasset" 716
"../../../../../Documents/Unreal Projects/Woodlands/Plugins/VoxelFree/Content/Examples/Shared/Textures/TextureHaven/CoralMud/T_CoralMud_Albedo.uasset" 717
"../../../../../Documents/Unreal Projects/Woodlands/Plugins/VoxelFree/Content/Examples/Shared/Textures/TextureHaven/CoralMud/T_CoralMud_ARM.uasset" 718
"../../../../../Documents/Unreal Projects/Woodlands/Plugins/VoxelFree/Content/Examples/Shared/Textures/TextureHaven/CoralMud/T_CoralMud_Height.uasset" 719
"../../../../../Documents/Unreal Projects/Woodlands/Plugins/VoxelFree/Content/Examples/Shared/Textures/TextureHaven/CoralMud/T_CoralMud_Normal.uasset" 720
"../../../../../Documents/Unreal Projects/Woodlands/Plugins/VoxelFree/Content/Examples/Shared/Textures/TextureHaven/MedievalBlocks/T_MedievalBlocks_Albedo.uasset" 721
"../../../../../Documents/Unreal Projects/Woodlands/Plugins/VoxelFree/Content/Examples/Shared/Textures/TextureHaven/MedievalBlocks/T_MedievalBlocks_ARM.uasset" 722
"../../../../../Documents/Unreal Projects/Woodlands/Plugins/VoxelFree/Content/Examples/Shared/Textures/TextureHaven/MedievalBlocks/T_MedievalBlocks_Height.uasset" 723
"../../../../../Documents/Unreal Projects/Woodlands/Plugins/VoxelFree/Content/Examples/Shared/Textures/TextureHaven/MedievalBlocks/T_MedievalBlocks_Normal.uasset" 724
"../../../../../Documents/Unreal Projects/Woodlands/Plugins/VoxelFree/Content/Examples/Shared/Textures/TextureHaven/Snow/T_Snow_Albedo.uasset" 725
"../../../../../Documents/Unreal Projects/Woodlands/Plugins/VoxelFree/Content/Examples/Shared/Textures/TextureHaven/Snow/T_Snow_ARM.uasset" 726
"../../../../../Documents/Unreal Projects/Woodlands/Plugins/VoxelFree/Content/Examples/Shared/Textures/TextureHaven/Snow/T_Snow_Height.uasset" 727
"../../../../../Documents/Unreal Projects/Woodlands/Plugins/VoxelFree/Content/Examples/Shared/Textures/TextureHaven/Snow/T_Snow_Normal.uasset" 728
"../../../../../Documents/Unreal Projects/Woodlands/Plugins/VoxelFree/Content/Examples/Materials/Quixel/MI_VoxelQuixel_FiveWayBlend_Inst.uasset" 729
"../../../Engine/Content/BasicShapes/Cone.uasset" 730
"../../../Engine/Content/BasicShapes/Cylinder.uasset" 731
"../../../../../Documents/Unreal Projects/Woodlands/Content/TowerDefense/TestDummy.uasset" 732
"../../../../../Documents/Unreal Projects/Woodlands/Content/VoxelWorld.uasset" 733
"../../../../../Documents/Unreal Projects/Woodlands/Content/Maps/TowerDefense/Map1.umap" 734
"../../../Engine/Content/Maps/Entry_BuiltData.uasset" 735
"../../../Engine/Content/Maps/Entry.umap" 736
