Log file open, 01/14/21 14:31:38
LogInit: Display: Running engine for game: Woodlands
LogPlatformFile: Not using cached read wrapper
LogTaskGraph: Started task graph with 5 named threads and 23 total threads with 3 sets of task threads.
LogStats: Stats thread started at 0.185577
LogD3D11RHI: Loaded GFSDK_Aftermath_Lib.x64.dll
LogICUInternationalization: ICU TimeZone Detection - Raw Offset: -5:00, Platform Override: ''
LogPluginManager: Mounting plugin Paper2D
LogPluginManager: Mounting plugin AISupport
LogPluginManager: Mounting plugin LightPropagationVolume
LogPluginManager: Mounting plugin CameraShakePreviewer
LogPluginManager: Mounting plugin ActorLayerUtilities
LogPluginManager: Mounting plugin AnimationSharing
LogPluginManager: Mounting plugin CLionSourceCodeAccess
LogPluginManager: Mounting plugin CodeLiteSourceCodeAccess
LogPluginManager: Mounting plugin GitSourceControl
LogPluginManager: Mounting plugin KDevelopSourceCodeAccess
LogPluginManager: Mounting plugin NullSourceCodeAccess
LogPluginManager: Mounting plugin PerforceSourceControl
LogPluginManager: Mounting plugin PlasticSourceControl
LogPluginManager: Mounting plugin RiderSourceCodeAccess
LogPluginManager: Mounting plugin SubversionSourceControl
LogPluginManager: Mounting plugin UObjectPlugin
LogPluginManager: Mounting plugin VisualStudioCodeSourceCodeAccess
LogPluginManager: Mounting plugin VisualStudioSourceCodeAccess
LogPluginManager: Mounting plugin XCodeSourceCodeAccess
LogPluginManager: Mounting plugin AssetManagerEditor
LogPluginManager: Mounting plugin CryptoKeys
LogPluginManager: Mounting plugin CurveEditorTools
LogPluginManager: Mounting plugin DataValidation
LogPluginManager: Mounting plugin EditorScriptingUtilities
LogPluginManager: Mounting plugin FacialAnimation
LogPluginManager: Mounting plugin GameplayTagsEditor
LogPluginManager: Mounting plugin GeometryMode
LogPluginManager: Mounting plugin MacGraphicsSwitching
LogPluginManager: Mounting plugin MaterialAnalyzer
LogPluginManager: Mounting plugin MobileLauncherProfileWizard
LogPluginManager: Mounting plugin PluginBrowser
LogPluginManager: Mounting plugin SpeedTreeImporter
LogPluginManager: Mounting plugin DatasmithContent
LogPluginManager: Mounting plugin VariantManagerContent
LogPluginManager: Mounting plugin AlembicImporter
LogPluginManager: Mounting plugin AutomationUtils
LogPluginManager: Mounting plugin BackChannel
LogPluginManager: Mounting plugin ChaosCloth
LogPluginManager: Mounting plugin ChaosClothEditor
LogPluginManager: Mounting plugin ChaosEditor
LogPluginManager: Mounting plugin ChaosNiagara
LogPluginManager: Mounting plugin ChaosSolverPlugin
LogPluginManager: Mounting plugin CharacterAI
LogPluginManager: Mounting plugin GeometryCache
LogPluginManager: Mounting plugin GeometryCollectionPlugin
LogPluginManager: Mounting plugin GeometryProcessing
LogPluginManager: Mounting plugin PlanarCut
LogPluginManager: Mounting plugin PlatformCrypto
LogPluginManager: Mounting plugin ProxyLODPlugin
LogPluginManager: Mounting plugin SkeletalReduction
LogPluginManager: Mounting plugin Niagara
LogPluginManager: Mounting plugin MagicLeap
LogPluginManager: Mounting plugin MagicLeapLightEstimation
LogPluginManager: Mounting plugin MagicLeapMedia
LogPluginManager: Mounting plugin MagicLeapPassableWorld
LogPluginManager: Mounting plugin MLSDK
LogPluginManager: Mounting plugin AndroidMedia
LogPluginManager: Mounting plugin AvfMedia
LogPluginManager: Mounting plugin ImgMedia
LogPluginManager: Mounting plugin MediaCompositing
LogPluginManager: Mounting plugin MediaPlayerEditor
LogPluginManager: Mounting plugin WebMMedia
LogPluginManager: Mounting plugin WmfMedia
LogPluginManager: Mounting plugin MeshPainting
LogPluginManager: Mounting plugin TcpMessaging
LogPluginManager: Mounting plugin UdpMessaging
LogPluginManager: Mounting plugin ActorSequence
LogPluginManager: Mounting plugin LevelSequenceEditor
LogPluginManager: Mounting plugin MatineeToLevelSequence
LogPluginManager: Mounting plugin MovieRenderPipeline
LogPluginManager: Mounting plugin TemplateSequence
LogPluginManager: Mounting plugin NetcodeUnitTest
LogPluginManager: Mounting plugin NUTUnrealEngine4
LogPluginManager: Mounting plugin OnlineSubsystemGooglePlay
LogPluginManager: Mounting plugin OnlineSubsystemIOS
LogPluginManager: Mounting plugin OnlineSubsystem
LogPluginManager: Mounting plugin OnlineSubsystemNull
LogPluginManager: Mounting plugin OnlineSubsystemUtils
LogPluginManager: Mounting plugin LauncherChunkInstaller
LogPluginManager: Mounting plugin AndroidDeviceProfileSelector
LogPluginManager: Mounting plugin AndroidMoviePlayer
LogPluginManager: Mounting plugin AndroidPermission
LogPluginManager: Mounting plugin AppleImageUtils
LogPluginManager: Mounting plugin AppleMoviePlayer
LogPluginManager: Mounting plugin ArchVisCharacter
LogPluginManager: Mounting plugin AssetTags
LogPluginManager: Mounting plugin AudioCapture
LogPluginManager: Mounting plugin CableComponent
LogPluginManager: Mounting plugin CustomMeshComponent
LogPluginManager: Mounting plugin EditableMesh
LogPluginManager: Mounting plugin ExampleDeviceProfileSelector
LogPluginManager: Mounting plugin GoogleCloudMessaging
LogPluginManager: Mounting plugin GooglePAD
LogPluginManager: Mounting plugin IOSDeviceProfileSelector
LogPluginManager: Mounting plugin LinuxDeviceProfileSelector
LogPluginManager: Mounting plugin LocationServicesBPLibrary
LogPluginManager: Mounting plugin MobilePatchingUtils
LogPluginManager: Mounting plugin OculusVR
LogPluginManager: Mounting plugin PhysXVehicles
LogPluginManager: Mounting plugin PostSplashScreen
LogPluginManager: Mounting plugin ProceduralMeshComponent
LogPluginManager: Mounting plugin RuntimePhysXCooking
LogPluginManager: Mounting plugin SignificanceManager
LogPluginManager: Mounting plugin SoundFields
LogPluginManager: Mounting plugin SteamVR
LogPluginManager: Mounting plugin Synthesis
LogPluginManager: Mounting plugin WebMMoviePlayer
LogPluginManager: Mounting plugin WindowsMoviePlayer
LogPluginManager: Mounting plugin ScreenshotTools
LogInit: Using libcurl 7.55.1-DEV
LogInit:  - built for x86_64-pc-win32
LogInit:  - supports SSL with OpenSSL/1.1.1
LogInit:  - supports HTTP deflate (compression) using libz 1.2.8
LogInit:  - other features:
LogInit:      CURL_VERSION_SSL
LogInit:      CURL_VERSION_LIBZ
LogInit:      CURL_VERSION_IPV6
LogInit:      CURL_VERSION_ASYNCHDNS
LogInit:      CURL_VERSION_LARGEFILE
LogInit:      CURL_VERSION_IDN
LogInit:  CurlRequestOptions (configurable via config and command line):
LogInit:  - bVerifyPeer = true  - Libcurl will verify peer certificate
LogInit:  - bUseHttpProxy = false  - Libcurl will NOT use HTTP proxy
LogInit:  - bDontReuseConnections = false  - Libcurl will reuse connections
LogInit:  - MaxHostConnections = 16  - Libcurl will limit the number of connections to a host
LogInit:  - LocalHostAddr = Default
LogInit:  - BufferSize = 65536
LogOnline: OSS: Creating online subsystem instance for: NULL
LogInit: WinSock: version 1.1 (2.2), MaxSocks=32767, MaxUdp=65467
LogOnline: OSS: TryLoadSubsystemAndSetDefault: Loaded subsystem for module [NULL]
LogInit: Build: ++UE4+Release-4.25-CL-13942748
LogInit: Engine Version: 4.25.3-13942748+++UE4+Release-4.25
LogInit: Compatible Engine Version: 4.25.0-13144385+++UE4+Release-4.25
LogInit: Net CL: 13144385
LogInit: OS: Windows 10 (Release 1909) (), CPU: Intel(R) Core(TM) i7-7700 CPU @ 3.60GHz, GPU: NVIDIA GeForce GTX 1070
LogInit: Compiled (64-bit): Jul 25 2020 02:07:48
LogInit: Compiled with Visual C++: 19.24.28315.00
LogInit: Build Configuration: Development
LogInit: Branch Name: ++UE4+Release-4.25
LogInit: Command Line: 
LogInit: Base Directory: C:/Program Files/Epic Games/UE_4.25/Engine/Binaries/Win64/
LogInit: Allocator: TBB
LogInit: Installed Engine Build: 1
LogDevObjectVersion: Number of dev versions registered: 26
LogDevObjectVersion:   Dev-Blueprints (B0D832E4-1F89-4F0D-ACCF-7EB736FD4AA2): 10
LogDevObjectVersion:   Dev-Build (E1C64328-A22C-4D53-A36C-8E866417BD8C): 0
LogDevObjectVersion:   Dev-Core (375EC13C-06E4-48FB-B500-84F0262A717E): 4
LogDevObjectVersion:   Dev-Editor (E4B068ED-F494-42E9-A231-DA0B2E46BB41): 38
LogDevObjectVersion:   Dev-Framework (CFFC743F-43B0-4480-9391-14DF171D2073): 37
LogDevObjectVersion:   Dev-Mobile (B02B49B5-BB20-44E9-A304-32B752E40360): 2
LogDevObjectVersion:   Dev-Networking (A4E4105C-59A1-49B5-A7C5-40C4547EDFEE): 0
LogDevObjectVersion:   Dev-Online (39C831C9-5AE6-47DC-9A44-9C173E1C8E7C): 0
LogDevObjectVersion:   Dev-Physics (78F01B33-EBEA-4F98-B9B4-84EACCB95AA2): 4
LogDevObjectVersion:   Dev-Platform (6631380F-2D4D-43E0-8009-CF276956A95A): 0
LogDevObjectVersion:   Dev-Rendering (12F88B9F-8875-4AFC-A67C-D90C383ABD29): 43
LogDevObjectVersion:   Dev-Sequencer (7B5AE74C-D270-4C10-A958-57980B212A5A): 12
LogDevObjectVersion:   Dev-VR (D7296918-1DD6-4BDD-9DE2-64A83CC13884): 3
LogDevObjectVersion:   Dev-LoadTimes (C2A15278-BFE7-4AFE-6C17-90FF531DF755): 1
LogDevObjectVersion:   Private-Geometry (6EACA3D4-40EC-4CC1-B786-8BED09428FC5): 3
LogDevObjectVersion:   Dev-AnimPhys (29E575DD-E0A3-4627-9D10-D276232CDCEA): 17
LogDevObjectVersion:   Dev-Anim (AF43A65D-7FD3-4947-9873-3E8ED9C1BB05): 7
LogDevObjectVersion:   Dev-ReflectionCapture (6B266CEC-1EC7-4B8F-A30B-E4D90942FC07): 1
LogDevObjectVersion:   Dev-Automation (0DF73D61-A23F-47EA-B727-89E90C41499A): 1
LogDevObjectVersion:   FortniteMain (601D1886-AC64-4F84-AA16-D3DE0DEAC7D6): 31
LogDevObjectVersion:   Dev-Enterprise (9DFFBCD6-494F-0158-E221-12823C92A888): 10
LogDevObjectVersion:   Dev-Niagara (F2AED0AC-9AFE-416F-8664-AA7FFA26D6FC): 1
LogDevObjectVersion:   Dev-Destruction (174F1F0B-B4C6-45A5-B13F-2EE8D0FB917D): 10
LogDevObjectVersion:   Dev-Physics-Ext (35F94A83-E258-406C-A318-09F59610247C): 37
LogDevObjectVersion:   Dev-PhysicsMaterial-Chaos (B68FC16E-8B1B-42E2-B453-215C058844FE): 1
LogDevObjectVersion:   Dev-CineCamera (B2E18506-4273-CFC2-A54E-F4BB758BBA07): 1
LogInit: Presizing for max 25165824 objects, including 0 objects not considered by GC, pre-allocating 0 bytes for permanent pool.
LogConfig: Applying CVar settings from Section [/Script/Engine.StreamingSettings] File [C:/Users/skaffenb/Documents/GitHub/Woodlands/Saved/Config/Windows/Engine.ini]
LogConfig: Setting CVar [[s.MinBulkDataSizeForAsyncLoading:131072]]
LogConfig: Setting CVar [[s.AsyncLoadingThreadEnabled:0]]
LogConfig: Setting CVar [[s.EventDrivenLoaderEnabled:1]]
LogConfig: Setting CVar [[s.WarnIfTimeLimitExceeded:0]]
LogConfig: Setting CVar [[s.TimeLimitExceededMultiplier:1.5]]
LogConfig: Setting CVar [[s.TimeLimitExceededMinTime:0.005]]
LogConfig: Setting CVar [[s.UseBackgroundLevelStreaming:1]]
LogConfig: Setting CVar [[s.PriorityAsyncLoadingExtraTime:15.0]]
LogConfig: Setting CVar [[s.LevelStreamingActorsUpdateTimeLimit:5.0]]
LogConfig: Setting CVar [[s.PriorityLevelStreamingActorsUpdateExtraTime:5.0]]
LogConfig: Setting CVar [[s.LevelStreamingComponentsRegistrationGranularity:10]]
LogConfig: Setting CVar [[s.UnregisterComponentsTimeLimit:1.0]]
LogConfig: Setting CVar [[s.LevelStreamingComponentsUnregistrationGranularity:5]]
LogConfig: Setting CVar [[s.FlushStreamingOnExit:1]]
LogInit: Object subsystem initialized
LogConfig: Setting CVar [[con.DebugEarlyDefault:1]]
LogConfig: Setting CVar [[r.setres:1280x720]]
[2021.01.14-19.31.38:484][  0]LogConfig: Setting CVar [[r.VSync:0]]
[2021.01.14-19.31.38:484][  0]LogConfig: Setting CVar [[r.RHICmdBypass:0]]
[2021.01.14-19.31.38:484][  0]LogConfig: Applying CVar settings from Section [/Script/Engine.RendererSettings] File [C:/Users/skaffenb/Documents/GitHub/Woodlands/Saved/Config/Windows/Engine.ini]
[2021.01.14-19.31.38:484][  0]LogConfig: Setting CVar [[r.GPUCrashDebugging:0]]
[2021.01.14-19.31.38:484][  0]LogConfig: Setting CVar [[r.GenerateMeshDistanceFields:1]]
[2021.01.14-19.31.38:484][  0]LogConfig: Applying CVar settings from Section [/Script/Engine.RendererOverrideSettings] File [C:/Users/skaffenb/Documents/GitHub/Woodlands/Saved/Config/Windows/Engine.ini]
[2021.01.14-19.31.38:484][  0]LogConfig: Applying CVar settings from Section [/Script/Engine.StreamingSettings] File [C:/Users/skaffenb/Documents/GitHub/Woodlands/Saved/Config/Windows/Engine.ini]
[2021.01.14-19.31.38:484][  0]LogConfig: Setting CVar [[s.MinBulkDataSizeForAsyncLoading:131072]]
[2021.01.14-19.31.38:484][  0]LogConfig: Setting CVar [[s.AsyncLoadingThreadEnabled:0]]
[2021.01.14-19.31.38:484][  0]LogConfig: Setting CVar [[s.EventDrivenLoaderEnabled:1]]
[2021.01.14-19.31.38:484][  0]LogConfig: Setting CVar [[s.WarnIfTimeLimitExceeded:0]]
[2021.01.14-19.31.38:484][  0]LogConfig: Setting CVar [[s.TimeLimitExceededMultiplier:1.5]]
[2021.01.14-19.31.38:484][  0]LogConfig: Setting CVar [[s.TimeLimitExceededMinTime:0.005]]
[2021.01.14-19.31.38:484][  0]LogConfig: Setting CVar [[s.UseBackgroundLevelStreaming:1]]
[2021.01.14-19.31.38:484][  0]LogConfig: Setting CVar [[s.PriorityAsyncLoadingExtraTime:15.0]]
[2021.01.14-19.31.38:484][  0]LogConfig: Setting CVar [[s.LevelStreamingActorsUpdateTimeLimit:5.0]]
[2021.01.14-19.31.38:485][  0]LogConfig: Setting CVar [[s.PriorityLevelStreamingActorsUpdateExtraTime:5.0]]
[2021.01.14-19.31.38:485][  0]LogConfig: Setting CVar [[s.LevelStreamingComponentsRegistrationGranularity:10]]
[2021.01.14-19.31.38:485][  0]LogConfig: Setting CVar [[s.UnregisterComponentsTimeLimit:1.0]]
[2021.01.14-19.31.38:485][  0]LogConfig: Setting CVar [[s.LevelStreamingComponentsUnregistrationGranularity:5]]
[2021.01.14-19.31.38:485][  0]LogConfig: Setting CVar [[s.FlushStreamingOnExit:1]]
[2021.01.14-19.31.38:485][  0]LogConfig: Applying CVar settings from Section [/Script/Engine.GarbageCollectionSettings] File [C:/Users/skaffenb/Documents/GitHub/Woodlands/Saved/Config/Windows/Engine.ini]
[2021.01.14-19.31.38:485][  0]LogConfig: Setting CVar [[gc.MaxObjectsNotConsideredByGC:1]]
[2021.01.14-19.31.38:485][  0]LogConfig: Setting CVar [[gc.SizeOfPermanentObjectPool:0]]
[2021.01.14-19.31.38:485][  0]LogConfig: Setting CVar [[gc.FlushStreamingOnGC:0]]
[2021.01.14-19.31.38:485][  0]LogConfig: Setting CVar [[gc.NumRetriesBeforeForcingGC:10]]
[2021.01.14-19.31.38:485][  0]LogConfig: Setting CVar [[gc.AllowParallelGC:1]]
[2021.01.14-19.31.38:485][  0]LogConfig: Setting CVar [[gc.TimeBetweenPurgingPendingKillObjects:61.1]]
[2021.01.14-19.31.38:485][  0]LogConfig: Setting CVar [[gc.MaxObjectsInEditor:25165824]]
[2021.01.14-19.31.38:485][  0]LogConfig: Setting CVar [[gc.IncrementalBeginDestroyEnabled:1]]
[2021.01.14-19.31.38:485][  0]LogConfig: Setting CVar [[gc.CreateGCClusters:1]]
[2021.01.14-19.31.38:485][  0]LogConfig: Setting CVar [[gc.MinGCClusterSize:5]]
[2021.01.14-19.31.38:485][  0]LogConfig: Setting CVar [[gc.ActorClusteringEnabled:0]]
[2021.01.14-19.31.38:485][  0]LogConfig: Setting CVar [[gc.BlueprintClusteringEnabled:0]]
[2021.01.14-19.31.38:485][  0]LogConfig: Setting CVar [[gc.UseDisregardForGCOnDedicatedServers:0]]
[2021.01.14-19.31.38:485][  0]LogConfig: Applying CVar settings from Section [/Script/Engine.NetworkSettings] File [C:/Users/skaffenb/Documents/GitHub/Woodlands/Saved/Config/Windows/Engine.ini]
[2021.01.14-19.31.38:485][  0]LogConfig: Applying CVar settings from Section [/Script/UnrealEd.CookerSettings] File [C:/Users/skaffenb/Documents/GitHub/Woodlands/Saved/Config/Windows/Engine.ini]
[2021.01.14-19.31.38:487][  0]LogConfig: Applying CVar settings from Section [ViewDistanceQuality@3] File [C:/Users/skaffenb/Documents/GitHub/Woodlands/Saved/Config/Windows/Scalability.ini]
[2021.01.14-19.31.38:487][  0]LogConfig: Setting CVar [[r.SkeletalMeshLODBias:0]]
[2021.01.14-19.31.38:487][  0]LogConfig: Setting CVar [[r.ViewDistanceScale:1.0]]
[2021.01.14-19.31.38:487][  0]LogConfig: Applying CVar settings from Section [AntiAliasingQuality@3] File [C:/Users/skaffenb/Documents/GitHub/Woodlands/Saved/Config/Windows/Scalability.ini]
[2021.01.14-19.31.38:487][  0]LogConfig: Setting CVar [[r.PostProcessAAQuality:4]]
[2021.01.14-19.31.38:487][  0]LogConfig: Applying CVar settings from Section [ShadowQuality@3] File [C:/Users/skaffenb/Documents/GitHub/Woodlands/Saved/Config/Windows/Scalability.ini]
[2021.01.14-19.31.38:487][  0]LogConfig: Setting CVar [[r.LightFunctionQuality:1]]
[2021.01.14-19.31.38:487][  0]LogConfig: Setting CVar [[r.ShadowQuality:5]]
[2021.01.14-19.31.38:487][  0]LogConfig: Setting CVar [[r.Shadow.CSM.MaxCascades:10]]
[2021.01.14-19.31.38:487][  0]LogConfig: Setting CVar [[r.Shadow.MaxResolution:2048]]
[2021.01.14-19.31.38:487][  0]LogConfig: Setting CVar [[r.Shadow.MaxCSMResolution:2048]]
[2021.01.14-19.31.38:487][  0]LogConfig: Setting CVar [[r.Shadow.RadiusThreshold:0.01]]
[2021.01.14-19.31.38:487][  0]LogConfig: Setting CVar [[r.Shadow.DistanceScale:1.0]]
[2021.01.14-19.31.38:487][  0]LogConfig: Setting CVar [[r.Shadow.CSM.TransitionScale:1.0]]
[2021.01.14-19.31.38:487][  0]LogConfig: Setting CVar [[r.Shadow.PreShadowResolutionFactor:1.0]]
[2021.01.14-19.31.38:487][  0]LogConfig: Setting CVar [[r.DistanceFieldShadowing:1]]
[2021.01.14-19.31.38:487][  0]LogConfig: Setting CVar [[r.DistanceFieldAO:1]]
[2021.01.14-19.31.38:487][  0]LogConfig: Setting CVar [[r.AOQuality:2]]
[2021.01.14-19.31.38:487][  0]LogConfig: Setting CVar [[r.VolumetricFog:1]]
[2021.01.14-19.31.38:487][  0]LogConfig: Setting CVar [[r.VolumetricFog.GridPixelSize:8]]
[2021.01.14-19.31.38:487][  0]LogConfig: Setting CVar [[r.VolumetricFog.GridSizeZ:128]]
[2021.01.14-19.31.38:487][  0]LogConfig: Setting CVar [[r.VolumetricFog.HistoryMissSupersampleCount:4]]
[2021.01.14-19.31.38:487][  0]LogConfig: Setting CVar [[r.LightMaxDrawDistanceScale:1]]
[2021.01.14-19.31.38:487][  0]LogConfig: Setting CVar [[r.CapsuleShadows:1]]
[2021.01.14-19.31.38:487][  0]LogConfig: Applying CVar settings from Section [PostProcessQuality@3] File [C:/Users/skaffenb/Documents/GitHub/Woodlands/Saved/Config/Windows/Scalability.ini]
[2021.01.14-19.31.38:487][  0]LogConfig: Setting CVar [[r.MotionBlurQuality:4]]
[2021.01.14-19.31.38:487][  0]LogConfig: Setting CVar [[r.AmbientOcclusionMipLevelFactor:0.4]]
[2021.01.14-19.31.38:487][  0]LogConfig: Setting CVar [[r.AmbientOcclusionMaxQuality:100]]
[2021.01.14-19.31.38:487][  0]LogConfig: Setting CVar [[r.AmbientOcclusionLevels:-1]]
[2021.01.14-19.31.38:487][  0]LogConfig: Setting CVar [[r.AmbientOcclusionRadiusScale:1.0]]
[2021.01.14-19.31.38:487][  0]LogConfig: Setting CVar [[r.DepthOfFieldQuality:2]]
[2021.01.14-19.31.38:487][  0]LogConfig: Setting CVar [[r.RenderTargetPoolMin:400]]
[2021.01.14-19.31.38:487][  0]LogConfig: Setting CVar [[r.LensFlareQuality:2]]
[2021.01.14-19.31.38:487][  0]LogConfig: Setting CVar [[r.SceneColorFringeQuality:1]]
[2021.01.14-19.31.38:487][  0]LogConfig: Setting CVar [[r.EyeAdaptationQuality:2]]
[2021.01.14-19.31.38:487][  0]LogConfig: Setting CVar [[r.BloomQuality:5]]
[2021.01.14-19.31.38:487][  0]LogConfig: Setting CVar [[r.FastBlurThreshold:100]]
[2021.01.14-19.31.38:487][  0]LogConfig: Setting CVar [[r.Upscale.Quality:3]]
[2021.01.14-19.31.38:487][  0]LogConfig: Setting CVar [[r.Tonemapper.GrainQuantization:1]]
[2021.01.14-19.31.38:487][  0]LogConfig: Setting CVar [[r.LightShaftQuality:1]]
[2021.01.14-19.31.38:487][  0]LogConfig: Setting CVar [[r.Filter.SizeScale:1]]
[2021.01.14-19.31.38:487][  0]LogConfig: Setting CVar [[r.Tonemapper.Quality:5]]
[2021.01.14-19.31.38:487][  0]LogConfig: Setting CVar [[r.DOF.Gather.AccumulatorQuality:1        ; higher gathering accumulator quality]]
[2021.01.14-19.31.38:487][  0]LogConfig: Setting CVar [[r.DOF.Gather.PostfilterMethod:1          ; Median3x3 postfilering method]]
[2021.01.14-19.31.38:487][  0]LogConfig: Setting CVar [[r.DOF.Gather.EnableBokehSettings:0       ; no bokeh simulation when gathering]]
[2021.01.14-19.31.38:487][  0]LogConfig: Setting CVar [[r.DOF.Gather.RingCount:4                 ; medium number of samples when gathering]]
[2021.01.14-19.31.38:487][  0]LogConfig: Setting CVar [[r.DOF.Scatter.ForegroundCompositing:1    ; additive foreground scattering]]
[2021.01.14-19.31.38:487][  0]LogConfig: Setting CVar [[r.DOF.Scatter.BackgroundCompositing:2    ; additive background scattering]]
[2021.01.14-19.31.38:487][  0]LogConfig: Setting CVar [[r.DOF.Scatter.EnableBokehSettings:1      ; bokeh simulation when scattering]]
[2021.01.14-19.31.38:487][  0]LogConfig: Setting CVar [[r.DOF.Scatter.MaxSpriteRatio:0.1         ; only a maximum of 10% of scattered bokeh]]
[2021.01.14-19.31.38:487][  0]LogConfig: Setting CVar [[r.DOF.Recombine.Quality:1                ; cheap slight out of focus]]
[2021.01.14-19.31.38:487][  0]LogConfig: Setting CVar [[r.DOF.Recombine.EnableBokehSettings:0    ; no bokeh simulation on slight out of focus]]
[2021.01.14-19.31.38:487][  0]LogConfig: Setting CVar [[r.DOF.TemporalAAQuality:1                ; more stable temporal accumulation]]
[2021.01.14-19.31.38:487][  0]LogConfig: Setting CVar [[r.DOF.Kernel.MaxForegroundRadius:0.025]]
[2021.01.14-19.31.38:488][  0]LogConfig: Setting CVar [[r.DOF.Kernel.MaxBackgroundRadius:0.025]]
[2021.01.14-19.31.38:488][  0]LogConfig: Applying CVar settings from Section [TextureQuality@3] File [C:/Users/skaffenb/Documents/GitHub/Woodlands/Saved/Config/Windows/Scalability.ini]
[2021.01.14-19.31.38:488][  0]LogConfig: Setting CVar [[r.Streaming.MipBias:0]]
[2021.01.14-19.31.38:488][  0]LogConfig: Setting CVar [[r.Streaming.AmortizeCPUToGPUCopy:0]]
[2021.01.14-19.31.38:488][  0]LogConfig: Setting CVar [[r.Streaming.MaxNumTexturesToStreamPerFrame:0]]
[2021.01.14-19.31.38:488][  0]LogConfig: Setting CVar [[r.Streaming.Boost:1]]
[2021.01.14-19.31.38:488][  0]LogConfig: Setting CVar [[r.MaxAnisotropy:8]]
[2021.01.14-19.31.38:488][  0]LogConfig: Setting CVar [[r.VT.MaxAnisotropy:8]]
[2021.01.14-19.31.38:488][  0]LogConfig: Setting CVar [[r.Streaming.LimitPoolSizeToVRAM:0]]
[2021.01.14-19.31.38:488][  0]LogConfig: Setting CVar [[r.Streaming.PoolSize:1000]]
[2021.01.14-19.31.38:488][  0]LogConfig: Setting CVar [[r.Streaming.MaxEffectiveScreenSize:0]]
[2021.01.14-19.31.38:488][  0]LogConfig: Applying CVar settings from Section [EffectsQuality@3] File [C:/Users/skaffenb/Documents/GitHub/Woodlands/Saved/Config/Windows/Scalability.ini]
[2021.01.14-19.31.38:488][  0]LogConfig: Setting CVar [[r.TranslucencyLightingVolumeDim:64]]
[2021.01.14-19.31.38:488][  0]LogConfig: Setting CVar [[r.RefractionQuality:2]]
[2021.01.14-19.31.38:488][  0]LogConfig: Setting CVar [[r.SSR.Quality:3]]
[2021.01.14-19.31.38:488][  0]LogConfig: Setting CVar [[r.SSR.HalfResSceneColor:0]]
[2021.01.14-19.31.38:488][  0]LogConfig: Setting CVar [[r.SceneColorFormat:4]]
[2021.01.14-19.31.38:488][  0]LogConfig: Setting CVar [[r.DetailMode:2]]
[2021.01.14-19.31.38:488][  0]LogConfig: Setting CVar [[r.TranslucencyVolumeBlur:1]]
[2021.01.14-19.31.38:488][  0]LogConfig: Setting CVar [[r.MaterialQualityLevel:1 ; High quality]]
[2021.01.14-19.31.38:488][  0]LogConfig: Setting CVar [[r.SSS.Scale:1]]
[2021.01.14-19.31.38:488][  0]LogConfig: Setting CVar [[r.SSS.SampleSet:2]]
[2021.01.14-19.31.38:488][  0]LogConfig: Setting CVar [[r.SSS.Quality:1]]
[2021.01.14-19.31.38:488][  0]LogConfig: Setting CVar [[r.SSS.HalfRes:0]]
[2021.01.14-19.31.38:488][  0]LogConfig: Setting CVar [[r.SSGI.Quality:3]]
[2021.01.14-19.31.38:488][  0]LogConfig: Setting CVar [[r.EmitterSpawnRateScale:1.0]]
[2021.01.14-19.31.38:488][  0]LogConfig: Setting CVar [[r.ParticleLightQuality:2]]
[2021.01.14-19.31.38:488][  0]LogConfig: Setting CVar [[r.SkyAtmosphere.AerialPerspectiveLUT.FastApplyOnOpaque:1 ; Always have FastSkyLUT 1 in this case to avoid wrong sky]]
[2021.01.14-19.31.38:488][  0]LogConfig: Setting CVar [[r.SkyAtmosphere.AerialPerspectiveLUT.SampleCountPerSlice:1]]
[2021.01.14-19.31.38:488][  0]LogConfig: Setting CVar [[r.SkyAtmosphere.AerialPerspectiveLUT.DepthResolution:16.0]]
[2021.01.14-19.31.38:488][  0]LogConfig: Setting CVar [[r.SkyAtmosphere.FastSkyLUT:1]]
[2021.01.14-19.31.38:488][  0]LogConfig: Setting CVar [[r.SkyAtmosphere.FastSkyLUT.SampleCountMin:4.0]]
[2021.01.14-19.31.38:488][  0]LogConfig: Setting CVar [[r.SkyAtmosphere.FastSkyLUT.SampleCountMax:32.0]]
[2021.01.14-19.31.38:488][  0]LogConfig: Setting CVar [[r.SkyAtmosphere.SampleCountMin:4.0]]
[2021.01.14-19.31.38:488][  0]LogConfig: Setting CVar [[r.SkyAtmosphere.SampleCountMax:32.0]]
[2021.01.14-19.31.38:488][  0]LogConfig: Setting CVar [[r.SkyAtmosphere.TransmittanceLUT.UseSmallFormat:0]]
[2021.01.14-19.31.38:488][  0]LogConfig: Setting CVar [[r.SkyAtmosphere.TransmittanceLUT.SampleCount:10.0]]
[2021.01.14-19.31.38:488][  0]LogConfig: Setting CVar [[r.SkyAtmosphere.MultiScatteringLUT.SampleCount:15.0]]
[2021.01.14-19.31.38:488][  0]LogConfig: Applying CVar settings from Section [FoliageQuality@3] File [C:/Users/skaffenb/Documents/GitHub/Woodlands/Saved/Config/Windows/Scalability.ini]
[2021.01.14-19.31.38:488][  0]LogConfig: Setting CVar [[foliage.DensityScale:1.0]]
[2021.01.14-19.31.38:488][  0]LogConfig: Setting CVar [[grass.DensityScale:1.0]]
[2021.01.14-19.31.38:488][  0]LogConfig: Applying CVar settings from Section [ShadingQuality@3] File [C:/Users/skaffenb/Documents/GitHub/Woodlands/Saved/Config/Windows/Scalability.ini]
[2021.01.14-19.31.38:488][  0]LogConfig: Setting CVar [[r.HairStrands.SkyLighting.SampleCount:16]]
[2021.01.14-19.31.38:488][  0]LogConfig: Setting CVar [[r.HairStrands.SkyLighting.JitterIntegration:0]]
[2021.01.14-19.31.38:488][  0]LogConfig: Setting CVar [[r.HairStrands.SkyAO.SampleCount:16]]
[2021.01.14-19.31.38:488][  0]LogConfig: Setting CVar [[r.HairStrands.DeepShadow.SuperSampling:0]]
[2021.01.14-19.31.38:488][  0]LogConfig: Setting CVar [[r.HairStrands.VisibilityPPLL:0]]
[2021.01.14-19.31.38:488][  0]LogConfig: Setting CVar [[r.HairStrands.RasterizationScale:0.5]]
[2021.01.14-19.31.38:488][  0]LogConfig: Setting CVar [[r.HairStrands.VelocityRasterizationScale:1]]
[2021.01.14-19.31.38:488][  0]LogInit: Selected Device Profile: [Windows]
[2021.01.14-19.31.38:488][  0]LogInit: Applying CVar settings loaded from the selected device profile: [Windows]
[2021.01.14-19.31.38:488][  0]LogHAL: Display: Platform has ~ 32 GB [34301571072 / 34359738368 / 32], which maps to Largest [LargestMinGB=32, LargerMinGB=12, DefaultMinGB=8, SmallerMinGB=6, SmallestMinGB=0)
[2021.01.14-19.31.38:488][  0]LogInit: Going up to parent DeviceProfile []
[2021.01.14-19.31.38:488][  0]LogConfig: Applying CVar settings from Section [ViewDistanceQuality@3] File [C:/Users/skaffenb/Documents/GitHub/Woodlands/Saved/Config/Windows/Scalability.ini]
[2021.01.14-19.31.38:488][  0]LogConfig: Setting CVar [[r.SkeletalMeshLODBias:0]]
[2021.01.14-19.31.38:488][  0]LogConfig: Setting CVar [[r.ViewDistanceScale:1.0]]
[2021.01.14-19.31.38:488][  0]LogConfig: Applying CVar settings from Section [AntiAliasingQuality@3] File [C:/Users/skaffenb/Documents/GitHub/Woodlands/Saved/Config/Windows/Scalability.ini]
[2021.01.14-19.31.38:488][  0]LogConfig: Setting CVar [[r.PostProcessAAQuality:4]]
[2021.01.14-19.31.38:488][  0]LogConfig: Applying CVar settings from Section [ShadowQuality@3] File [C:/Users/skaffenb/Documents/GitHub/Woodlands/Saved/Config/Windows/Scalability.ini]
[2021.01.14-19.31.38:488][  0]LogConfig: Setting CVar [[r.LightFunctionQuality:1]]
[2021.01.14-19.31.38:488][  0]LogConfig: Setting CVar [[r.ShadowQuality:5]]
[2021.01.14-19.31.38:488][  0]LogConfig: Setting CVar [[r.Shadow.CSM.MaxCascades:10]]
[2021.01.14-19.31.38:488][  0]LogConfig: Setting CVar [[r.Shadow.MaxResolution:2048]]
[2021.01.14-19.31.38:488][  0]LogConfig: Setting CVar [[r.Shadow.MaxCSMResolution:2048]]
[2021.01.14-19.31.38:488][  0]LogConfig: Setting CVar [[r.Shadow.RadiusThreshold:0.01]]
[2021.01.14-19.31.38:488][  0]LogConfig: Setting CVar [[r.Shadow.DistanceScale:1.0]]
[2021.01.14-19.31.38:488][  0]LogConfig: Setting CVar [[r.Shadow.CSM.TransitionScale:1.0]]
[2021.01.14-19.31.38:488][  0]LogConfig: Setting CVar [[r.Shadow.PreShadowResolutionFactor:1.0]]
[2021.01.14-19.31.38:488][  0]LogConfig: Setting CVar [[r.DistanceFieldShadowing:1]]
[2021.01.14-19.31.38:488][  0]LogConfig: Setting CVar [[r.DistanceFieldAO:1]]
[2021.01.14-19.31.38:488][  0]LogConfig: Setting CVar [[r.AOQuality:2]]
[2021.01.14-19.31.38:488][  0]LogConfig: Setting CVar [[r.VolumetricFog:1]]
[2021.01.14-19.31.38:488][  0]LogConfig: Setting CVar [[r.VolumetricFog.GridPixelSize:8]]
[2021.01.14-19.31.38:488][  0]LogConfig: Setting CVar [[r.VolumetricFog.GridSizeZ:128]]
[2021.01.14-19.31.38:488][  0]LogConfig: Setting CVar [[r.VolumetricFog.HistoryMissSupersampleCount:4]]
[2021.01.14-19.31.38:488][  0]LogConfig: Setting CVar [[r.LightMaxDrawDistanceScale:1]]
[2021.01.14-19.31.38:488][  0]LogConfig: Setting CVar [[r.CapsuleShadows:1]]
[2021.01.14-19.31.38:488][  0]LogConfig: Applying CVar settings from Section [PostProcessQuality@3] File [C:/Users/skaffenb/Documents/GitHub/Woodlands/Saved/Config/Windows/Scalability.ini]
[2021.01.14-19.31.38:489][  0]LogConfig: Setting CVar [[r.MotionBlurQuality:4]]
[2021.01.14-19.31.38:489][  0]LogConfig: Setting CVar [[r.AmbientOcclusionMipLevelFactor:0.4]]
[2021.01.14-19.31.38:489][  0]LogConfig: Setting CVar [[r.AmbientOcclusionMaxQuality:100]]
[2021.01.14-19.31.38:489][  0]LogConfig: Setting CVar [[r.AmbientOcclusionLevels:-1]]
[2021.01.14-19.31.38:489][  0]LogConfig: Setting CVar [[r.AmbientOcclusionRadiusScale:1.0]]
[2021.01.14-19.31.38:489][  0]LogConfig: Setting CVar [[r.DepthOfFieldQuality:2]]
[2021.01.14-19.31.38:489][  0]LogConfig: Setting CVar [[r.RenderTargetPoolMin:400]]
[2021.01.14-19.31.38:489][  0]LogConfig: Setting CVar [[r.LensFlareQuality:2]]
[2021.01.14-19.31.38:489][  0]LogConfig: Setting CVar [[r.SceneColorFringeQuality:1]]
[2021.01.14-19.31.38:489][  0]LogConfig: Setting CVar [[r.EyeAdaptationQuality:2]]
[2021.01.14-19.31.38:489][  0]LogConfig: Setting CVar [[r.BloomQuality:5]]
[2021.01.14-19.31.38:489][  0]LogConfig: Setting CVar [[r.FastBlurThreshold:100]]
[2021.01.14-19.31.38:489][  0]LogConfig: Setting CVar [[r.Upscale.Quality:3]]
[2021.01.14-19.31.38:489][  0]LogConfig: Setting CVar [[r.Tonemapper.GrainQuantization:1]]
[2021.01.14-19.31.38:489][  0]LogConfig: Setting CVar [[r.LightShaftQuality:1]]
[2021.01.14-19.31.38:489][  0]LogConfig: Setting CVar [[r.Filter.SizeScale:1]]
[2021.01.14-19.31.38:489][  0]LogConfig: Setting CVar [[r.Tonemapper.Quality:5]]
[2021.01.14-19.31.38:489][  0]LogConfig: Setting CVar [[r.DOF.Gather.AccumulatorQuality:1        ; higher gathering accumulator quality]]
[2021.01.14-19.31.38:489][  0]LogConfig: Setting CVar [[r.DOF.Gather.PostfilterMethod:1          ; Median3x3 postfilering method]]
[2021.01.14-19.31.38:489][  0]LogConfig: Setting CVar [[r.DOF.Gather.EnableBokehSettings:0       ; no bokeh simulation when gathering]]
[2021.01.14-19.31.38:489][  0]LogConfig: Setting CVar [[r.DOF.Gather.RingCount:4                 ; medium number of samples when gathering]]
[2021.01.14-19.31.38:489][  0]LogConfig: Setting CVar [[r.DOF.Scatter.ForegroundCompositing:1    ; additive foreground scattering]]
[2021.01.14-19.31.38:489][  0]LogConfig: Setting CVar [[r.DOF.Scatter.BackgroundCompositing:2    ; additive background scattering]]
[2021.01.14-19.31.38:489][  0]LogConfig: Setting CVar [[r.DOF.Scatter.EnableBokehSettings:1      ; bokeh simulation when scattering]]
[2021.01.14-19.31.38:489][  0]LogConfig: Setting CVar [[r.DOF.Scatter.MaxSpriteRatio:0.1         ; only a maximum of 10% of scattered bokeh]]
[2021.01.14-19.31.38:489][  0]LogConfig: Setting CVar [[r.DOF.Recombine.Quality:1                ; cheap slight out of focus]]
[2021.01.14-19.31.38:489][  0]LogConfig: Setting CVar [[r.DOF.Recombine.EnableBokehSettings:0    ; no bokeh simulation on slight out of focus]]
[2021.01.14-19.31.38:489][  0]LogConfig: Setting CVar [[r.DOF.TemporalAAQuality:1                ; more stable temporal accumulation]]
[2021.01.14-19.31.38:489][  0]LogConfig: Setting CVar [[r.DOF.Kernel.MaxForegroundRadius:0.025]]
[2021.01.14-19.31.38:489][  0]LogConfig: Setting CVar [[r.DOF.Kernel.MaxBackgroundRadius:0.025]]
[2021.01.14-19.31.38:489][  0]LogConfig: Applying CVar settings from Section [TextureQuality@3] File [C:/Users/skaffenb/Documents/GitHub/Woodlands/Saved/Config/Windows/Scalability.ini]
[2021.01.14-19.31.38:489][  0]LogConfig: Setting CVar [[r.Streaming.MipBias:0]]
[2021.01.14-19.31.38:489][  0]LogConfig: Setting CVar [[r.Streaming.AmortizeCPUToGPUCopy:0]]
[2021.01.14-19.31.38:489][  0]LogConfig: Setting CVar [[r.Streaming.MaxNumTexturesToStreamPerFrame:0]]
[2021.01.14-19.31.38:489][  0]LogConfig: Setting CVar [[r.Streaming.Boost:1]]
[2021.01.14-19.31.38:489][  0]LogConfig: Setting CVar [[r.MaxAnisotropy:8]]
[2021.01.14-19.31.38:489][  0]LogConfig: Setting CVar [[r.VT.MaxAnisotropy:8]]
[2021.01.14-19.31.38:489][  0]LogConfig: Setting CVar [[r.Streaming.LimitPoolSizeToVRAM:0]]
[2021.01.14-19.31.38:489][  0]LogConfig: Setting CVar [[r.Streaming.PoolSize:1000]]
[2021.01.14-19.31.38:489][  0]LogConfig: Setting CVar [[r.Streaming.MaxEffectiveScreenSize:0]]
[2021.01.14-19.31.38:489][  0]LogConfig: Applying CVar settings from Section [EffectsQuality@3] File [C:/Users/skaffenb/Documents/GitHub/Woodlands/Saved/Config/Windows/Scalability.ini]
[2021.01.14-19.31.38:489][  0]LogConfig: Setting CVar [[r.TranslucencyLightingVolumeDim:64]]
[2021.01.14-19.31.38:489][  0]LogConfig: Setting CVar [[r.RefractionQuality:2]]
[2021.01.14-19.31.38:489][  0]LogConfig: Setting CVar [[r.SSR.Quality:3]]
[2021.01.14-19.31.38:489][  0]LogConfig: Setting CVar [[r.SSR.HalfResSceneColor:0]]
[2021.01.14-19.31.38:489][  0]LogConfig: Setting CVar [[r.SceneColorFormat:4]]
[2021.01.14-19.31.38:489][  0]LogConfig: Setting CVar [[r.DetailMode:2]]
[2021.01.14-19.31.38:489][  0]LogConfig: Setting CVar [[r.TranslucencyVolumeBlur:1]]
[2021.01.14-19.31.38:489][  0]LogConfig: Setting CVar [[r.MaterialQualityLevel:1 ; High quality]]
[2021.01.14-19.31.38:489][  0]LogConfig: Setting CVar [[r.SSS.Scale:1]]
[2021.01.14-19.31.38:489][  0]LogConfig: Setting CVar [[r.SSS.SampleSet:2]]
[2021.01.14-19.31.38:489][  0]LogConfig: Setting CVar [[r.SSS.Quality:1]]
[2021.01.14-19.31.38:489][  0]LogConfig: Setting CVar [[r.SSS.HalfRes:0]]
[2021.01.14-19.31.38:489][  0]LogConfig: Setting CVar [[r.SSGI.Quality:3]]
[2021.01.14-19.31.38:489][  0]LogConfig: Setting CVar [[r.EmitterSpawnRateScale:1.0]]
[2021.01.14-19.31.38:489][  0]LogConfig: Setting CVar [[r.ParticleLightQuality:2]]
[2021.01.14-19.31.38:489][  0]LogConfig: Setting CVar [[r.SkyAtmosphere.AerialPerspectiveLUT.FastApplyOnOpaque:1 ; Always have FastSkyLUT 1 in this case to avoid wrong sky]]
[2021.01.14-19.31.38:489][  0]LogConfig: Setting CVar [[r.SkyAtmosphere.AerialPerspectiveLUT.SampleCountPerSlice:1]]
[2021.01.14-19.31.38:489][  0]LogConfig: Setting CVar [[r.SkyAtmosphere.AerialPerspectiveLUT.DepthResolution:16.0]]
[2021.01.14-19.31.38:489][  0]LogConfig: Setting CVar [[r.SkyAtmosphere.FastSkyLUT:1]]
[2021.01.14-19.31.38:489][  0]LogConfig: Setting CVar [[r.SkyAtmosphere.FastSkyLUT.SampleCountMin:4.0]]
[2021.01.14-19.31.38:489][  0]LogConfig: Setting CVar [[r.SkyAtmosphere.FastSkyLUT.SampleCountMax:32.0]]
[2021.01.14-19.31.38:489][  0]LogConfig: Setting CVar [[r.SkyAtmosphere.SampleCountMin:4.0]]
[2021.01.14-19.31.38:489][  0]LogConfig: Setting CVar [[r.SkyAtmosphere.SampleCountMax:32.0]]
[2021.01.14-19.31.38:489][  0]LogConfig: Setting CVar [[r.SkyAtmosphere.TransmittanceLUT.UseSmallFormat:0]]
[2021.01.14-19.31.38:489][  0]LogConfig: Setting CVar [[r.SkyAtmosphere.TransmittanceLUT.SampleCount:10.0]]
[2021.01.14-19.31.38:489][  0]LogConfig: Setting CVar [[r.SkyAtmosphere.MultiScatteringLUT.SampleCount:15.0]]
[2021.01.14-19.31.38:489][  0]LogConfig: Applying CVar settings from Section [FoliageQuality@3] File [C:/Users/skaffenb/Documents/GitHub/Woodlands/Saved/Config/Windows/Scalability.ini]
[2021.01.14-19.31.38:489][  0]LogConfig: Setting CVar [[foliage.DensityScale:1.0]]
[2021.01.14-19.31.38:489][  0]LogConfig: Setting CVar [[grass.DensityScale:1.0]]
[2021.01.14-19.31.38:489][  0]LogConfig: Applying CVar settings from Section [ShadingQuality@3] File [C:/Users/skaffenb/Documents/GitHub/Woodlands/Saved/Config/Windows/Scalability.ini]
[2021.01.14-19.31.38:489][  0]LogConfig: Setting CVar [[r.HairStrands.SkyLighting.SampleCount:16]]
[2021.01.14-19.31.38:489][  0]LogConfig: Setting CVar [[r.HairStrands.SkyLighting.JitterIntegration:0]]
[2021.01.14-19.31.38:489][  0]LogConfig: Setting CVar [[r.HairStrands.SkyAO.SampleCount:16]]
[2021.01.14-19.31.38:489][  0]LogConfig: Setting CVar [[r.HairStrands.DeepShadow.SuperSampling:0]]
[2021.01.14-19.31.38:489][  0]LogConfig: Setting CVar [[r.HairStrands.VisibilityPPLL:0]]
[2021.01.14-19.31.38:489][  0]LogConfig: Setting CVar [[r.HairStrands.RasterizationScale:0.5]]
[2021.01.14-19.31.38:489][  0]LogConfig: Setting CVar [[r.HairStrands.VelocityRasterizationScale:1]]
[2021.01.14-19.31.38:489][  0]LogConfig: Applying CVar settings from Section [Startup] File [../../../Engine/Config/ConsoleVariables.ini]
[2021.01.14-19.31.38:490][  0]LogConfig: Setting CVar [[net.UseAdaptiveNetUpdateFrequency:0]]
[2021.01.14-19.31.38:490][  0]LogConfig: Setting CVar [[p.chaos.AllowCreatePhysxBodies:1]]
[2021.01.14-19.31.38:490][  0]LogConfig: Setting CVar [[fx.SkipVectorVMBackendOptimizations:1]]
[2021.01.14-19.31.38:490][  0]LogConfig: Applying CVar settings from Section [ConsoleVariables] File [C:/Users/skaffenb/Documents/GitHub/Woodlands/Saved/Config/Windows/Engine.ini]
[2021.01.14-19.31.38:490][  0]LogInit: Computer: NQSCGL-MSI-03
[2021.01.14-19.31.38:490][  0]LogInit: User: skaffenb
[2021.01.14-19.31.38:490][  0]LogInit: CPU Page size=4096, Cores=4
[2021.01.14-19.31.38:490][  0]LogInit: High frequency timer resolution =10.000000 MHz
[2021.01.14-19.31.38:490][  0]LogMemory: Memory total: Physical=31.9GB (32GB approx)
[2021.01.14-19.31.38:490][  0]LogMemory: Platform Memory Stats for Windows
[2021.01.14-19.31.38:490][  0]LogMemory: Process Physical Memory: 117.58 MB used, 117.58 MB peak
[2021.01.14-19.31.38:490][  0]LogMemory: Process Virtual Memory: 98.10 MB used, 98.10 MB peak
[2021.01.14-19.31.38:490][  0]LogMemory: Physical Memory: 8777.38 MB used,  23935.14 MB free, 32712.53 MB total
[2021.01.14-19.31.38:490][  0]LogMemory: Virtual Memory: 5145.72 MB used,  134212584.00 MB free, 134217728.00 MB total
[2021.01.14-19.31.38:494][  0]LogWindows: WindowsPlatformFeatures enabled
[2021.01.14-19.31.38:525][  0]LogInit: Physics initialised using underlying interface: PhysX
[2021.01.14-19.31.38:525][  0]LogInit: Using OS detected language (en-US).
[2021.01.14-19.31.38:525][  0]LogInit: Using OS detected locale (en-US).
[2021.01.14-19.31.38:529][  0]LogTextLocalizationManager: No specific localization for 'en-US' exists, so the 'en' localization will be used.
[2021.01.14-19.31.38:693][  0]LogInit: Setting process to per monitor DPI aware
[2021.01.14-19.31.38:724][  0]LogSlate: New Slate User Created.  User Index 0, Is Virtual User: 0
[2021.01.14-19.31.38:725][  0]LogSlate: Slate User Registered.  User Index 0, Is Virtual User: 0
[2021.01.14-19.31.38:870][  0]LogHMD: Failed to initialize OpenVR with code 110
[2021.01.14-19.31.38:870][  0]LogD3D11RHI: D3D11 min allowed feature level: 11_0
[2021.01.14-19.31.38:870][  0]LogD3D11RHI: D3D11 max allowed feature level: 11_0
[2021.01.14-19.31.38:870][  0]LogD3D11RHI: D3D11 adapters:
[2021.01.14-19.31.38:940][  0]LogD3D11RHI:    0. 'NVIDIA GeForce GTX 1070' (Feature Level 11_0)
[2021.01.14-19.31.38:940][  0]LogD3D11RHI:       8088/0/16356 MB DedicatedVideo/DedicatedSystem/SharedSystem, Outputs:1, VendorId:0x10de
[2021.01.14-19.31.38:942][  0]LogD3D11RHI:    1. 'Microsoft Basic Render Driver' (Feature Level 11_0)
[2021.01.14-19.31.38:942][  0]LogD3D11RHI:       0/0/16356 MB DedicatedVideo/DedicatedSystem/SharedSystem, Outputs:0, VendorId:0x1414
[2021.01.14-19.31.38:942][  0]LogD3D11RHI: Chosen D3D11 Adapter: 0
[2021.01.14-19.31.38:950][  0]LogD3D11RHI: Creating new Direct3DDevice
[2021.01.14-19.31.38:950][  0]LogD3D11RHI:     GPU DeviceId: 0x1b81 (for the marketing name, search the web for "GPU Device Id")
[2021.01.14-19.31.38:950][  0]LogWindows: EnumDisplayDevices:
[2021.01.14-19.31.38:950][  0]LogWindows:    0. 'NVIDIA GeForce GTX 1070' (P:1 D:1)
[2021.01.14-19.31.38:950][  0]LogWindows:    1. 'NVIDIA GeForce GTX 1070' (P:0 D:0)
[2021.01.14-19.31.38:950][  0]LogWindows:    2. 'NVIDIA GeForce GTX 1070' (P:0 D:0)
[2021.01.14-19.31.38:951][  0]LogWindows:    3. 'NVIDIA GeForce GTX 1070' (P:0 D:0)
[2021.01.14-19.31.38:951][  0]LogWindows: DebugString: FoundDriverCount:4 
[2021.01.14-19.31.38:951][  0]LogD3D11RHI:     Adapter Name: NVIDIA GeForce GTX 1070
[2021.01.14-19.31.38:951][  0]LogD3D11RHI:   Driver Version: 451.67 (internal:27.21.14.5167, unified:451.67)
[2021.01.14-19.31.38:951][  0]LogD3D11RHI:      Driver Date: 7-5-2020
[2021.01.14-19.31.38:951][  0]LogRHI: Texture pool is 5661 MB (70% of 8088 MB)
[2021.01.14-19.31.38:989][  0]LogD3D11RHI: RHI has support for 64 bit atomics
[2021.01.14-19.31.38:991][  0]LogD3D11RHI: [Aftermath] Enabled and primed
[2021.01.14-19.31.38:991][  0]LogD3D11RHI: Async texture creation enabled
[2021.01.14-19.31.38:991][  0]LogD3D11RHI: Array index from any shader is supported
[2021.01.14-19.31.39:008][  0]LogD3D11RHI: GPU Timing Frequency: 1000.000000 (Debug: 2 1)
[2021.01.14-19.31.39:283][  0]LogTargetPlatformManager: Display: Loaded TargetPlatform 'AllDesktop'
[2021.01.14-19.31.39:302][  0]LogTargetPlatformManager: Display: Loaded TargetPlatform 'Android'
[2021.01.14-19.31.39:302][  0]LogTargetPlatformManager: Display: Loaded TargetPlatform 'Android_ASTC'
[2021.01.14-19.31.39:302][  0]LogTargetPlatformManager: Display: Loaded TargetPlatform 'Android_DXT'
[2021.01.14-19.31.39:302][  0]LogTargetPlatformManager: Display: Loaded TargetPlatform 'Android_ETC2'
[2021.01.14-19.31.39:302][  0]LogTargetPlatformManager: Display: Loaded TargetPlatform 'AndroidClient'
[2021.01.14-19.31.39:302][  0]LogTargetPlatformManager: Display: Loaded TargetPlatform 'Android_ASTCClient'
[2021.01.14-19.31.39:302][  0]LogTargetPlatformManager: Display: Loaded TargetPlatform 'Android_DXTClient'
[2021.01.14-19.31.39:302][  0]LogTargetPlatformManager: Display: Loaded TargetPlatform 'Android_ETC2Client'
[2021.01.14-19.31.39:302][  0]LogTargetPlatformManager: Display: Loaded TargetPlatform 'Android_Multi'
[2021.01.14-19.31.39:302][  0]LogTargetPlatformManager: Display: Loaded TargetPlatform 'Android_MultiClient'
[2021.01.14-19.31.39:323][  0]LogTargetPlatformManager: Display: Loaded TargetPlatform 'IOSClient'
[2021.01.14-19.31.39:323][  0]LogTargetPlatformManager: Display: Loaded TargetPlatform 'IOS'
[2021.01.14-19.31.39:332][  0]LogTargetPlatformManager: Display: Loaded TargetPlatform 'Linux'
[2021.01.14-19.31.39:340][  0]LogTargetPlatformManager: Display: Loaded TargetPlatform 'LinuxNoEditor'
[2021.01.14-19.31.39:349][  0]LogTargetPlatformManager: Display: Loaded TargetPlatform 'LinuxClient'
[2021.01.14-19.31.39:357][  0]LogTargetPlatformManager: Display: Loaded TargetPlatform 'LinuxServer'
[2021.01.14-19.31.39:365][  0]LogTargetPlatformManager: Display: Loaded TargetPlatform 'LinuxAArch64NoEditor'
[2021.01.14-19.31.39:373][  0]LogTargetPlatformManager: Display: Loaded TargetPlatform 'LinuxAArch64Client'
[2021.01.14-19.31.39:381][  0]LogTargetPlatformManager: Display: Loaded TargetPlatform 'LinuxAArch64Server'
[2021.01.14-19.31.39:405][  0]LogTargetPlatformManager: Display: Loaded TargetPlatform 'Lumin'
[2021.01.14-19.31.39:405][  0]LogTargetPlatformManager: Display: Loaded TargetPlatform 'LuminClient'
[2021.01.14-19.31.39:418][  0]LogTargetPlatformManager: Display: Loaded TargetPlatform 'TVOSClient'
[2021.01.14-19.31.39:418][  0]LogTargetPlatformManager: Display: Loaded TargetPlatform 'TVOS'
[2021.01.14-19.31.39:426][  0]LogTargetPlatformManager: Display: Loaded TargetPlatform 'WindowsNoEditor'
[2021.01.14-19.31.39:435][  0]LogTargetPlatformManager: Display: Loaded TargetPlatform 'Windows'
[2021.01.14-19.31.39:443][  0]LogTargetPlatformManager: Display: Loaded TargetPlatform 'WindowsClient'
[2021.01.14-19.31.39:451][  0]LogTargetPlatformManager: Display: Loaded TargetPlatform 'WindowsServer'
[2021.01.14-19.31.39:451][  0]LogTargetPlatformManager: Display: Building Assets For Windows
[2021.01.14-19.31.39:457][  0]LogAudioDebug: Display: Lib vorbis DLL was dynamically loaded.
[2021.01.14-19.31.39:507][  0]LogShaderCompilers: Guid format shader working directory is -10 characters bigger than the processId version (../../../../../../Users/skaffenb/Documents/GitHub/Woodlands/Intermediate/Shaders/WorkingDirectory/9364/).
[2021.01.14-19.31.39:507][  0]LogShaderCompilers: Cleaned the shader compiler working directory 'C:/Users/skaffenb/AppData/Local/Temp/UnrealShaderWorkingDir/C14795984B567AEB493955948D1A7203/'.
[2021.01.14-19.31.39:508][  0]LogXGEController: Cannot use XGE Controller as Incredibuild is not installed on this machine.
[2021.01.14-19.31.39:508][  0]LogShaderCompilers: Cannot use XGE Shader Compiler as Incredibuild is not installed on this machine.
[2021.01.14-19.31.39:508][  0]LogShaderCompilers: Display: Using Local Shader Compiler.
[2021.01.14-19.31.40:181][  0]LogDerivedDataCache: Display: Max Cache Size: 512 MB
[2021.01.14-19.31.40:233][  0]LogDerivedDataCache: Loaded boot cache 0.05s 77MB C:/Users/skaffenb/AppData/Local/UnrealEngine/4.25/DerivedDataCache/Boot.ddc.
[2021.01.14-19.31.40:233][  0]LogDerivedDataCache: Display: Loaded Boot cache: C:/Users/skaffenb/AppData/Local/UnrealEngine/4.25/DerivedDataCache/Boot.ddc
[2021.01.14-19.31.40:233][  0]LogDerivedDataCache: FDerivedDataBackendGraph:  Pak pak cache file ../../../../../../Users/skaffenb/Documents/GitHub/Woodlands/DerivedDataCache/DDC.ddp not found, will not use a pak cache.
[2021.01.14-19.31.40:233][  0]LogDerivedDataCache: Unable to find inner node Pak for hierarchical cache Hierarchy.
[2021.01.14-19.31.40:233][  0]LogDerivedDataCache: FDerivedDataBackendGraph:  CompressedPak pak cache file ../../../../../../Users/skaffenb/Documents/GitHub/Woodlands/DerivedDataCache/Compressed.ddp not found, will not use a pak cache.
[2021.01.14-19.31.40:233][  0]LogDerivedDataCache: Unable to find inner node CompressedPak for hierarchical cache Hierarchy.
[2021.01.14-19.31.40:242][  0]LogDerivedDataCache: Display: Pak cache opened for reading ../../../Engine/DerivedDataCache/Compressed.ddp.
[2021.01.14-19.31.40:242][  0]LogDerivedDataCache: FDerivedDataBackendGraph:  EnterprisePak pak cache file ../../../Enterprise/DerivedDataCache/Compressed.ddp not found, will not use a pak cache.
[2021.01.14-19.31.40:242][  0]LogDerivedDataCache: Unable to find inner node EnterprisePak for hierarchical cache Hierarchy.
[2021.01.14-19.31.40:243][  0]LogDerivedDataCache: Using Local data cache path C:/Users/skaffenb/AppData/Local/UnrealEngine/Common/DerivedDataCache: Writable
[2021.01.14-19.31.40:243][  0]LogDerivedDataCache: Shared data cache path not found in *engine.ini, will not use an Shared cache.
[2021.01.14-19.31.40:243][  0]LogDerivedDataCache: Unable to find inner node Shared for hierarchical cache Hierarchy.
[2021.01.14-19.31.40:290][  0]LogSlate: Using FreeType 2.10.0
[2021.01.14-19.31.40:291][  0]LogSlate: SlateFontServices - WITH_FREETYPE: 1, WITH_HARFBUZZ: 1
[2021.01.14-19.31.40:315][  0]LogAssetRegistry: FAssetRegistry took 0.0028 seconds to start up
[2021.01.14-19.31.40:532][  0]LogInit: Selected Device Profile: [Windows]
[2021.01.14-19.31.40:640][  0]LogMeshReduction: Using QuadricMeshReduction for automatic static mesh reduction
[2021.01.14-19.31.40:640][  0]LogMeshReduction: Using SimplygonMeshReduction for automatic skeletal mesh reduction
[2021.01.14-19.31.40:640][  0]LogMeshReduction: Using ProxyLODMeshReduction for automatic mesh merging
[2021.01.14-19.31.40:640][  0]LogMeshReduction: No distributed automatic mesh merging module available
[2021.01.14-19.31.40:640][  0]LogMeshMerging: No distributed automatic mesh merging module available
[2021.01.14-19.31.40:687][  0]LogMeshUtilities: Finished distance field build in 0.0s - 14x8x8 distance field, 4528 triangles, Range [-0.1, 0.6], MatineeCam_SM
[2021.01.14-19.31.40:687][  0]LogNetVersion: Woodlands 1.0.0, NetCL: 13144385, EngineNetVer: 14, GameNetVer: 0 (Checksum: 3948156164)
[2021.01.14-19.31.41:278][  0]LogAISub: UAISubsystem::UAISubsystem AISubsystem (000001A3E57BDA80), frame # 0
[2021.01.14-19.31.41:278][  0]LogAISub: UAISubsystem::UAISubsystem AIPerceptionSystem (000001A3E56E7B00), frame # 0
[2021.01.14-19.31.41:280][  0]LogAISub: UAISubsystem::UAISubsystem EnvQueryManager (000001A3E5770A00), frame # 0
[2021.01.14-19.31.41:349][  0]LogPackageLocalizationCache: Processed 19 localized package path(s) for 1 prioritized culture(s) in 0.061923 seconds
[2021.01.14-19.31.41:356][  0]LogUObjectArray: 15917 objects as part of root set at end of initial load.
[2021.01.14-19.31.41:356][  0]LogUObjectAllocator: 3965568 out of 0 bytes used by permanent object pool.
[2021.01.14-19.31.41:356][  0]LogUObjectArray: CloseDisregardForGC: 0/0 objects in disregard for GC pool
[2021.01.14-19.31.41:733][  0]LogTcpMessaging: Initializing TcpMessaging bridge
[2021.01.14-19.31.41:738][  0]LogUdpMessaging: Initializing bridge on interface 0.0.0.0:0 to multicast group 230.0.0.1:6666.
[2021.01.14-19.31.41:820][  0]SourceControl: Source control is disabled
[2021.01.14-19.31.41:820][  0]SourceControl: Source control is disabled
[2021.01.14-19.31.41:823][  0]SourceControl: Source control is disabled
[2021.01.14-19.31.41:826][  0]SourceControl: Source control is disabled
[2021.01.14-19.31.41:834][  0]SourceControl: Source control is disabled
[2021.01.14-19.31.41:847][  0]LogVSAccessor: Display: Unable to create Visual Studio setup instance: 80040154
[2021.01.14-19.31.41:848][  0]LogVSAccessor: Display: Unable to create Visual Studio setup instance: 80040154
[2021.01.14-19.31.42:100][  0]LogAndroidPermission: UAndroidPermissionCallbackProxy::GetInstance
[2021.01.14-19.31.42:122][  0]LogAudioCaptureCore: Display: No Audio Capture implementations found. Audio input will be silent.
[2021.01.14-19.31.42:122][  0]LogAudioCaptureCore: Display: No Audio Capture implementations found. Audio input will be silent.
[2021.01.14-19.31.42:181][  0]LogOcInput: OculusInput pre-init called
[2021.01.14-19.31.42:193][  0]LogWindows: Failed to load 'OVRPlugin.dll' (GetLastError=126)
[2021.01.14-19.31.42:193][  0]LogWindows: File 'OVRPlugin.dll' does not exist
[2021.01.14-19.31.42:268][  0]LogEngine: Initializing Engine...
[2021.01.14-19.31.42:270][  0]LogHMD: Failed to initialize OpenVR with code 110
[2021.01.14-19.31.42:270][  0]LogMagicLeap: Warning: VR disabled because ZI is not enabled.  To enable, in the editor, Edit -> Project Settings -> Plugins -> Magic Leap Plugin -> Enable Zero Iteration
[2021.01.14-19.31.42:271][  0]LogStats: UGameplayTagsManager::InitializeManager -  0.000 s
[2021.01.14-19.31.42:412][  0]LogInit: Initializing FReadOnlyCVARCache
[2021.01.14-19.31.42:420][  0]LogAIModule: Creating AISystem for world Untitled
[2021.01.14-19.31.42:420][  0]LogAISub: UAISubsystem::UAISubsystem EnvQueryManager (000001A3EBB75C00), frame # 0
[2021.01.14-19.31.42:420][  0]LogAISub: UAISubsystem::UAISubsystem AIPerceptionSystem (000001A3EBBA4680), frame # 0
[2021.01.14-19.31.42:437][  0]LogAudioMixer: Display: Audio Mixer Platform Settings:
[2021.01.14-19.31.42:437][  0]LogAudioMixer: Display: 	Sample Rate:						  48000
[2021.01.14-19.31.42:437][  0]LogAudioMixer: Display: 	Callback Buffer Frame Size Requested: 1024
[2021.01.14-19.31.42:437][  0]LogAudioMixer: Display: 	Callback Buffer Frame Size To Use:	  1024
[2021.01.14-19.31.42:437][  0]LogAudioMixer: Display: 	Number of buffers to queue:			  2
[2021.01.14-19.31.42:437][  0]LogAudioMixer: Display: 	Max Channels (voices):				  32
[2021.01.14-19.31.42:437][  0]LogAudioMixer: Display: 	Number of Async Source Workers:		  0
[2021.01.14-19.31.42:437][  0]LogAudio: Display: AudioDevice MaxSources: 32
[2021.01.14-19.31.42:438][  0]LogAudio: Display: Using built-in audio occlusion.
[2021.01.14-19.31.42:438][  0]LogAudioMixer: Display: Initializing audio mixer.
[2021.01.14-19.31.42:453][  0]LogAudioMixer: Display: 0: FrontLeft
[2021.01.14-19.31.42:453][  0]LogAudioMixer: Display: 1: FrontRight
[2021.01.14-19.31.42:488][  0]LogAudioMixer: Display: Using Audio Device Speakers (USB Audio Device)
[2021.01.14-19.31.42:491][  0]LogAudioMixer: Display: Initializing Sound Submixes...
[2021.01.14-19.31.42:493][  0]LogAudioMixer: Display: Creating Master Submix 'MasterSubmixDefault'
[2021.01.14-19.31.42:493][  0]LogAudioMixer: Display: Creating Master Submix 'MasterReverbSubmixDefault'
[2021.01.14-19.31.42:494][  0]LogAudioMixer: Display: Creating Master Submix 'MasterEQSubmixDefault'
[2021.01.14-19.31.42:495][  0]LogInit: FAudioDevice initialized.
[2021.01.14-19.31.42:495][  0]LogNetVersion: Set ProjectVersion to 1.0.0.0. Version Checksum will be recalculated on next use.
[2021.01.14-19.31.42:735][  0]LogDerivedDataCache: Saved boot cache 0.24s 77MB C:/Users/skaffenb/AppData/Local/UnrealEngine/4.25/DerivedDataCache/Boot.ddc.
[2021.01.14-19.31.42:738][  0]LogInit: Texture streaming: Enabled
[2021.01.14-19.31.42:754][  0]LogMeshUtilities: Finished distance field build in 2.0s - 64x64x20 distance field, 2048 triangles, Range [-0.0, 1.0], PlanarReflectionPlane
[2021.01.14-19.31.42:754][  0]LogEngineSessionManager: EngineSessionManager initialized
[2021.01.14-19.31.42:754][  0]LogEditorSessionSummary: Verbose: Initializing EditorSessionSummaryWriter for editor session tracking
[2021.01.14-19.31.42:756][  0]LogEditorSessionSummary: EditorSessionSummaryWriter initialized
[2021.01.14-19.31.42:824][  0]LogMeshUtilities: Discarded distance field for SplineEditorMesh as mesh was not closed!  Assign a two-sided material to fix.
[2021.01.14-19.31.42:824][  0]LogMeshUtilities: Finished distance field build in 0.0s - 15x15x8 distance field, 60 triangles, Range [-0.2, 1.0], SplineEditorMesh
[2021.01.14-19.31.42:824][  0]LogInit: Transaction tracking system initialized
[2021.01.14-19.31.42:847][  0]BlueprintLog: New page: Editor Load
[2021.01.14-19.31.42:925][  0]LocalizationService: Localization service is disabled
[2021.01.14-19.31.43:014][  0]LogVSAccessor: Display: Unable to create Visual Studio setup instance: 80040154
[2021.01.14-19.31.43:015][  0]LogVSAccessor: Display: Unable to create Visual Studio setup instance: 80040154
[2021.01.14-19.31.43:105][  0]LogCook: Display: Max memory allowance for cook 16384mb min free memory 0mb
[2021.01.14-19.31.43:105][  0]LogCook: Display: Mobile HDR setting 1
[2021.01.14-19.31.43:116][  0]LogFileCache: Scanning file cache for directory 'C:/Users/skaffenb/Documents/GitHub/Woodlands/Content/' took 0.01s
[2021.01.14-19.31.44:027][  0]SourceControl: Source control is disabled
[2021.01.14-19.31.44:027][  0]LogUnrealEdMisc: Loading editor; pre map load, took 6.975
[2021.01.14-19.31.44:028][  0]Cmd: MAP LOAD FILE="../../../../../../Users/skaffenb/Documents/GitHub/Woodlands/Content/TopDownBP/Maps/TopDownExampleMap.umap" TEMPLATE=0 SHOWPROGRESS=1 FEATURELEVEL=3
[2021.01.14-19.31.44:034][  0]LightingResults: New page: Lighting Build
[2021.01.14-19.31.44:035][  0]LogWorld: UWorld::CleanupWorld for Untitled, bSessionEnded=true, bCleanupResources=true
[2021.01.14-19.31.44:035][  0]LogSlate: InvalidateAllWidgets triggered.  All widgets were invalidated
[2021.01.14-19.31.44:035][  0]MapCheck: New page: Map Check
[2021.01.14-19.31.44:035][  0]LightingResults: New page: Lighting Build
[2021.01.14-19.31.44:042][  0]LogAISub: UAISubsystem::~UAISubsystem EnvQueryManager (000001A3EBB75C00), frame # 0
[2021.01.14-19.31.44:042][  0]LogAISub: UAISubsystem::~UAISubsystem AIPerceptionSystem (000001A3EBBA4680), frame # 0
[2021.01.14-19.31.44:043][  0]LogUObjectHash: Compacting FUObjectHashTables data took   0.83ms
[2021.01.14-19.31.45:349][  0]LogTexture: Display: Building textures: HQ_Lightmap0_3 (AutoDXT, 64X64)
[2021.01.14-19.31.45:349][  0]LogTexture: Display: Building textures: LQ_Lightmap_0_3 (DXT1, 64X64)
[2021.01.14-19.31.45:350][  0]LogTexture: Display: Building textures: SkyOcclusion0_2 (AutoDXT, 1024X512)
[2021.01.14-19.31.45:350][  0]LogTexture: Display: Building textures: LQ_Lightmap_0_2 (DXT1, 1024X1024)
[2021.01.14-19.31.45:350][  0]LogTexture: Display: Building textures: HQ_Lightmap0_2 (AutoDXT, 1024X1024)
[2021.01.14-19.31.45:350][  0]LogTexture: Display: Building textures: SkyOcclusion0_1 (AutoDXT, 2048X1024)
[2021.01.14-19.31.45:350][  0]LogTexture: Display: Building textures: LQ_Lightmap_0_1 (DXT1, 2048X2048)
[2021.01.14-19.31.45:350][  0]LogTexture: Display: Building textures: HQ_Lightmap0_1 (AutoDXT, 2048X2048)
[2021.01.14-19.31.45:350][  0]LogTexture: Display: Building textures: SkyOcclusion0_3 (AutoDXT, 64X32)
[2021.01.14-19.31.45:350][  0]LogTexture: Display: Building textures: ShadowMapTexture2D_1 (G8, 32X32)
[2021.01.14-19.31.45:350][  0]LogTexture: Display: Building textures: grass_05_brush_04_Vec (BGRA8, 6X2)
[2021.01.14-19.31.45:350][  0]LogTexture: Display: Building textures: grass_05_brush_04_PIV (RGBA16F, 6X2)
[2021.01.14-19.31.45:350][  0]LogTexture: Display: Building textures: grass_05_brush_03_Vec (BGRA8, 3X3)
[2021.01.14-19.31.45:350][  0]LogTexture: Display: Building textures: grass_05_brush_03_PIV (RGBA16F, 3X3)
[2021.01.14-19.31.45:350][  0]LogTexture: Display: Building textures: grass_05_brush_02_Vec (BGRA8, 3X2)
[2021.01.14-19.31.45:350][  0]LogTexture: Display: Building textures: grass_05_brush_02_PIV (RGBA16F, 3X2)
[2021.01.14-19.31.45:350][  0]LogTexture: Display: Building textures: grass_05_brush_01_Vec (BGRA8, 3X2)
[2021.01.14-19.31.45:350][  0]LogTexture: Display: Building textures: grass_05_brush_01_PIV (RGBA16F, 3X2)
[2021.01.14-19.31.45:350][  0]LogTexture: Display: Building textures: single_Vec (BGRA8, 1X1)
[2021.01.14-19.31.45:350][  0]LogTexture: Display: Building textures: single_PIV (RGBA16F, 1X1)
[2021.01.14-19.31.45:350][  0]LogTexture: Display: Building textures: grass_04_Brush_02_Vec (BGRA8, 7X2)
[2021.01.14-19.31.45:350][  0]LogTexture: Display: Building textures: grass_04_Brush_02_PIV (RGBA16F, 7X2)
[2021.01.14-19.31.45:350][  0]LogMaterial: Display: Missing cached shader map for material MA_lowpolyGrass, compiling. 
[2021.01.14-19.31.45:504][  0]LogTexture: Display: Building textures: grass_04_Brush_01_Vec (BGRA8, 4X2)
[2021.01.14-19.31.45:504][  0]LogTexture: Display: Building textures: grass_04_Brush_01_PIV (RGBA16F, 4X2)
[2021.01.14-19.31.45:504][  0]LogTexture: Display: Building textures: grass_03_Brush_05_Vec (BGRA8, 5X4)
[2021.01.14-19.31.45:504][  0]LogTexture: Display: Building textures: grass_03_Brush_05_PIV (RGBA16F, 5X4)
[2021.01.14-19.31.45:504][  0]LogTexture: Display: Building textures: grass_03_Brush_04_Vec (BGRA8, 4X2)
[2021.01.14-19.31.45:504][  0]LogTexture: Display: Building textures: grass_03_Brush_04_PIV (RGBA16F, 4X2)
[2021.01.14-19.31.45:504][  0]LogTexture: Display: Building textures: grass_03_Brush_03_Vec (BGRA8, 8X2)
[2021.01.14-19.31.45:504][  0]LogTexture: Display: Building textures: grass_03_Brush_03_PIV (RGBA16F, 8X2)
[2021.01.14-19.31.45:504][  0]LogTexture: Display: Building textures: grass_03_Brush_02_Vec (BGRA8, 4X2)
[2021.01.14-19.31.45:504][  0]LogTexture: Display: Building textures: grass_03_Brush_02_PIV (RGBA16F, 4X2)
[2021.01.14-19.31.45:504][  0]LogTexture: Display: Building textures: grass_03_Brush_01_Vec (BGRA8, 2X2)
[2021.01.14-19.31.45:504][  0]LogTexture: Display: Building textures: grass_03_Brush_01_PIV (RGBA16F, 2X2)
[2021.01.14-19.31.45:504][  0]LogTexture: Display: Building textures: grass_02_Brush_06_Vec (BGRA8, 9X2)
[2021.01.14-19.31.45:504][  0]LogTexture: Display: Building textures: grass_02_Brush_06_PIV (RGBA16F, 9X2)
[2021.01.14-19.31.45:504][  0]LogTexture: Display: Building textures: grass_02_Brush_04_Vec (BGRA8, 5X4)
[2021.01.14-19.31.45:504][  0]LogTexture: Display: Building textures: grass_02_Brush_04_PIV (RGBA16F, 5X4)
[2021.01.14-19.31.45:504][  0]LogTexture: Display: Building textures: grass_02_Brush_03_Vec (BGRA8, 3X3)
[2021.01.14-19.31.45:504][  0]LogTexture: Display: Building textures: grass_02_Brush_03_PIV (RGBA16F, 3X3)
[2021.01.14-19.31.45:504][  0]LogTexture: Display: Building textures: grass_02_Brush_02_Vec (BGRA8, 5X3)
[2021.01.14-19.31.45:504][  0]LogTexture: Display: Building textures: grass_02_Brush_02_PIV (RGBA16F, 5X3)
[2021.01.14-19.31.45:504][  0]LogTexture: Display: Building textures: grass_02_Brush_01_Vec (BGRA8, 4X2)
[2021.01.14-19.31.45:504][  0]LogTexture: Display: Building textures: grass_02_Brush_01_PIV (RGBA16F, 4X2)
[2021.01.14-19.31.45:504][  0]LogTexture: Display: Building textures: Grass_01_Brush_06_Vec (BGRA8, 13X2)
[2021.01.14-19.31.45:504][  0]LogTexture: Display: Building textures: Grass_01_Brush_06_PIV (RGBA16F, 13X2)
[2021.01.14-19.31.45:504][  0]LogTexture: Display: Building textures: grass_02_Brush_05_Vec (BGRA8, 4X2)
[2021.01.14-19.31.45:504][  0]LogTexture: Display: Building textures: grass_02_Brush_05_PIV (RGBA16F, 4X2)
[2021.01.14-19.31.45:504][  0]LogTexture: Display: Building textures: Grass_01_Brush_04_Vec (BGRA8, 6X5)
[2021.01.14-19.31.45:504][  0]LogTexture: Display: Building textures: Grass_01_Brush_04_PIV (RGBA16F, 6X5)
[2021.01.14-19.31.45:504][  0]LogTexture: Display: Building textures: Grass_01_Brush_03_Vec (BGRA8, 6X2)
[2021.01.14-19.31.45:504][  0]LogTexture: Display: Building textures: Grass_01_Brush_03_PIV (RGBA16F, 6X2)
[2021.01.14-19.31.45:504][  0]LogTexture: Display: Building textures: Grass_01_Brush_02_Vec (BGRA8, 11X2)
[2021.01.14-19.31.45:504][  0]LogTexture: Display: Building textures: Grass_01_Brush_02_PIV (RGBA16F, 11X2)
[2021.01.14-19.31.45:504][  0]LogTexture: Display: Building textures: Grass_01_Brush_01_Vec (BGRA8, 5X3)
[2021.01.14-19.31.45:504][  0]LogTexture: Display: Building textures: Grass_01_Brush_01_PIV (RGBA16F, 5X3)
[2021.01.14-19.31.45:504][  0]LogTexture: Display: Building textures: grass_05_brush_05_Vec (BGRA8, 10X2)
[2021.01.14-19.31.45:504][  0]LogTexture: Display: Building textures: grass_05_brush_05_PIV (RGBA16F, 10X2)
[2021.01.14-19.31.45:504][  0]LogTexture: Display: Building textures: ShadowMapTexture2D_0 (G8, 2048X2048)
[2021.01.14-19.31.45:504][  0]LogMaterial: Display: Missing cached shader map for material MA_lowpolyGrass, compiling. 
[2021.01.14-19.31.45:594][  0]LogShaderCompilers: Display: Worker (1/5): shaders left to compile 93
[2021.01.14-19.31.45:594][  0]LogShaderCompilers: Display: Worker (2/5): shaders left to compile 83
[2021.01.14-19.31.45:594][  0]LogShaderCompilers: Display: Worker (3/5): shaders left to compile 73
[2021.01.14-19.31.45:594][  0]LogShaderCompilers: Display: Worker (4/5): shaders left to compile 63
[2021.01.14-19.31.45:594][  0]LogShaderCompilers: Display: Worker (5/5): shaders left to compile 53
[2021.01.14-19.31.45:609][  0]LogTexture: Display: Building textures: curved-white-arrowF (AutoDXT, 1600X1600)
[2021.01.14-19.31.45:861][  0]LogTexture: Display: Building textures: Texture2D_0 (BGRA8, 64X64)
[2021.01.14-19.31.45:861][  0]LogTexture: Display: Building textures: Texture2D_1 (BGRA8, 64X64)
[2021.01.14-19.31.45:861][  0]LogTexture: Display: Building textures: Texture2D_10 (BGRA8, 32X32)
[2021.01.14-19.31.45:861][  0]LogTexture: Display: Building textures: Texture2D_11 (BGRA8, 32X32)
[2021.01.14-19.31.45:861][  0]LogTexture: Display: Building textures: Texture2D_12 (BGRA8, 32X32)
[2021.01.14-19.31.45:861][  0]LogTexture: Display: Building textures: Texture2D_3 (BGRA8, 32X32)
[2021.01.14-19.31.45:861][  0]LogTexture: Display: Building textures: Texture2D_4 (BGRA8, 32X32)
[2021.01.14-19.31.45:861][  0]LogTexture: Display: Building textures: Texture2D_7 (BGRA8, 32X32)
[2021.01.14-19.31.45:861][  0]LogTexture: Display: Building textures: Texture2D_8 (BGRA8, 32X32)
[2021.01.14-19.31.45:861][  0]LogTexture: Display: Building textures: Texture2D_9 (BGRA8, 32X32)
[2021.01.14-19.31.45:861][  0]LogStaticMesh: Building static mesh tree3d3_005...
[2021.01.14-19.31.46:050][  0]LogStaticMesh: Built static mesh [0.19s] /Game/TopDownBP/Tree/TreeModels/tree3d3_005.tree3d3_005
[2021.01.14-19.31.47:383][  0]LogStaticMesh: Building static mesh tree3d3_004...
[2021.01.14-19.31.47:585][  0]LogStaticMesh: Built static mesh [0.20s] /Game/TopDownBP/Tree/TreeModels/tree3d3_004.tree3d3_004
[2021.01.14-19.31.47:599][  0]LogStaticMesh: Building static mesh tree3d3_003...
[2021.01.14-19.31.47:787][  0]LogStaticMesh: Built static mesh [0.19s] /Game/TopDownBP/Tree/TreeModels/tree3d3_003.tree3d3_003
[2021.01.14-19.31.47:801][  0]LogStaticMesh: Building static mesh tree3d3_002...
[2021.01.14-19.31.47:973][  0]LogStaticMesh: Built static mesh [0.17s] /Game/TopDownBP/Tree/TreeModels/tree3d3_002.tree3d3_002
[2021.01.14-19.31.47:988][  0]LogMaterial: Display: Missing cached shader map for material Trunk, compiling. 
[2021.01.14-19.31.48:004][  0]LogMaterial: Display: Missing cached shader map for material Leaves, compiling. 
[2021.01.14-19.31.48:018][  0]LogStaticMesh: Building static mesh tree3d3_001...
[2021.01.14-19.31.48:188][  0]LogStaticMesh: Built static mesh [0.17s] /Game/TopDownBP/Tree/TreeModels/tree3d3_001.tree3d3_001
[2021.01.14-19.31.48:203][  0]LogMaterial: Display: Missing cached shader map for material Water, compiling. 
[2021.01.14-19.31.48:230][  0]LogMaterial: Display: Missing cached shader map for material GroundCoverProcedural, compiling. 
[2021.01.14-19.31.48:821][  0]LogStaticMesh: Building static mesh grass_05_brush_05...
[2021.01.14-19.31.48:925][  0]LogStaticMesh: Built static mesh [0.11s] /Game/PN_LowpolyGras/Meshes/Grass_05/grass_05_brush_05.grass_05_brush_05
[2021.01.14-19.31.48:936][  0]LogStaticMesh: Building static mesh grass_05_brush_04...
[2021.01.14-19.31.48:996][  0]LogStaticMesh: Built static mesh [0.06s] /Game/PN_LowpolyGras/Meshes/Grass_05/grass_05_brush_04.grass_05_brush_04
[2021.01.14-19.31.49:005][  0]LogStaticMesh: Building static mesh grass_05_brush_03...
[2021.01.14-19.31.49:053][  0]LogStaticMesh: Built static mesh [0.05s] /Game/PN_LowpolyGras/Meshes/Grass_05/grass_05_brush_03.grass_05_brush_03
[2021.01.14-19.31.49:060][  0]LogStaticMesh: Building static mesh grass_05_brush_02...
[2021.01.14-19.31.49:094][  0]LogStaticMesh: Built static mesh [0.03s] /Game/PN_LowpolyGras/Meshes/Grass_05/grass_05_brush_02.grass_05_brush_02
[2021.01.14-19.31.49:101][  0]LogStaticMesh: Building static mesh grass_05_brush_01...
[2021.01.14-19.31.49:133][  0]LogStaticMesh: Built static mesh [0.03s] /Game/PN_LowpolyGras/Meshes/Grass_05/grass_05_brush_01.grass_05_brush_01
[2021.01.14-19.31.49:136][  0]LogStaticMesh: Building static mesh grass_04_single_03...
[2021.01.14-19.31.49:157][  0]LogStaticMesh: Built static mesh [0.02s] /Game/PN_LowpolyGras/Meshes/Grass_04/grass_04_single_03.grass_04_single_03
[2021.01.14-19.31.49:160][  0]LogStaticMesh: Building static mesh grass_04_single_02...
[2021.01.14-19.31.49:177][  0]LogStaticMesh: Built static mesh [0.02s] /Game/PN_LowpolyGras/Meshes/Grass_04/grass_04_single_02.grass_04_single_02
[2021.01.14-19.31.49:181][  0]LogStaticMesh: Building static mesh grass_04_single_01...
[2021.01.14-19.31.49:202][  0]LogStaticMesh: Built static mesh [0.02s] /Game/PN_LowpolyGras/Meshes/Grass_04/grass_04_single_01.grass_04_single_01
[2021.01.14-19.31.49:224][  0]LogStaticMesh: Building static mesh grass_04_Brush_02...
[2021.01.14-19.31.49:495][  0]LogStaticMesh: Built static mesh [0.27s] /Game/PN_LowpolyGras/Meshes/Grass_04/grass_04_Brush_02.grass_04_Brush_02
[2021.01.14-19.31.49:511][  0]LogStaticMesh: Building static mesh grass_04_Brush_01...
[2021.01.14-19.31.49:657][  0]LogStaticMesh: Built static mesh [0.15s] /Game/PN_LowpolyGras/Meshes/Grass_04/grass_04_Brush_01.grass_04_Brush_01
[2021.01.14-19.31.49:670][  0]LogStaticMesh: Building static mesh grass_03_Brush_05...
[2021.01.14-19.31.49:797][  0]LogStaticMesh: Built static mesh [0.13s] /Game/PN_LowpolyGras/Meshes/Grass_03/grass_03_Brush_05.grass_03_Brush_05
[2021.01.14-19.31.49:805][  0]LogStaticMesh: Building static mesh grass_03_Brush_04...
[2021.01.14-19.31.49:857][  0]LogStaticMesh: Built static mesh [0.05s] /Game/PN_LowpolyGras/Meshes/Grass_03/grass_03_Brush_04.grass_03_Brush_04
[2021.01.14-19.31.49:868][  0]LogStaticMesh: Building static mesh grass_03_Brush_03...
[2021.01.14-19.31.49:978][  0]LogStaticMesh: Built static mesh [0.11s] /Game/PN_LowpolyGras/Meshes/Grass_03/grass_03_Brush_03.grass_03_Brush_03
[2021.01.14-19.31.49:987][  0]LogStaticMesh: Building static mesh grass_03_Brush_02...
[2021.01.14-19.31.50:042][  0]LogStaticMesh: Built static mesh [0.06s] /Game/PN_LowpolyGras/Meshes/Grass_03/grass_03_Brush_02.grass_03_Brush_02
[2021.01.14-19.31.50:047][  0]LogStaticMesh: Building static mesh grass_03_Brush_01...
[2021.01.14-19.31.50:077][  0]LogStaticMesh: Built static mesh [0.03s] /Game/PN_LowpolyGras/Meshes/Grass_03/grass_03_Brush_01.grass_03_Brush_01
[2021.01.14-19.31.50:083][  0]LogStaticMesh: Building static mesh grass_02_Brush_06...
[2021.01.14-19.31.50:110][  0]LogStaticMesh: Built static mesh [0.03s] /Game/PN_LowpolyGras/Meshes/Grass_02/grass_02_Brush_06.grass_02_Brush_06
[2021.01.14-19.31.50:163][  0]LogStaticMesh: Building static mesh grass_02_Brush_05...
[2021.01.14-19.31.50:177][  0]LogStaticMesh: Built static mesh [0.01s] /Game/PN_LowpolyGras/Meshes/Grass_02/grass_02_Brush_05.grass_02_Brush_05
[2021.01.14-19.31.50:182][  0]LogStaticMesh: Building static mesh grass_02_Brush_04...
[2021.01.14-19.31.50:206][  0]LogStaticMesh: Built static mesh [0.02s] /Game/PN_LowpolyGras/Meshes/Grass_02/grass_02_Brush_04.grass_02_Brush_04
[2021.01.14-19.31.50:209][  0]LogStaticMesh: Building static mesh grass_02_Brush_03...
[2021.01.14-19.31.50:225][  0]LogStaticMesh: Built static mesh [0.02s] /Game/PN_LowpolyGras/Meshes/Grass_02/grass_02_Brush_03.grass_02_Brush_03
[2021.01.14-19.31.50:229][  0]LogStaticMesh: Building static mesh grass_02_Brush_02...
[2021.01.14-19.31.50:254][  0]LogStaticMesh: Built static mesh [0.02s] /Game/PN_LowpolyGras/Meshes/Grass_02/grass_02_Brush_02.grass_02_Brush_02
[2021.01.14-19.31.50:257][  0]LogStaticMesh: Building static mesh grass_02_Brush_01...
[2021.01.14-19.31.50:271][  0]LogStaticMesh: Built static mesh [0.01s] /Game/PN_LowpolyGras/Meshes/Grass_02/grass_02_Brush_01.grass_02_Brush_01
[2021.01.14-19.31.50:278][  0]LogStaticMesh: Building static mesh grass_01_Brush_06...
[2021.01.14-19.31.50:321][  0]LogStaticMesh: Built static mesh [0.04s] /Game/PN_LowpolyGras/Meshes/Grass_01/grass_01_Brush_06.grass_01_Brush_06
[2021.01.14-19.31.50:325][  0]LogStaticMesh: Building static mesh grass_01_Brush_05...
[2021.01.14-19.31.50:342][  0]LogStaticMesh: Built static mesh [0.02s] /Game/PN_LowpolyGras/Meshes/Grass_01/grass_01_Brush_05.grass_01_Brush_05
[2021.01.14-19.31.50:353][  0]LogStaticMesh: Building static mesh grass_01_Brush_04...
[2021.01.14-19.31.50:401][  0]LogStaticMesh: Built static mesh [0.05s] /Game/PN_LowpolyGras/Meshes/Grass_01/grass_01_Brush_04.grass_01_Brush_04
[2021.01.14-19.31.50:407][  0]LogStaticMesh: Building static mesh grass_01_Brush_03...
[2021.01.14-19.31.50:427][  0]LogStaticMesh: Built static mesh [0.02s] /Game/PN_LowpolyGras/Meshes/Grass_01/grass_01_Brush_03.grass_01_Brush_03
[2021.01.14-19.31.50:435][  0]LogStaticMesh: Building static mesh grass_01_Brush_02...
[2021.01.14-19.31.50:474][  0]LogStaticMesh: Built static mesh [0.04s] /Game/PN_LowpolyGras/Meshes/Grass_01/grass_01_Brush_02.grass_01_Brush_02
[2021.01.14-19.31.50:480][  0]LogStaticMesh: Building static mesh grass_01_Brush_01...
[2021.01.14-19.31.50:503][  0]LogStaticMesh: Built static mesh [0.02s] /Game/PN_LowpolyGras/Meshes/Grass_01/grass_01_Brush_01.grass_01_Brush_01
[2021.01.14-19.31.50:675][  0]LogMaterial: Display: Missing cached shader map for material GroundCoverProcedural, compiling. 
[2021.01.14-19.31.50:729][  0]LogMaterial: Display: Missing cached shader map for material GroundCoverProcedural, compiling. 
[2021.01.14-19.31.50:778][  0]LogAIModule: Creating AISystem for world TopDownExampleMap
[2021.01.14-19.31.50:778][  0]LogAISub: UAISubsystem::UAISubsystem EnvQueryManager (000001A385207E00), frame # 0
[2021.01.14-19.31.50:778][  0]LogAISub: UAISubsystem::UAISubsystem AIPerceptionSystem (000001A38520FB00), frame # 0
[2021.01.14-19.31.50:822][  0]LogEditorServer: Finished looking for orphan Actors (0.000 secs)
[2021.01.14-19.31.50:823][  0]LogNavigationDataBuild: Display:    Building NavData:  Name Default class /Script/NavigationSystem.RecastNavMesh agent radius 35.0.
[2021.01.14-19.31.50:841][  0]LogUObjectHash: Compacting FUObjectHashTables data took   1.06ms
[2021.01.14-19.31.50:841][  0]Cmd: MAP CHECKDEP NOCLEARLOG
[2021.01.14-19.31.50:842][  0]MapCheck: Map check complete: 0 Error(s), 0 Warning(s), took 0.142ms to complete.
[2021.01.14-19.31.50:842][  0]LogFileHelpers: Loading map 'TopDownExampleMap' took 6.815
[2021.01.14-19.31.50:844][  0]LogUnrealEdMisc: Total Editor Startup Time, took 13.791
[2021.01.14-19.31.50:993][  0]LogSlate: Updating window title bar state: overlay mode, drag disabled, window buttons hidden, title bar hidden
[2021.01.14-19.31.51:001][  0]LogSlate: Updating window title bar state: overlay mode, drag disabled, window buttons hidden, title bar hidden
[2021.01.14-19.31.51:011][  0]LogSlate: Updating window title bar state: overlay mode, drag disabled, window buttons hidden, title bar hidden
[2021.01.14-19.31.51:023][  0]LogSlate: Updating window title bar state: overlay mode, drag disabled, window buttons hidden, title bar hidden
[2021.01.14-19.31.51:032][  0]LogCollectionManager: Loaded 0 collections in 0.002396 seconds
[2021.01.14-19.31.51:057][  0]LogFileCache: Scanning file cache for directory 'C:/Users/skaffenb/Documents/GitHub/Woodlands/Saved/Collections/' took 0.00s
[2021.01.14-19.31.51:057][  0]LogFileCache: Scanning file cache for directory 'C:/Users/skaffenb/Documents/GitHub/Woodlands/Content/Developers/skaffenb/Collections/' took 0.00s
[2021.01.14-19.31.51:057][  0]LogFileCache: Scanning file cache for directory 'C:/Users/skaffenb/Documents/GitHub/Woodlands/Content/Collections/' took 0.00s
[2021.01.14-19.31.51:057][  0]LogContentBrowser: Native class hierarchy populated in 0.0113 seconds. Added 3427 classes and 821 folders.
[2021.01.14-19.31.51:060][  0]LogContentBrowser: Native class hierarchy updated for 'WidgetCarousel' in 0.0003 seconds. Added 0 classes and 0 folders.
[2021.01.14-19.31.51:124][  0]LogContentBrowser: Native class hierarchy updated for 'AddContentDialog' in 0.0003 seconds. Added 0 classes and 0 folders.
[2021.01.14-19.31.51:126][  0]LogContentBrowser: Native class hierarchy updated for 'SceneOutliner' in 0.0003 seconds. Added 2 classes and 0 folders.
[2021.01.14-19.31.51:170][  0]LogSlate: Took 0.000143 seconds to synchronously load lazily loaded font '../../../Engine/Content/Slate/Fonts/Roboto-Regular.ttf' (155K)
[2021.01.14-19.31.51:172][  0]LogSlate: Took 0.000127 seconds to synchronously load lazily loaded font '../../../Engine/Content/Slate/Fonts/Roboto-Bold.ttf' (160K)
[2021.01.14-19.31.51:176][  0]LogSlate: Took 0.000134 seconds to synchronously load lazily loaded font '../../../Engine/Content/Editor/Slate/Fonts/FontAwesome.ttf' (139K)
[2021.01.14-19.31.51:250][  0]LogRenderer: Reallocating scene render targets to support 1056x556 Format 10 NumSamples 1 (Frame:1).
[2021.01.14-19.31.51:403][  0]LogSlate: Took 0.000154 seconds to synchronously load lazily loaded font '../../../Engine/Content/Slate/Fonts/Roboto-Light.ttf' (167K)
[2021.01.14-19.31.53:283][  0]LogMeshUtilities: Finished distance field build in 10.4s - 64x64x64 distance field, 3968 triangles, Range [-0.1, 1.0], EditorSkySphere
[2021.01.14-19.31.53:283][  0]LogMeshUtilities: Finished distance field build in 0.0s - 8x8x8 distance field, 210 triangles, Range [-0.2, 0.7], grass_01_Brush_01
[2021.01.14-19.31.53:283][  0]LogMeshUtilities: Discarded distance field for grass_01_Brush_02 as mesh was not closed!  Assign a two-sided material to fix.
[2021.01.14-19.31.53:283][  0]LogMeshUtilities: Finished distance field build in 0.0s - 8x8x8 distance field, 308 triangles, Range [-0.3, 0.9], grass_01_Brush_02
[2021.01.14-19.31.53:284][  0]LogMeshUtilities: Finished distance field build in 0.0s - 8x8x8 distance field, 168 triangles, Range [-0.0, 0.6], grass_01_Brush_03
[2021.01.14-19.31.53:284][  0]LogMeshUtilities: Finished distance field build in 0.0s - 8x8x8 distance field, 406 triangles, Range [-0.1, 0.7], grass_01_Brush_04
[2021.01.14-19.31.53:284][  0]LogMeshUtilities: Discarded distance field for grass_01_Brush_05 as mesh was not closed!  Assign a two-sided material to fix.
[2021.01.14-19.31.53:284][  0]LogMeshUtilities: Finished distance field build in 0.0s - 8x8x11 distance field, 168 triangles, Range [-0.2, 0.5], grass_01_Brush_05
[2021.01.14-19.31.53:284][  0]LogMeshUtilities: Finished distance field build in 0.0s - 8x8x11 distance field, 364 triangles, Range [-0.0, 0.6], grass_01_Brush_06
[2021.01.14-19.31.53:284][  0]LogMeshUtilities: Discarded distance field for grass_02_Brush_01 as mesh was not closed!  Assign a two-sided material to fix.
[2021.01.14-19.31.53:284][  0]LogMeshUtilities: Finished distance field build in 0.0s - 8x8x8 distance field, 98 triangles, Range [-0.3, 0.8], grass_02_Brush_01
[2021.01.14-19.31.53:284][  0]LogSlate: Window 'Tutorials' being destroyed
[2021.01.14-19.31.53:294][  0]LogMeshUtilities: Discarded distance field for grass_02_Brush_02 as mesh was not closed!  Assign a two-sided material to fix.
[2021.01.14-19.31.53:294][  0]LogMeshUtilities: Finished distance field build in 0.0s - 8x8x8 distance field, 210 triangles, Range [-0.3, 0.9], grass_02_Brush_02
[2021.01.14-19.31.53:294][  0]LogContentBrowser: Native class hierarchy updated for 'HierarchicalLODOutliner' in 0.0003 seconds. Added 0 classes and 0 folders.
[2021.01.14-19.31.53:294][  0]LogLoad: (Engine Initialization) Total time: 16.24 seconds
[2021.01.14-19.31.53:294][  0]LogLoad: (Engine Initialization) Total Blueprint compile time: 0.00 seconds
[2021.01.14-19.31.53:311][  0]LogMeshUtilities: Discarded distance field for grass_02_Brush_03 as mesh was not closed!  Assign a two-sided material to fix.
[2021.01.14-19.31.53:311][  0]LogMeshUtilities: Finished distance field build in 0.0s - 8x8x8 distance field, 126 triangles, Range [-0.4, 0.8], grass_02_Brush_03
[2021.01.14-19.31.53:354][  0]LogMeshUtilities: Discarded distance field for grass_02_Brush_04 as mesh was not closed!  Assign a two-sided material to fix.
[2021.01.14-19.31.53:355][  0]LogMeshUtilities: Finished distance field build in 0.0s - 8x8x8 distance field, 238 triangles, Range [-0.4, 0.8], grass_02_Brush_04
[2021.01.14-19.31.53:355][  0]LogMeshUtilities: Discarded distance field for grass_02_Brush_05 as mesh was not closed!  Assign a two-sided material to fix.
[2021.01.14-19.31.53:355][  0]LogMeshUtilities: Finished distance field build in 0.0s - 8x8x8 distance field, 112 triangles, Range [-0.3, 0.7], grass_02_Brush_05
[2021.01.14-19.31.53:355][  0]LogAssetRegistry: Asset discovery search completed in 13.0428 seconds
[2021.01.14-19.31.53:359][  0]LogMeshUtilities: Discarded distance field for grass_02_Brush_06 as mesh was not closed!  Assign a two-sided material to fix.
[2021.01.14-19.31.53:359][  0]LogMeshUtilities: Finished distance field build in 0.0s - 8x8x8 distance field, 252 triangles, Range [-0.3, 0.9], grass_02_Brush_06
[2021.01.14-19.31.53:359][  0]LogCollectionManager: Fixed up redirectors for 0 collections in 0.000003 seconds (updated 0 objects)
[2021.01.14-19.31.53:359][  0]LogContentStreaming: Texture pool size now 1000 MB
[2021.01.14-19.31.53:435][  0]LogMeshUtilities: Finished distance field build in 0.0s - 8x8x8 distance field, 160 triangles, Range [-0.0, 0.5], grass_03_Brush_01
[2021.01.14-19.31.53:435][  0]LogMeshUtilities: Finished distance field build in 0.0s - 8x8x8 distance field, 320 triangles, Range [-0.0, 0.4], grass_03_Brush_02
[2021.01.14-19.31.53:435][  0]LogMeshUtilities: Finished distance field build in 0.0s - 8x8x8 distance field, 640 triangles, Range [-0.0, 0.4], grass_03_Brush_03
[2021.01.14-19.31.53:440][  1]LogMeshUtilities: Finished distance field build in 0.0s - 8x8x8 distance field, 284 triangles, Range [-0.0, 0.5], grass_03_Brush_04
[2021.01.14-19.31.53:460][  1]LogMeshUtilities: Finished distance field build in 0.0s - 8x8x8 distance field, 796 triangles, Range [-0.0, 0.8], grass_03_Brush_05
[2021.01.14-19.31.53:472][  1]LogMeshUtilities: Finished distance field build in 0.0s - 8x8x8 distance field, 836 triangles, Range [-0.1, 0.8], grass_04_Brush_01
[2021.01.14-19.31.53:501][  1]LogMeshUtilities: Finished distance field build in 0.0s - 8x8x8 distance field, 1652 triangles, Range [-0.1, 0.7], grass_04_Brush_02
[2021.01.14-19.31.53:516][  1]LogMeshUtilities: Discarded distance field for grass_04_single_01 as mesh was not closed!  Assign a two-sided material to fix.
[2021.01.14-19.31.53:516][  1]LogMeshUtilities: Finished distance field build in 0.0s - 8x8x8 distance field, 128 triangles, Range [-0.3, 0.4], grass_04_single_01
[2021.01.14-19.31.53:596][  1]LogMeshUtilities: Discarded distance field for grass_04_single_02 as mesh was not closed!  Assign a two-sided material to fix.
[2021.01.14-19.31.53:596][  1]LogMeshUtilities: Finished distance field build in 0.0s - 8x8x8 distance field, 108 triangles, Range [-0.2, 0.4], grass_04_single_02
[2021.01.14-19.31.53:596][  1]LogMeshUtilities: Discarded distance field for grass_04_single_03 as mesh was not closed!  Assign a two-sided material to fix.
[2021.01.14-19.31.53:596][  1]LogMeshUtilities: Finished distance field build in 0.0s - 8x8x8 distance field, 128 triangles, Range [-0.3, 0.4], grass_04_single_03
[2021.01.14-19.31.53:596][  1]LogMeshUtilities: Finished distance field build in 0.0s - 8x8x8 distance field, 216 triangles, Range [-0.0, 0.4], grass_05_brush_01
[2021.01.14-19.31.53:596][  1]LogMeshUtilities: Finished distance field build in 0.0s - 8x8x8 distance field, 216 triangles, Range [-0.0, 0.4], grass_05_brush_02
[2021.01.14-19.31.53:596][  1]LogMeshUtilities: Finished distance field build in 0.0s - 8x8x8 distance field, 324 triangles, Range [-0.0, 0.4], grass_05_brush_03
[2021.01.14-19.31.53:642][  2]LogMeshUtilities: Finished distance field build in 0.0s - 8x8x8 distance field, 432 triangles, Range [-0.0, 0.9], grass_05_brush_04
[2021.01.14-19.31.53:642][  2]LogMeshUtilities: Finished distance field build in 0.0s - 8x8x8 distance field, 720 triangles, Range [-0.0, 0.8], grass_05_brush_05
[2021.01.14-19.31.53:842][  8]LogMeshUtilities: Finished distance field build in 0.2s - 15x17x28 distance field, 5098 triangles, Range [-0.0, 1.0], tree3d3_001
[2021.01.14-19.31.53:999][ 20]LogMeshUtilities: Finished distance field build in 0.2s - 15x14x27 distance field, 5102 triangles, Range [-0.0, 1.0], tree3d3_002
[2021.01.14-19.31.54:340][ 56]LogSlate: Took 0.000145 seconds to synchronously load lazily loaded font '../../../Engine/Content/Slate/Fonts/Roboto-Light.ttf' (167K)
[2021.01.14-19.31.55:097][ 92]LogMeshUtilities: Finished distance field build in 1.1s - 34x32x40 distance field, 5349 triangles, Range [-0.1, 1.0], tree3d3_003
[2021.01.14-19.31.56:134][145]LogMeshUtilities: Finished distance field build in 1.0s - 31x28x40 distance field, 5349 triangles, Range [-0.1, 1.0], tree3d3_004
[2021.01.14-19.31.56:279][155]LogMeshUtilities: Finished distance field build in 0.1s - 14x13x26 distance field, 5098 triangles, Range [0.0, 1.0], tree3d3_005
[2021.01.14-19.31.57:138][201]LogMeshUtilities: Finished distance field build in 0.9s - 28x28x38 distance field, 448 triangles, Range [-0.5, 0.6], EditorCylinder
[2021.01.14-19.31.57:401][216]LogMeshUtilities: Finished distance field build in 0.3s - 8x38x38 distance field, 32 triangles, Range [-0.1, 1.0], EditorPlane
[2021.01.14-19.32.00:725][382]LogMeshUtilities: Finished distance field build in 3.3s - 48x48x48 distance field, 3968 triangles, Range [-0.6, 1.0], EditorSphere
[2021.01.14-19.32.02:470][475]LogMeshUtilities: Finished distance field build in 1.7s - 38x38x38 distance field, 12 triangles, Range [-0.6, 0.6], EditorCube
[2021.01.14-19.32.02:503][476]LogMeshUtilities: Finished distance field build in 0.0s - 8x14x8 distance field, 6252 triangles, Range [-0.1, 0.6], SM_CineCam
[2021.01.14-19.32.04:903][630]LogShaderCompilers: Display: Worker (4/5): shaders left to compile 456
[2021.01.14-19.32.06:346][744]LogShaderCompilers: Display: Worker (3/5): shaders left to compile 446
[2021.01.14-19.32.06:543][762]LogShaderCompilers: Display: Worker (2/5): shaders left to compile 436
[2021.01.14-19.32.06:570][764]LogShaderCompilers: Display: Worker (1/5): shaders left to compile 426
[2021.01.14-19.32.10:111][ 50]LogShaderCompilers: Display: Worker (4/5): shaders left to compile 416
[2021.01.14-19.32.12:262][229]LogShaderCompilers: Display: Worker (3/5): shaders left to compile 406
[2021.01.14-19.32.12:724][268]LogShaderCompilers: Display: Worker (2/5): shaders left to compile 396
[2021.01.14-19.32.12:783][274]LogShaderCompilers: Display: Worker (1/5): shaders left to compile 386
[2021.01.14-19.32.15:515][510]LogShaderCompilers: Display: Worker (4/5): shaders left to compile 376
[2021.01.14-19.32.16:667][606]LogShaderCompilers: Display: Worker (3/5): shaders left to compile 366
[2021.01.14-19.32.16:881][626]LogShaderCompilers: Display: Worker (2/5): shaders left to compile 356
[2021.01.14-19.32.17:270][662]LogShaderCompilers: Display: Worker (1/5): shaders left to compile 346
[2021.01.14-19.32.21:659][  6]LogShaderCompilers: Display: Worker (2/5): shaders left to compile 336
[2021.01.14-19.32.22:388][ 53]LogShaderCompilers: Display: Worker (4/5): shaders left to compile 326
[2021.01.14-19.32.22:734][ 80]LogShaderCompilers: Display: Worker (3/5): shaders left to compile 316
[2021.01.14-19.32.23:633][151]LogShaderCompilers: Display: Worker (1/5): shaders left to compile 306
[2021.01.14-19.32.27:270][440]LogShaderCompilers: Display: Worker (1/5): shaders left to compile 296
[2021.01.14-19.32.27:748][478]LogShaderCompilers: Display: Worker (3/5): shaders left to compile 286
[2021.01.14-19.32.27:772][480]LogShaderCompilers: Display: Worker (2/5): shaders left to compile 276
[2021.01.14-19.32.28:994][577]LogShaderCompilers: Display: Worker (4/5): shaders left to compile 266
[2021.01.14-19.32.31:888][792]LogShaderCompilers: Display: Worker (3/5): shaders left to compile 256
[2021.01.14-19.32.31:900][793]LogShaderCompilers: Display: Worker (2/5): shaders left to compile 246
[2021.01.14-19.32.32:188][816]LogShaderCompilers: Display: Worker (1/5): shaders left to compile 236
[2021.01.14-19.32.33:509][920]LogShaderCompilers: Display: Worker (4/5): shaders left to compile 226
[2021.01.14-19.32.36:390][143]LogShaderCompilers: Display: Worker (2/5): shaders left to compile 216
[2021.01.14-19.32.36:812][177]LogShaderCompilers: Display: Worker (1/5): shaders left to compile 206
[2021.01.14-19.32.37:211][209]LogShaderCompilers: Display: Worker (4/5): shaders left to compile 196
[2021.01.14-19.32.37:600][240]LogShaderCompilers: Display: Worker (3/5): shaders left to compile 186
[2021.01.14-19.32.37:646][241]LogStaticMesh: Allocated 401x64x64 distance field atlas = 3.1Mb, with 47 objects containing 2.3Mb backing data
[2021.01.14-19.32.40:695][475]LogShaderCompilers: Display: Worker (4/5): shaders left to compile 176
[2021.01.14-19.32.40:897][490]LogShaderCompilers: Display: Worker (1/5): shaders left to compile 166
[2021.01.14-19.32.40:979][494]LogShaderCompilers: Display: Worker (2/5): shaders left to compile 156
[2021.01.14-19.32.41:613][521]LogShaderCompilers: Display: Worker (3/5): shaders left to compile 146
[2021.01.14-19.32.43:717][689]LogShaderCompilers: Display: Worker (4/5): shaders left to compile 136
[2021.01.14-19.32.44:536][752]LogShaderCompilers: Display: Worker (2/5): shaders left to compile 126
[2021.01.14-19.32.45:254][803]LogShaderCompilers: Display: Worker (3/5): shaders left to compile 116
[2021.01.14-19.32.45:462][820]LogShaderCompilers: Display: Worker (1/5): shaders left to compile 106
[2021.01.14-19.32.47:064][946]LogShaderCompilers: Display: Worker (4/5): shaders left to compile 96
[2021.01.14-19.32.48:576][ 63]LogShaderCompilers: Display: Worker (2/5): shaders left to compile 86
[2021.01.14-19.32.48:628][ 67]LogShaderCompilers: Display: Worker (1/5): shaders left to compile 76
[2021.01.14-19.32.48:862][ 85]LogShaderCompilers: Display: Worker (3/5): shaders left to compile 66
[2021.01.14-19.32.50:977][242]LogShaderCompilers: Display: Worker (4/5): shaders left to compile 56
[2021.01.14-19.32.51:666][293]LogShaderCompilers: Display: Worker (2/5): shaders left to compile 46
[2021.01.14-19.32.52:402][341]LogShaderCompilers: Display: Worker (3/5): shaders left to compile 36
[2021.01.14-19.32.52:999][370]LogShaderCompilers: Display: Worker (1/5): shaders left to compile 26
[2021.01.14-19.32.54:477][440]LogShaderCompilers: Display: Worker (4/5): shaders left to compile 19
[2021.01.14-19.32.54:782][454]LogShaderCompilers: Display: Worker (2/5): shaders left to compile 14
[2021.01.14-19.32.55:268][477]LogShaderCompilers: Display: Worker (1/5): shaders left to compile 10
[2021.01.14-19.32.55:963][513]LogShaderCompilers: Display: Worker (2/5): shaders left to compile 7
[2021.01.14-19.32.56:017][516]LogShaderCompilers: Display: Worker (4/5): shaders left to compile 5
[2021.01.14-19.32.56:059][518]LogShaderCompilers: Display: Worker (3/5): shaders left to compile 3
[2021.01.14-19.32.56:251][529]LogShaderCompilers: Display: Worker (1/5): shaders left to compile 2
[2021.01.14-19.32.56:303][532]LogShaderCompilers: Display: Worker (3/5): shaders left to compile 1
[2021.01.14-19.35.52:734][532]LogFactory: FactoryCreateFile: SoundWave with ReimportSoundFactory (0 0 C:\Users\skaffenb\Desktop\Audio\Ambiance\Bird Chirps/deleted-user-7146007__birds-chirping-on-a-spring-day.wav)
[2021.01.14-19.35.52:794][532]LogAudioDerivedData: Display: Building compressed audio format OGG hash OGG10000-1-1-1-1-1 wave deleted-user-7146007__birds-chirping-on-a-spring-day...
[2021.01.14-19.35.52:798][532]LogAudioDerivedData: Display: Compression Quality for SoundWave /Game/Sound/Ambiance/Bird_Chirps/deleted-user-7146007__birds-chirping-on-a-spring-day.deleted-user-7146007__birds-chirping-on-a-spring-day will be modified from 40 to 40.
[2021.01.14-19.35.54:321][532]LogAudioDerivedData: Display: Updated SoundWave->RawPCMDataSize from 0 to 21315000 while cooking SoundWave /Game/Sound/Ambiance/Bird_Chirps/deleted-user-7146007__birds-chirping-on-a-spring-day.deleted-user-7146007__birds-chirping-on-a-spring-day.
[2021.01.14-19.35.54:519][532]LogFactory: FactoryCreateFile: SoundWave with ReimportSoundFactory (0 0 C:\Users\skaffenb\Desktop\Audio\Ambiance\Bird Chirps/InspectorJ-BirdWhistling.wav)
[2021.01.14-19.35.54:620][532]LogAudioDerivedData: Display: Building compressed audio format OGG hash OGG10000-1-1-1-1-1 wave InspectorJ-BirdWhistling...
[2021.01.14-19.35.54:620][532]LogAudioDerivedData: Display: Compression Quality for SoundWave /Game/Sound/Ambiance/Bird_Chirps/InspectorJ-BirdWhistling.InspectorJ-BirdWhistling will be modified from 40 to 40.
[2021.01.14-19.35.54:684][532]LogAudioDerivedData: Display: Updated SoundWave->RawPCMDataSize from 0 to 930820 while cooking SoundWave /Game/Sound/Ambiance/Bird_Chirps/InspectorJ-BirdWhistling.InspectorJ-BirdWhistling.
[2021.01.14-19.35.54:756][532]LogFactory: FactoryCreateFile: SoundWave with ReimportSoundFactory (0 0 C:\Users\skaffenb\Desktop\Audio\Ambiance\Bird Chirps/Inspectorj-BirdWhistling2.wav)
[2021.01.14-19.35.54:773][532]LogAudioDerivedData: Display: Building compressed audio format OGG hash OGG10000-1-1-1-1-1 wave Inspectorj-BirdWhistling2...
[2021.01.14-19.35.54:773][532]LogAudioDerivedData: Display: Compression Quality for SoundWave /Game/Sound/Ambiance/Bird_Chirps/Inspectorj-BirdWhistling2.Inspectorj-BirdWhistling2 will be modified from 40 to 40.
[2021.01.14-19.35.54:813][532]LogAudioDerivedData: Display: Updated SoundWave->RawPCMDataSize from 0 to 476036 while cooking SoundWave /Game/Sound/Ambiance/Bird_Chirps/Inspectorj-BirdWhistling2.Inspectorj-BirdWhistling2.
[2021.01.14-19.35.54:938][532]LogFactory: FactoryCreateFile: SoundWave with ReimportSoundFactory (0 0 C:\Users\skaffenb\Desktop\Audio\Ambiance\Bird Chirps/inspectorj-birdwhistlingLong.wav)
[2021.01.14-19.35.54:951][532]LogAudioDerivedData: Display: Building compressed audio format OGG hash OGG10000-1-1-1-1-1 wave inspectorj-birdwhistlingLong...
[2021.01.14-19.35.54:952][532]LogAudioDerivedData: Display: Compression Quality for SoundWave /Game/Sound/Ambiance/Bird_Chirps/inspectorj-birdwhistlingLong.inspectorj-birdwhistlingLong will be modified from 40 to 40.
[2021.01.14-19.35.55:285][532]LogAudioDerivedData: Display: Updated SoundWave->RawPCMDataSize from 0 to 4243624 while cooking SoundWave /Game/Sound/Ambiance/Bird_Chirps/inspectorj-birdwhistlingLong.inspectorj-birdwhistlingLong.
[2021.01.14-19.35.55:829][532]LogFactory: FactoryCreateFile: SoundWave with ReimportSoundFactory (0 0 C:\Users\skaffenb\Desktop\Audio\Ambiance\Bird Chirps/keweldog_birdchirps.wav)
[2021.01.14-19.35.55:839][532]LogAudioDerivedData: Display: Building compressed audio format OGG hash OGG10000-1-1-1-1-1 wave keweldog_birdchirps...
[2021.01.14-19.35.55:840][532]LogAudioDerivedData: Display: Compression Quality for SoundWave /Game/Sound/Ambiance/Bird_Chirps/keweldog_birdchirps.keweldog_birdchirps will be modified from 40 to 40.
[2021.01.14-19.35.56:026][532]LogAudioDerivedData: Display: Updated SoundWave->RawPCMDataSize from 0 to 2870384 while cooking SoundWave /Game/Sound/Ambiance/Bird_Chirps/keweldog_birdchirps.keweldog_birdchirps.
[2021.01.14-19.35.56:495][532]LogFactory: FactoryCreateFile: SoundWave with ReimportSoundFactory (0 0 C:\Users\skaffenb\Desktop\Audio\Ambiance\Bird Chirps/klankbeeld__forest_birds.wav)
[2021.01.14-19.35.56:880][532]LogAudioDerivedData: Display: Building compressed audio format OGG hash OGG10000-1-1-1-1-1 wave klankbeeld__forest_birds...
[2021.01.14-19.35.56:882][532]LogAudioDerivedData: Display: Compression Quality for SoundWave /Game/Sound/Ambiance/Bird_Chirps/klankbeeld__forest_birds.klankbeeld__forest_birds will be modified from 40 to 40.
[2021.01.14-19.35.57:702][532]LogAudioDerivedData: Display: Updated SoundWave->RawPCMDataSize from 0 to 10546276 while cooking SoundWave /Game/Sound/Ambiance/Bird_Chirps/klankbeeld__forest_birds.klankbeeld__forest_birds.
[2021.01.14-19.36.02:093][894]LogAssetEditorSubsystem: Opening Asset editor for Material /Game/Water.Water
[2021.01.14-19.36.02:095][894]LogMaterial: Display: Missing cached shader map for material Water, compiling. 
[2021.01.14-19.36.02:441][894]LogMeshUtilities: Finished distance field build in 0.1s - 15x15x15 distance field, 960 triangles, Range [-0.2, 1.0], Sphere_inversenormals
[2021.01.14-19.36.02:568][894]LogMaterial: Display: Missing cached shader map for material Water, compiling. 
[2021.01.14-19.36.02:582][894]LogMaterial: Display: Missing cached shader map for material Water, compiling. 
[2021.01.14-19.36.02:597][894]LogShaderCompilers: Display: Worker (1/5): shaders left to compile 24
[2021.01.14-19.36.02:597][894]LogShaderCompilers: Display: Worker (2/5): shaders left to compile 23
[2021.01.14-19.36.02:597][894]LogShaderCompilers: Display: Worker (3/5): shaders left to compile 22
[2021.01.14-19.36.02:597][894]LogShaderCompilers: Display: Worker (4/5): shaders left to compile 21
[2021.01.14-19.36.02:597][894]LogMaterial: Display: Missing cached shader map for material FMatExpressionPreview MaterialExpressionNoise_1, compiling. 
[2021.01.14-19.36.02:604][894]LogMaterial: Display: Missing cached shader map for material FMatExpressionPreview MaterialExpressionClamp_0, compiling. 
[2021.01.14-19.36.02:608][894]LogMaterial: Display: Missing cached shader map for material FMatExpressionPreview MaterialExpressionConstant3Vector_4, compiling. 
[2021.01.14-19.36.02:612][894]LogMaterial: Display: Missing cached shader map for material FMatExpressionPreview MaterialExpressionAdd_4, compiling. 
[2021.01.14-19.36.02:616][894]LogMaterial: Display: Missing cached shader map for material FMatExpressionPreview MaterialExpressionClamp_1, compiling. 
[2021.01.14-19.36.02:688][894]LogSlate: Took 0.000134 seconds to synchronously load lazily loaded font '../../../Engine/Content/Slate/Fonts/Roboto-BoldCondensed.ttf' (158K)
[2021.01.14-19.36.05:947][152]LogMeshUtilities: Finished distance field build in 3.5s - 64x64x30 distance field, 10 triangles, Range [-0.1, 0.5], Floor_Mesh
[2021.01.14-19.36.05:997][154]LogStaticMesh: Allocated 426x64x64 distance field atlas = 3.3Mb, with 49 objects containing 2.5Mb backing data
[2021.01.14-19.36.06:252][174]LogShaderCompilers: Display: Worker (2/5): shaders left to compile 40
[2021.01.14-19.36.06:325][181]LogShaderCompilers: Display: Worker (1/5): shaders left to compile 39
[2021.01.14-19.36.06:378][186]LogShaderCompilers: Display: Worker (4/5): shaders left to compile 38
[2021.01.14-19.36.06:535][200]LogShaderCompilers: Display: Worker (1/5): shaders left to compile 37
[2021.01.14-19.36.06:640][209]LogShaderCompilers: Display: Worker (2/5): shaders left to compile 36
[2021.01.14-19.36.06:810][224]LogShaderCompilers: Display: Worker (4/5): shaders left to compile 35
[2021.01.14-19.36.06:820][225]LogShaderCompilers: Display: Worker (3/5): shaders left to compile 34
[2021.01.14-19.36.06:830][226]LogShaderCompilers: Display: Worker (2/5): shaders left to compile 33
[2021.01.14-19.36.07:247][262]LogShaderCompilers: Display: Worker (1/5): shaders left to compile 32
[2021.01.14-19.36.07:357][272]LogShaderCompilers: Display: Worker (4/5): shaders left to compile 31
[2021.01.14-19.36.07:665][298]LogShaderCompilers: Display: Worker (2/5): shaders left to compile 30
[2021.01.14-19.36.07:727][303]LogShaderCompilers: Display: Worker (3/5): shaders left to compile 29
[2021.01.14-19.36.07:898][319]LogShaderCompilers: Display: Worker (4/5): shaders left to compile 28
[2021.01.14-19.36.07:956][324]LogShaderCompilers: Display: Worker (3/5): shaders left to compile 27
[2021.01.14-19.36.08:134][340]LogShaderCompilers: Display: Worker (1/5): shaders left to compile 26
[2021.01.14-19.36.08:290][354]LogShaderCompilers: Display: Worker (4/5): shaders left to compile 25
[2021.01.14-19.36.08:416][368]LogSlate: Window 'Water' being destroyed
[2021.01.14-19.36.08:421][368]LogSlate: Window 'Water' being destroyed
[2021.01.14-19.36.08:491][368]LogShaderCompilers: Display: Worker (1/5): shaders left to compile 4
[2021.01.14-19.36.08:492][368]LogWorld: UWorld::CleanupWorld for World_3, bSessionEnded=true, bCleanupResources=true
[2021.01.14-19.36.08:492][368]LogSlate: InvalidateAllWidgets triggered.  All widgets were invalidated
[2021.01.14-19.36.08:493][368]LogShaderCompilers: Display: Worker (2/5): shaders left to compile 3
[2021.01.14-19.36.08:675][384]LogShaderCompilers: Display: Worker (3/5): shaders left to compile 2
[2021.01.14-19.36.08:802][396]LogShaderCompilers: Display: Worker (4/5): shaders left to compile 1
